[ 2016-04-28T01:40:58+08:00 ] 218.63.188.194 //console/j_security_check
INFO: [ app_init ] --START--
INFO: Run Behavior\BuildLiteBehavior [ RunTime:0.000009s ]
INFO: [ app_init ] --END-- [ RunTime:0.000256s ]
ERR: 无法加载模块:Console

[ 2016-04-28T01:45:42+08:00 ] 172.82.166.210 /cache/global/img/gs.gif
INFO: [ app_init ] --START--
INFO: Run Behavior\BuildLiteBehavior [ RunTime:0.000011s ]
INFO: [ app_init ] --END-- [ RunTime:0.000253s ]
ERR: 无法加载模块:Cache

[ 2016-04-28T05:07:34+08:00 ] 124.243.223.83 /jquerynotes
INFO: [ app_init ] --START--
INFO: Run Behavior\BuildLiteBehavior [ RunTime:0.000011s ]
INFO: [ app_init ] --END-- [ RunTime:0.000287s ]
ERR: 无法加载模块:Jquerynotes

[ 2016-04-28T07:07:54+08:00 ] 124.243.223.2 /jquerynotes?visitDstTime=1461669885333&noe=1
INFO: [ app_init ] --START--
INFO: Run Behavior\BuildLiteBehavior [ RunTime:0.000011s ]
INFO: [ app_init ] --END-- [ RunTime:0.000269s ]
ERR: 无法加载模块:Jquerynotes

[ 2016-04-28T07:18:52+08:00 ] 112.74.86.98 /manager/html
INFO: [ app_init ] --START--
INFO: Run Behavior\BuildLiteBehavior [ RunTime:0.000011s ]
INFO: [ app_init ] --END-- [ RunTime:0.000259s ]
ERR: 无法加载模块:Manager

[ 2016-04-28T08:16:49+08:00 ] 213.246.45.128 /cache/global/img/gs.gif
INFO: [ app_init ] --START--
INFO: Run Behavior\BuildLiteBehavior [ RunTime:0.000011s ]
INFO: [ app_init ] --END-- [ RunTime:0.000282s ]
ERR: 无法加载模块:Cache

[ 2016-04-28T12:25:11+08:00 ] 119.167.227.55 /manager/html
INFO: [ app_init ] --START--
INFO: Run Behavior\BuildLiteBehavior [ RunTime:0.000011s ]
INFO: [ app_init ] --END-- [ RunTime:0.000299s ]
ERR: 无法加载模块:Manager

[ 2016-04-28T12:38:27+08:00 ] 218.63.188.194 //console/j_security_check
INFO: [ app_init ] --START--
INFO: Run Behavior\BuildLiteBehavior [ RunTime:0.000010s ]
INFO: [ app_init ] --END-- [ RunTime:0.000251s ]
ERR: 无法加载模块:Console

[ 2016-04-28T14:48:36+08:00 ] 222.88.236.168 /favicon.ico
INFO: [ app_init ] --START--
INFO: Run Behavior\BuildLiteBehavior [ RunTime:0.000011s ]
INFO: [ app_init ] --END-- [ RunTime:0.000260s ]
ERR: 无法加载模块:Favicon

[ 2016-04-28T16:25:43+08:00 ] 197.89.10.28 /manager/html
INFO: [ app_init ] --START--
INFO: Run Behavior\BuildLiteBehavior [ RunTime:0.000011s ]
INFO: [ app_init ] --END-- [ RunTime:0.000296s ]
ERR: 无法加载模块:Manager

[ 2016-04-28T18:17:33+08:00 ] 106.185.47.161 /cache/global/img/gs.gif
INFO: [ app_init ] --START--
INFO: Run Behavior\BuildLiteBehavior [ RunTime:0.000011s ]
INFO: [ app_init ] --END-- [ RunTime:0.000284s ]
ERR: 无法加载模块:Cache

[ 2016-04-28T18:18:06+08:00 ] 104.148.116.50 /console/login/LoginForm.jsp
INFO: [ app_init ] --START--
INFO: Run Behavior\BuildLiteBehavior [ RunTime:0.000012s ]
INFO: [ app_init ] --END-- [ RunTime:0.000249s ]
ERR: 无法加载模块:Console

[ 2016-04-28T21:25:38+08:00 ] 172.82.166.210 /cache/global/img/gs.gif
ERR: 无法加载模块:Cache

[ 2016-04-28T21:54:49+08:00 ] 222.88.236.168 /Public/Home/css/images/ui-bg_highlight-soft_100_eeeeee_1x100.png
ERR: 无法加载模块:Public

[ 2016-04-28T21:54:49+08:00 ] 120.194.101.86 /Public/Home/css/images/ui-icons_222222_256x240.png
ERR: 无法加载模块:Public

