[ 2016-05-14T17:15:35+08:00 ] ::1 /SIRzhouHome/index.php/admin
INFO: [ app_init ] --START--
INFO: Run Behavior\BuildLiteBehavior [ RunTime:0.000022s ]
INFO: [ app_init ] --END-- [ RunTime:0.000444s ]
INFO: [ app_begin ] --START--
INFO: Run Behavior\ReadHtmlCacheBehavior [ RunTime:0.000520s ]
INFO: [ app_begin ] --END-- [ RunTime:0.000631s ]
INFO: [ view_parse ] --START--
NOTIC: [2] file_get_contents(./Blog/Admin/View/Public/homefooter.html): failed to open stream: No such file or directory D:\WWW\SIRzhouHome\ThinkPHP\Library\Think\Template.class.php 第 696 行.
INFO: [ template_filter ] --START--
INFO: Run Behavior\ContentReplaceBehavior [ RunTime:0.000091s ]
INFO: [ template_filter ] --END-- [ RunTime:0.000200s ]
INFO: Run Behavior\ParseTemplateBehavior [ RunTime:0.015729s ]
INFO: [ view_parse ] --END-- [ RunTime:0.015834s ]
INFO: [ view_filter ] --START--
INFO: Run Behavior\WriteHtmlCacheBehavior [ RunTime:0.000399s ]
INFO: [ view_filter ] --END-- [ RunTime:0.000495s ]
INFO: [ app_end ] --START--
INFO: Run Behavior\ShowPageTraceBehavior [ RunTime:0.000729s ]
INFO: [ app_end ] --END-- [ RunTime:0.000853s ]

[ 2016-05-14T17:26:52+08:00 ] ::1 /SIRzhouHome/index.php/admin
INFO: [ app_init ] --START--
INFO: Run Behavior\BuildLiteBehavior [ RunTime:0.000021s ]
INFO: [ app_init ] --END-- [ RunTime:0.000326s ]
INFO: [ app_begin ] --START--
INFO: Run Behavior\ReadHtmlCacheBehavior [ RunTime:0.000311s ]
INFO: [ app_begin ] --END-- [ RunTime:0.000407s ]
INFO: [ view_parse ] --START--
NOTIC: [2] file_get_contents(./Blog/Admin/View/Public/homefooter.html): failed to open stream: No such file or directory D:\WWW\SIRzhouHome\ThinkPHP\Library\Think\Template.class.php 第 696 行.
INFO: [ template_filter ] --START--
INFO: Run Behavior\ContentReplaceBehavior [ RunTime:0.000090s ]
INFO: [ template_filter ] --END-- [ RunTime:0.000196s ]
INFO: Run Behavior\ParseTemplateBehavior [ RunTime:0.007583s ]
INFO: [ view_parse ] --END-- [ RunTime:0.007687s ]
INFO: [ view_filter ] --START--
INFO: Run Behavior\WriteHtmlCacheBehavior [ RunTime:0.000211s ]
INFO: [ view_filter ] --END-- [ RunTime:0.000298s ]
INFO: [ app_end ] --START--
INFO: Run Behavior\ShowPageTraceBehavior [ RunTime:0.000399s ]
INFO: [ app_end ] --END-- [ RunTime:0.000495s ]

[ 2016-05-14T17:26:55+08:00 ] ::1 /SIRzhouHome/index.php/Admin/Article/index
INFO: [ app_init ] --START--
INFO: Run Behavior\BuildLiteBehavior [ RunTime:0.000021s ]
INFO: [ app_init ] --END-- [ RunTime:0.000313s ]
INFO: [ app_begin ] --START--
INFO: Run Behavior\ReadHtmlCacheBehavior [ RunTime:0.000344s ]
INFO: [ app_begin ] --END-- [ RunTime:0.000439s ]
SQL: SHOW COLUMNS FROM `blog_article` [ RunTime:0.0100s ]
SQL: SELECT COUNT(*) AS tp_count FROM `blog_article` WHERE ( status = 0 ) LIMIT 1   [ RunTime:0.0007s ]
SQL: SELECT * FROM `blog_article` WHERE ( status = 0 ) ORDER BY id desc LIMIT 0,10   [ RunTime:0.0009s ]
INFO: [ view_parse ] --START--
NOTIC: [2] file_get_contents(./Blog/Admin/View/Public/homefooter.html): failed to open stream: No such file or directory D:\WWW\SIRzhouHome\ThinkPHP\Library\Think\Template.class.php 第 696 行.
INFO: [ template_filter ] --START--
INFO: Run Behavior\ContentReplaceBehavior [ RunTime:0.000226s ]
INFO: [ template_filter ] --END-- [ RunTime:0.000600s ]
INFO: Run Behavior\ParseTemplateBehavior [ RunTime:0.044812s ]
INFO: [ view_parse ] --END-- [ RunTime:0.045109s ]
INFO: [ view_filter ] --START--
INFO: Run Behavior\WriteHtmlCacheBehavior [ RunTime:0.000224s ]
INFO: [ view_filter ] --END-- [ RunTime:0.000324s ]
INFO: [ app_end ] --START--
INFO: Run Behavior\ShowPageTraceBehavior [ RunTime:0.000589s ]
INFO: [ app_end ] --END-- [ RunTime:0.000797s ]

[ 2016-05-14T17:26:58+08:00 ] ::1 /SIRzhouHome/index.php/Admin/Article/index
INFO: [ app_init ] --START--
INFO: Run Behavior\BuildLiteBehavior [ RunTime:0.000066s ]
INFO: [ app_init ] --END-- [ RunTime:0.000560s ]
INFO: [ app_begin ] --START--
INFO: Run Behavior\ReadHtmlCacheBehavior [ RunTime:0.000400s ]
INFO: [ app_begin ] --END-- [ RunTime:0.000519s ]
SQL: SHOW COLUMNS FROM `blog_article` [ RunTime:0.0139s ]
SQL: SELECT COUNT(*) AS tp_count FROM `blog_article` WHERE ( status = 0 ) LIMIT 1   [ RunTime:0.0014s ]
SQL: SELECT * FROM `blog_article` WHERE ( status = 0 ) ORDER BY id desc LIMIT 0,10   [ RunTime:0.0011s ]
INFO: [ view_parse ] --START--
NOTIC: [2] file_get_contents(./Blog/Admin/View/Public/homefooter.html): failed to open stream: No such file or directory D:\WWW\SIRzhouHome\ThinkPHP\Library\Think\Template.class.php 第 696 行.
INFO: [ template_filter ] --START--
INFO: Run Behavior\ContentReplaceBehavior [ RunTime:0.000155s ]
INFO: [ template_filter ] --END-- [ RunTime:0.000329s ]
INFO: Run Behavior\ParseTemplateBehavior [ RunTime:0.020329s ]
INFO: [ view_parse ] --END-- [ RunTime:0.020676s ]
INFO: [ view_filter ] --START--
INFO: Run Behavior\WriteHtmlCacheBehavior [ RunTime:0.000384s ]
INFO: [ view_filter ] --END-- [ RunTime:0.000558s ]
INFO: [ app_end ] --START--
INFO: Run Behavior\ShowPageTraceBehavior [ RunTime:0.000791s ]
INFO: [ app_end ] --END-- [ RunTime:0.001110s ]

[ 2016-05-14T17:27:00+08:00 ] ::1 /SIRzhouHome/index.php/Admin/Article/add
INFO: [ app_init ] --START--
INFO: Run Behavior\BuildLiteBehavior [ RunTime:0.000080s ]
INFO: [ app_init ] --END-- [ RunTime:0.001253s ]
INFO: [ app_begin ] --START--
INFO: Run Behavior\ReadHtmlCacheBehavior [ RunTime:0.001380s ]
INFO: [ app_begin ] --END-- [ RunTime:0.001768s ]
SQL: SHOW COLUMNS FROM `blog_fenlei` [ RunTime:0.0053s ]
SQL: SELECT `id`,`name`,`pid`,`path`,concat(path,'-',id) as bpath FROM `blog_fenlei` GROUP BY bpath  [ RunTime:0.0008s ]
INFO: [ view_parse ] --START--
NOTIC: [2] file_get_contents(./Blog/Admin/View/Public/homefooter.html): failed to open stream: No such file or directory D:\WWW\SIRzhouHome\ThinkPHP\Library\Think\Template.class.php 第 696 行.
INFO: [ template_filter ] --START--
INFO: Run Behavior\ContentReplaceBehavior [ RunTime:0.000231s ]
INFO: [ template_filter ] --END-- [ RunTime:0.000503s ]
INFO: Run Behavior\ParseTemplateBehavior [ RunTime:0.045112s ]
INFO: [ view_parse ] --END-- [ RunTime:0.045318s ]
INFO: [ view_filter ] --START--
INFO: Run Behavior\WriteHtmlCacheBehavior [ RunTime:0.000311s ]
INFO: [ view_filter ] --END-- [ RunTime:0.000453s ]
INFO: [ app_end ] --START--
INFO: Run Behavior\ShowPageTraceBehavior [ RunTime:0.000617s ]
INFO: [ app_end ] --END-- [ RunTime:0.000842s ]

[ 2016-05-14T17:27:25+08:00 ] ::1 /SIRzhouHome/index.php/Admin/Article/doadd
INFO: [ app_init ] --START--
INFO: Run Behavior\BuildLiteBehavior [ RunTime:0.000024s ]
INFO: [ app_init ] --END-- [ RunTime:0.000373s ]
INFO: [ app_begin ] --START--
INFO: Run Behavior\ReadHtmlCacheBehavior [ RunTime:0.000365s ]
INFO: [ app_begin ] --END-- [ RunTime:0.000487s ]
SQL: SHOW COLUMNS FROM `blog_article` [ RunTime:0.0077s ]
NOTIC: [8] Undefined index: validate D:\WWW\SIRzhouHome\ThinkPHP\Library\Think\Model.class.php 第 1185 行.
NOTIC: [8] Undefined index: auto D:\WWW\SIRzhouHome\ThinkPHP\Library\Think\Model.class.php 第 1128 行.
NOTIC: [2] call_user_func() expects parameter 1 to be a valid callback, no array or string given D:\WWW\SIRzhouHome\ThinkPHP\Library\Think\Upload.class.php 第 170 行.
SQL: INSERT INTO `blog_article` (`pid`,`title`,`content`,`uid`,`ctime`,`edittime`,`view`,`status`,`pic`) VALUES ('12','让他个人','<p>I一直与你同在</p>','1','1463218045','1463218045','1','0','2016-05-14/5736ef7db51ac.jpg') [ RunTime:0.0008s ]
INFO: [ view_parse ] --START--
INFO: [ template_filter ] --START--
INFO: Run Behavior\ContentReplaceBehavior [ RunTime:0.000150s ]
INFO: [ template_filter ] --END-- [ RunTime:0.000429s ]
INFO: Run Behavior\ParseTemplateBehavior [ RunTime:0.019281s ]
INFO: [ view_parse ] --END-- [ RunTime:0.019589s ]
INFO: [ view_filter ] --START--
INFO: Run Behavior\WriteHtmlCacheBehavior [ RunTime:0.000827s ]
INFO: [ view_filter ] --END-- [ RunTime:0.001083s ]
INFO: [ app_end ] --START--
INFO: Run Behavior\ShowPageTraceBehavior [ RunTime:0.001260s ]
INFO: [ app_end ] --END-- [ RunTime:0.001524s ]

[ 2016-05-14T17:27:27+08:00 ] ::1 /SIRzhouHome/index.php/Admin/Article/add
INFO: [ app_init ] --START--
INFO: Run Behavior\BuildLiteBehavior [ RunTime:0.000047s ]
INFO: [ app_init ] --END-- [ RunTime:0.000806s ]
INFO: [ app_begin ] --START--
INFO: Run Behavior\ReadHtmlCacheBehavior [ RunTime:0.001592s ]
INFO: [ app_begin ] --END-- [ RunTime:0.001965s ]
SQL: SHOW COLUMNS FROM `blog_fenlei` [ RunTime:0.0467s ]
SQL: SELECT `id`,`name`,`pid`,`path`,concat(path,'-',id) as bpath FROM `blog_fenlei` GROUP BY bpath  [ RunTime:0.0015s ]
INFO: [ view_parse ] --START--
NOTIC: [2] file_get_contents(./Blog/Admin/View/Public/homefooter.html): failed to open stream: No such file or directory D:\WWW\SIRzhouHome\ThinkPHP\Library\Think\Template.class.php 第 696 行.
INFO: [ template_filter ] --START--
INFO: Run Behavior\ContentReplaceBehavior [ RunTime:0.000549s ]
INFO: [ template_filter ] --END-- [ RunTime:0.001053s ]
INFO: Run Behavior\ParseTemplateBehavior [ RunTime:0.036724s ]
INFO: [ view_parse ] --END-- [ RunTime:0.037019s ]
INFO: [ view_filter ] --START--
INFO: Run Behavior\WriteHtmlCacheBehavior [ RunTime:0.000692s ]
INFO: [ view_filter ] --END-- [ RunTime:0.000894s ]
INFO: [ app_end ] --START--
INFO: Run Behavior\ShowPageTraceBehavior [ RunTime:0.001071s ]
INFO: [ app_end ] --END-- [ RunTime:0.001367s ]

[ 2016-05-14T17:27:40+08:00 ] ::1 /SIRzhouHome/index.php/Admin/Article/doadd
INFO: [ app_init ] --START--
INFO: Run Behavior\BuildLiteBehavior [ RunTime:0.000026s ]
INFO: [ app_init ] --END-- [ RunTime:0.000424s ]
INFO: [ app_begin ] --START--
INFO: Run Behavior\ReadHtmlCacheBehavior [ RunTime:0.000492s ]
INFO: [ app_begin ] --END-- [ RunTime:0.000612s ]
SQL: SHOW COLUMNS FROM `blog_article` [ RunTime:0.0043s ]
NOTIC: [8] Undefined index: validate D:\WWW\SIRzhouHome\ThinkPHP\Library\Think\Model.class.php 第 1185 行.
NOTIC: [8] Undefined index: auto D:\WWW\SIRzhouHome\ThinkPHP\Library\Think\Model.class.php 第 1128 行.
NOTIC: [2] call_user_func() expects parameter 1 to be a valid callback, no array or string given D:\WWW\SIRzhouHome\ThinkPHP\Library\Think\Upload.class.php 第 170 行.
SQL: INSERT INTO `blog_article` (`pid`,`title`,`content`,`uid`,`ctime`,`edittime`,`view`,`status`,`pic`) VALUES ('12','说的话的时候','<p>I一直与你同在时代发生的话</p>','1','1463218060','1463218060','1','0','2016-05-14/5736ef8c86b2d.jpg') [ RunTime:0.0005s ]
INFO: [ view_parse ] --START--
INFO: [ template_filter ] --START--
INFO: Run Behavior\ContentReplaceBehavior [ RunTime:0.000094s ]
INFO: [ template_filter ] --END-- [ RunTime:0.000273s ]
INFO: Run Behavior\ParseTemplateBehavior [ RunTime:0.009581s ]
INFO: [ view_parse ] --END-- [ RunTime:0.009794s ]
INFO: [ view_filter ] --START--
INFO: Run Behavior\WriteHtmlCacheBehavior [ RunTime:0.000541s ]
INFO: [ view_filter ] --END-- [ RunTime:0.000707s ]
INFO: [ app_end ] --START--
INFO: Run Behavior\ShowPageTraceBehavior [ RunTime:0.000806s ]
INFO: [ app_end ] --END-- [ RunTime:0.000992s ]

[ 2016-05-14T17:27:42+08:00 ] ::1 /SIRzhouHome/index.php/Admin/Article/add
INFO: [ app_init ] --START--
INFO: Run Behavior\BuildLiteBehavior [ RunTime:0.000043s ]
INFO: [ app_init ] --END-- [ RunTime:0.000765s ]
INFO: [ app_begin ] --START--
INFO: Run Behavior\ReadHtmlCacheBehavior [ RunTime:0.000781s ]
INFO: [ app_begin ] --END-- [ RunTime:0.000954s ]
SQL: SHOW COLUMNS FROM `blog_fenlei` [ RunTime:0.0119s ]
SQL: SELECT `id`,`name`,`pid`,`path`,concat(path,'-',id) as bpath FROM `blog_fenlei` GROUP BY bpath  [ RunTime:0.0015s ]
INFO: [ view_parse ] --START--
NOTIC: [2] file_get_contents(./Blog/Admin/View/Public/homefooter.html): failed to open stream: No such file or directory D:\WWW\SIRzhouHome\ThinkPHP\Library\Think\Template.class.php 第 696 行.
INFO: [ template_filter ] --START--
INFO: Run Behavior\ContentReplaceBehavior [ RunTime:0.000149s ]
INFO: [ template_filter ] --END-- [ RunTime:0.000345s ]
INFO: Run Behavior\ParseTemplateBehavior [ RunTime:0.032860s ]
INFO: [ view_parse ] --END-- [ RunTime:0.033130s ]
INFO: [ view_filter ] --START--
INFO: Run Behavior\WriteHtmlCacheBehavior [ RunTime:0.000523s ]
INFO: [ view_filter ] --END-- [ RunTime:0.000692s ]
INFO: [ app_end ] --START--
INFO: Run Behavior\ShowPageTraceBehavior [ RunTime:0.001147s ]
INFO: [ app_end ] --END-- [ RunTime:0.001460s ]

[ 2016-05-14T17:27:55+08:00 ] ::1 /SIRzhouHome/index.php/Admin/Article/doadd
INFO: [ app_init ] --START--
INFO: Run Behavior\BuildLiteBehavior [ RunTime:0.000025s ]
INFO: [ app_init ] --END-- [ RunTime:0.000431s ]
INFO: [ app_begin ] --START--
INFO: Run Behavior\ReadHtmlCacheBehavior [ RunTime:0.000707s ]
INFO: [ app_begin ] --END-- [ RunTime:0.000871s ]
SQL: SHOW COLUMNS FROM `blog_article` [ RunTime:0.0116s ]
NOTIC: [8] Undefined index: validate D:\WWW\SIRzhouHome\ThinkPHP\Library\Think\Model.class.php 第 1185 行.
NOTIC: [8] Undefined index: auto D:\WWW\SIRzhouHome\ThinkPHP\Library\Think\Model.class.php 第 1128 行.
NOTIC: [2] call_user_func() expects parameter 1 to be a valid callback, no array or string given D:\WWW\SIRzhouHome\ThinkPHP\Library\Think\Upload.class.php 第 170 行.
SQL: INSERT INTO `blog_article` (`pid`,`title`,`content`,`uid`,`ctime`,`edittime`,`view`,`status`,`pic`) VALUES ('12','说的话的时候','<p>I一直与你同在说的话的时候是的</p>','1','1463218075','1463218075','1','0','2016-05-14/5736ef9b6d125.jpg') [ RunTime:0.0014s ]
INFO: [ view_parse ] --START--
INFO: [ template_filter ] --START--
INFO: Run Behavior\ContentReplaceBehavior [ RunTime:0.000196s ]
INFO: [ template_filter ] --END-- [ RunTime:0.000591s ]
INFO: Run Behavior\ParseTemplateBehavior [ RunTime:0.019305s ]
INFO: [ view_parse ] --END-- [ RunTime:0.019705s ]
INFO: [ view_filter ] --START--
INFO: Run Behavior\WriteHtmlCacheBehavior [ RunTime:0.001183s ]
INFO: [ view_filter ] --END-- [ RunTime:0.001582s ]
INFO: [ app_end ] --START--
INFO: Run Behavior\ShowPageTraceBehavior [ RunTime:0.002423s ]
INFO: [ app_end ] --END-- [ RunTime:0.002851s ]

[ 2016-05-14T17:27:57+08:00 ] ::1 /SIRzhouHome/index.php/Admin/Article/add
INFO: [ app_init ] --START--
INFO: Run Behavior\BuildLiteBehavior [ RunTime:0.000033s ]
INFO: [ app_init ] --END-- [ RunTime:0.000611s ]
INFO: [ app_begin ] --START--
INFO: Run Behavior\ReadHtmlCacheBehavior [ RunTime:0.000640s ]
INFO: [ app_begin ] --END-- [ RunTime:0.000788s ]
SQL: SHOW COLUMNS FROM `blog_fenlei` [ RunTime:0.0029s ]
SQL: SELECT `id`,`name`,`pid`,`path`,concat(path,'-',id) as bpath FROM `blog_fenlei` GROUP BY bpath  [ RunTime:0.0004s ]
INFO: [ view_parse ] --START--
NOTIC: [2] file_get_contents(./Blog/Admin/View/Public/homefooter.html): failed to open stream: No such file or directory D:\WWW\SIRzhouHome\ThinkPHP\Library\Think\Template.class.php 第 696 行.
INFO: [ template_filter ] --START--
INFO: Run Behavior\ContentReplaceBehavior [ RunTime:0.000093s ]
INFO: [ template_filter ] --END-- [ RunTime:0.000210s ]
INFO: Run Behavior\ParseTemplateBehavior [ RunTime:0.011556s ]
INFO: [ view_parse ] --END-- [ RunTime:0.011696s ]
INFO: [ view_filter ] --START--
INFO: Run Behavior\WriteHtmlCacheBehavior [ RunTime:0.000380s ]
INFO: [ view_filter ] --END-- [ RunTime:0.000516s ]
INFO: [ app_end ] --START--
INFO: Run Behavior\ShowPageTraceBehavior [ RunTime:0.001105s ]
INFO: [ app_end ] --END-- [ RunTime:0.001274s ]

[ 2016-05-14T17:28:36+08:00 ] ::1 /SIRzhouHome/index.php/Admin/Article/doadd
INFO: [ app_init ] --START--
INFO: Run Behavior\BuildLiteBehavior [ RunTime:0.000027s ]
INFO: [ app_init ] --END-- [ RunTime:0.000463s ]
INFO: [ app_begin ] --START--
INFO: Run Behavior\ReadHtmlCacheBehavior [ RunTime:0.000508s ]
INFO: [ app_begin ] --END-- [ RunTime:0.000628s ]
SQL: SHOW COLUMNS FROM `blog_article` [ RunTime:0.0045s ]
NOTIC: [8] Undefined index: validate D:\WWW\SIRzhouHome\ThinkPHP\Library\Think\Model.class.php 第 1185 行.
NOTIC: [8] Undefined index: auto D:\WWW\SIRzhouHome\ThinkPHP\Library\Think\Model.class.php 第 1128 行.
NOTIC: [2] call_user_func() expects parameter 1 to be a valid callback, no array or string given D:\WWW\SIRzhouHome\ThinkPHP\Library\Think\Upload.class.php 第 170 行.
SQL: INSERT INTO `blog_article` (`pid`,`title`,`content`,`uid`,`ctime`,`edittime`,`view`,`status`,`pic`) VALUES ('12','时代发生的话','<p>I一直与你同在</p>','1','1463218116','1463218116','1','0','2016-05-14/5736efc43e5af.jpg') [ RunTime:0.0005s ]
INFO: [ view_parse ] --START--
INFO: [ template_filter ] --START--
INFO: Run Behavior\ContentReplaceBehavior [ RunTime:0.000101s ]
INFO: [ template_filter ] --END-- [ RunTime:0.000318s ]
INFO: Run Behavior\ParseTemplateBehavior [ RunTime:0.009271s ]
INFO: [ view_parse ] --END-- [ RunTime:0.009427s ]
INFO: [ view_filter ] --START--
INFO: Run Behavior\WriteHtmlCacheBehavior [ RunTime:0.000358s ]
INFO: [ view_filter ] --END-- [ RunTime:0.000472s ]
INFO: [ app_end ] --START--
INFO: Run Behavior\ShowPageTraceBehavior [ RunTime:0.000495s ]
INFO: [ app_end ] --END-- [ RunTime:0.000599s ]

[ 2016-05-14T17:28:38+08:00 ] ::1 /SIRzhouHome/index.php/Admin/Article/add
INFO: [ app_init ] --START--
INFO: Run Behavior\BuildLiteBehavior [ RunTime:0.000028s ]
INFO: [ app_init ] --END-- [ RunTime:0.000639s ]
INFO: [ app_begin ] --START--
INFO: Run Behavior\ReadHtmlCacheBehavior [ RunTime:0.000445s ]
INFO: [ app_begin ] --END-- [ RunTime:0.000548s ]
SQL: SHOW COLUMNS FROM `blog_fenlei` [ RunTime:0.0087s ]
SQL: SELECT `id`,`name`,`pid`,`path`,concat(path,'-',id) as bpath FROM `blog_fenlei` GROUP BY bpath  [ RunTime:0.0012s ]
INFO: [ view_parse ] --START--
NOTIC: [2] file_get_contents(./Blog/Admin/View/Public/homefooter.html): failed to open stream: No such file or directory D:\WWW\SIRzhouHome\ThinkPHP\Library\Think\Template.class.php 第 696 行.
INFO: [ template_filter ] --START--
INFO: Run Behavior\ContentReplaceBehavior [ RunTime:0.000324s ]
INFO: [ template_filter ] --END-- [ RunTime:0.000777s ]
INFO: Run Behavior\ParseTemplateBehavior [ RunTime:0.041033s ]
INFO: [ view_parse ] --END-- [ RunTime:0.041441s ]
INFO: [ view_filter ] --START--
INFO: Run Behavior\WriteHtmlCacheBehavior [ RunTime:0.001936s ]
INFO: [ view_filter ] --END-- [ RunTime:0.002450s ]
INFO: [ app_end ] --START--
INFO: Run Behavior\ShowPageTraceBehavior [ RunTime:0.002463s ]
INFO: [ app_end ] --END-- [ RunTime:0.003160s ]

[ 2016-05-14T17:28:51+08:00 ] ::1 /SIRzhouHome/index.php/Admin/Article/doadd
INFO: [ app_init ] --START--
INFO: Run Behavior\BuildLiteBehavior [ RunTime:0.000032s ]
INFO: [ app_init ] --END-- [ RunTime:0.000540s ]
INFO: [ app_begin ] --START--
INFO: Run Behavior\ReadHtmlCacheBehavior [ RunTime:0.000707s ]
INFO: [ app_begin ] --END-- [ RunTime:0.000876s ]
SQL: SHOW COLUMNS FROM `blog_article` [ RunTime:0.0087s ]
NOTIC: [8] Undefined index: validate D:\WWW\SIRzhouHome\ThinkPHP\Library\Think\Model.class.php 第 1185 行.
NOTIC: [8] Undefined index: auto D:\WWW\SIRzhouHome\ThinkPHP\Library\Think\Model.class.php 第 1128 行.
NOTIC: [2] call_user_func() expects parameter 1 to be a valid callback, no array or string given D:\WWW\SIRzhouHome\ThinkPHP\Library\Think\Upload.class.php 第 170 行.
SQL: INSERT INTO `blog_article` (`pid`,`title`,`content`,`uid`,`ctime`,`edittime`,`view`,`status`,`pic`) VALUES ('12','的时候说的话','<p>I一直与你同在对生活的时代发生的发生的发生</p>','1','1463218131','1463218131','1','0','2016-05-14/5736efd324437.jpg') [ RunTime:0.0011s ]
INFO: [ view_parse ] --START--
INFO: [ template_filter ] --START--
INFO: Run Behavior\ContentReplaceBehavior [ RunTime:0.000276s ]
INFO: [ template_filter ] --END-- [ RunTime:0.000693s ]
INFO: Run Behavior\ParseTemplateBehavior [ RunTime:0.020934s ]
INFO: [ view_parse ] --END-- [ RunTime:0.021240s ]
INFO: [ view_filter ] --START--
INFO: Run Behavior\WriteHtmlCacheBehavior [ RunTime:0.000545s ]
INFO: [ view_filter ] --END-- [ RunTime:0.000723s ]
INFO: [ app_end ] --START--
INFO: Run Behavior\ShowPageTraceBehavior [ RunTime:0.000816s ]
INFO: [ app_end ] --END-- [ RunTime:0.000987s ]

[ 2016-05-14T17:28:53+08:00 ] ::1 /SIRzhouHome/index.php/Admin/Article/add
INFO: [ app_init ] --START--
INFO: Run Behavior\BuildLiteBehavior [ RunTime:0.000054s ]
INFO: [ app_init ] --END-- [ RunTime:0.000871s ]
INFO: [ app_begin ] --START--
INFO: Run Behavior\ReadHtmlCacheBehavior [ RunTime:0.000704s ]
INFO: [ app_begin ] --END-- [ RunTime:0.000863s ]
SQL: SHOW COLUMNS FROM `blog_fenlei` [ RunTime:0.0086s ]
SQL: SELECT `id`,`name`,`pid`,`path`,concat(path,'-',id) as bpath FROM `blog_fenlei` GROUP BY bpath  [ RunTime:0.0015s ]
INFO: [ view_parse ] --START--
NOTIC: [2] file_get_contents(./Blog/Admin/View/Public/homefooter.html): failed to open stream: No such file or directory D:\WWW\SIRzhouHome\ThinkPHP\Library\Think\Template.class.php 第 696 行.
INFO: [ template_filter ] --START--
INFO: Run Behavior\ContentReplaceBehavior [ RunTime:0.000349s ]
INFO: [ template_filter ] --END-- [ RunTime:0.000746s ]
INFO: Run Behavior\ParseTemplateBehavior [ RunTime:0.040338s ]
INFO: [ view_parse ] --END-- [ RunTime:0.040732s ]
INFO: [ view_filter ] --START--
INFO: Run Behavior\WriteHtmlCacheBehavior [ RunTime:0.001185s ]
INFO: [ view_filter ] --END-- [ RunTime:0.001533s ]
INFO: [ app_end ] --START--
INFO: Run Behavior\ShowPageTraceBehavior [ RunTime:0.001762s ]
INFO: [ app_end ] --END-- [ RunTime:0.002272s ]

[ 2016-05-14T17:29:05+08:00 ] ::1 /SIRzhouHome/index.php/Admin/Article/doadd
INFO: [ app_init ] --START--
INFO: Run Behavior\BuildLiteBehavior [ RunTime:0.000034s ]
INFO: [ app_init ] --END-- [ RunTime:0.000471s ]
INFO: [ app_begin ] --START--
INFO: Run Behavior\ReadHtmlCacheBehavior [ RunTime:0.000407s ]
INFO: [ app_begin ] --END-- [ RunTime:0.000505s ]
SQL: SHOW COLUMNS FROM `blog_article` [ RunTime:0.0132s ]
NOTIC: [8] Undefined index: validate D:\WWW\SIRzhouHome\ThinkPHP\Library\Think\Model.class.php 第 1185 行.
NOTIC: [8] Undefined index: auto D:\WWW\SIRzhouHome\ThinkPHP\Library\Think\Model.class.php 第 1128 行.
NOTIC: [2] call_user_func() expects parameter 1 to be a valid callback, no array or string given D:\WWW\SIRzhouHome\ThinkPHP\Library\Think\Upload.class.php 第 170 行.
SQL: INSERT INTO `blog_article` (`pid`,`title`,`content`,`uid`,`ctime`,`edittime`,`view`,`status`,`pic`) VALUES ('12','受到热退热贴','<p>I一直与你同在说的话都是说的话</p>','1','1463218145','1463218145','1','0','2016-05-14/5736efe1dec60.jpg') [ RunTime:0.0005s ]
INFO: [ view_parse ] --START--
INFO: [ template_filter ] --START--
INFO: Run Behavior\ContentReplaceBehavior [ RunTime:0.000089s ]
INFO: [ template_filter ] --END-- [ RunTime:0.000259s ]
INFO: Run Behavior\ParseTemplateBehavior [ RunTime:0.008307s ]
INFO: [ view_parse ] --END-- [ RunTime:0.008482s ]
INFO: [ view_filter ] --START--
INFO: Run Behavior\WriteHtmlCacheBehavior [ RunTime:0.000712s ]
INFO: [ view_filter ] --END-- [ RunTime:0.000917s ]
INFO: [ app_end ] --START--
INFO: Run Behavior\ShowPageTraceBehavior [ RunTime:0.001278s ]
INFO: [ app_end ] --END-- [ RunTime:0.001554s ]

[ 2016-05-14T17:29:08+08:00 ] ::1 /SIRzhouHome/index.php/Admin/Article/add
INFO: [ app_init ] --START--
INFO: Run Behavior\BuildLiteBehavior [ RunTime:0.000022s ]
INFO: [ app_init ] --END-- [ RunTime:0.000373s ]
INFO: [ app_begin ] --START--
INFO: Run Behavior\ReadHtmlCacheBehavior [ RunTime:0.000417s ]
INFO: [ app_begin ] --END-- [ RunTime:0.000514s ]
SQL: SHOW COLUMNS FROM `blog_fenlei` [ RunTime:0.0025s ]
SQL: SELECT `id`,`name`,`pid`,`path`,concat(path,'-',id) as bpath FROM `blog_fenlei` GROUP BY bpath  [ RunTime:0.0004s ]
INFO: [ view_parse ] --START--
NOTIC: [2] file_get_contents(./Blog/Admin/View/Public/homefooter.html): failed to open stream: No such file or directory D:\WWW\SIRzhouHome\ThinkPHP\Library\Think\Template.class.php 第 696 行.
INFO: [ template_filter ] --START--
INFO: Run Behavior\ContentReplaceBehavior [ RunTime:0.000091s ]
INFO: [ template_filter ] --END-- [ RunTime:0.000200s ]
INFO: Run Behavior\ParseTemplateBehavior [ RunTime:0.009851s ]
INFO: [ view_parse ] --END-- [ RunTime:0.009964s ]
INFO: [ view_filter ] --START--
INFO: Run Behavior\WriteHtmlCacheBehavior [ RunTime:0.000319s ]
INFO: [ view_filter ] --END-- [ RunTime:0.000416s ]
INFO: [ app_end ] --START--
INFO: Run Behavior\ShowPageTraceBehavior [ RunTime:0.000567s ]
INFO: [ app_end ] --END-- [ RunTime:0.000703s ]

[ 2016-05-14T17:30:01+08:00 ] ::1 /SIRzhouHome/index.php/Admin/Article/doadd
INFO: [ app_init ] --START--
INFO: Run Behavior\BuildLiteBehavior [ RunTime:0.000025s ]
INFO: [ app_init ] --END-- [ RunTime:0.000418s ]
INFO: [ app_begin ] --START--
INFO: Run Behavior\ReadHtmlCacheBehavior [ RunTime:0.000501s ]
INFO: [ app_begin ] --END-- [ RunTime:0.000621s ]
SQL: SHOW COLUMNS FROM `blog_article` [ RunTime:0.0096s ]
NOTIC: [8] Undefined index: validate D:\WWW\SIRzhouHome\ThinkPHP\Library\Think\Model.class.php 第 1185 行.
NOTIC: [8] Undefined index: auto D:\WWW\SIRzhouHome\ThinkPHP\Library\Think\Model.class.php 第 1128 行.
NOTIC: [2] call_user_func() expects parameter 1 to be a valid callback, no array or string given D:\WWW\SIRzhouHome\ThinkPHP\Library\Think\Upload.class.php 第 170 行.
SQL: INSERT INTO `blog_article` (`pid`,`title`,`content`,`uid`,`ctime`,`edittime`,`view`,`status`,`pic`) VALUES ('3','适当的时候','<p>I一直与你同在</p>','1','1463218201','1463218201','1','0','2016-05-14/5736f0191b9cb.jpeg') [ RunTime:0.0010s ]
INFO: [ view_parse ] --START--
INFO: [ template_filter ] --START--
INFO: Run Behavior\ContentReplaceBehavior [ RunTime:0.000119s ]
INFO: [ template_filter ] --END-- [ RunTime:0.000366s ]
INFO: Run Behavior\ParseTemplateBehavior [ RunTime:0.016115s ]
INFO: [ view_parse ] --END-- [ RunTime:0.016410s ]
INFO: [ view_filter ] --START--
INFO: Run Behavior\WriteHtmlCacheBehavior [ RunTime:0.000659s ]
INFO: [ view_filter ] --END-- [ RunTime:0.000859s ]
INFO: [ app_end ] --START--
INFO: Run Behavior\ShowPageTraceBehavior [ RunTime:0.000983s ]
INFO: [ app_end ] --END-- [ RunTime:0.001188s ]

[ 2016-05-14T17:30:03+08:00 ] ::1 /SIRzhouHome/index.php/Admin/Article/add
INFO: [ app_init ] --START--
INFO: Run Behavior\BuildLiteBehavior [ RunTime:0.000030s ]
INFO: [ app_init ] --END-- [ RunTime:0.000501s ]
INFO: [ app_begin ] --START--
INFO: Run Behavior\ReadHtmlCacheBehavior [ RunTime:0.000610s ]
INFO: [ app_begin ] --END-- [ RunTime:0.000750s ]
SQL: SHOW COLUMNS FROM `blog_fenlei` [ RunTime:0.0087s ]
SQL: SELECT `id`,`name`,`pid`,`path`,concat(path,'-',id) as bpath FROM `blog_fenlei` GROUP BY bpath  [ RunTime:0.0012s ]
INFO: [ view_parse ] --START--
NOTIC: [2] file_get_contents(./Blog/Admin/View/Public/homefooter.html): failed to open stream: No such file or directory D:\WWW\SIRzhouHome\ThinkPHP\Library\Think\Template.class.php 第 696 行.
INFO: [ template_filter ] --START--
INFO: Run Behavior\ContentReplaceBehavior [ RunTime:0.000136s ]
INFO: [ template_filter ] --END-- [ RunTime:0.000297s ]
INFO: Run Behavior\ParseTemplateBehavior [ RunTime:0.034730s ]
INFO: [ view_parse ] --END-- [ RunTime:0.035113s ]
INFO: [ view_filter ] --START--
INFO: Run Behavior\WriteHtmlCacheBehavior [ RunTime:0.000535s ]
INFO: [ view_filter ] --END-- [ RunTime:0.000685s ]
INFO: [ app_end ] --START--
INFO: Run Behavior\ShowPageTraceBehavior [ RunTime:0.000982s ]
INFO: [ app_end ] --END-- [ RunTime:0.001186s ]

[ 2016-05-14T17:39:35+08:00 ] ::1 /SIRzhouHome/index.php/Admin/Article/add
INFO: [ app_init ] --START--
INFO: Run Behavior\BuildLiteBehavior [ RunTime:0.000021s ]
INFO: [ app_init ] --END-- [ RunTime:0.000399s ]
INFO: [ app_begin ] --START--
INFO: Run Behavior\ReadHtmlCacheBehavior [ RunTime:0.000339s ]
INFO: [ app_begin ] --END-- [ RunTime:0.000434s ]
SQL: SHOW COLUMNS FROM `blog_fenlei` [ RunTime:0.0087s ]
SQL: SELECT `id`,`name`,`pid`,`path`,concat(path,'-',id) as bpath FROM `blog_fenlei` GROUP BY bpath  [ RunTime:0.0015s ]
INFO: [ view_parse ] --START--
NOTIC: [2] file_get_contents(./Blog/Admin/View/Public/homefooter.html): failed to open stream: No such file or directory D:\WWW\SIRzhouHome\ThinkPHP\Library\Think\Template.class.php 第 696 行.
INFO: [ template_filter ] --START--
INFO: Run Behavior\ContentReplaceBehavior [ RunTime:0.000142s ]
INFO: [ template_filter ] --END-- [ RunTime:0.000298s ]
INFO: Run Behavior\ParseTemplateBehavior [ RunTime:0.039739s ]
INFO: [ view_parse ] --END-- [ RunTime:0.039981s ]
INFO: [ view_filter ] --START--
INFO: Run Behavior\WriteHtmlCacheBehavior [ RunTime:0.000333s ]
INFO: [ view_filter ] --END-- [ RunTime:0.000471s ]
INFO: [ app_end ] --START--
INFO: Run Behavior\ShowPageTraceBehavior [ RunTime:0.000619s ]
INFO: [ app_end ] --END-- [ RunTime:0.000778s ]

[ 2016-05-14T17:40:01+08:00 ] ::1 /SIRzhouHome/index.php/Admin/Article/add
INFO: [ app_init ] --START--
INFO: Run Behavior\BuildLiteBehavior [ RunTime:0.000035s ]
INFO: [ app_init ] --END-- [ RunTime:0.000642s ]
INFO: [ app_begin ] --START--
INFO: Run Behavior\ReadHtmlCacheBehavior [ RunTime:0.000722s ]
INFO: [ app_begin ] --END-- [ RunTime:0.000900s ]
SQL: SHOW COLUMNS FROM `blog_fenlei` [ RunTime:0.0034s ]
SQL: SELECT `id`,`name`,`pid`,`path`,concat(path,'-',id) as bpath FROM `blog_fenlei` GROUP BY bpath  [ RunTime:0.0006s ]
INFO: [ view_parse ] --START--
NOTIC: [2] file_get_contents(./Blog/Admin/View/Public/homefooter.html): failed to open stream: No such file or directory D:\WWW\SIRzhouHome\ThinkPHP\Library\Think\Template.class.php 第 696 行.
INFO: [ template_filter ] --START--
INFO: Run Behavior\ContentReplaceBehavior [ RunTime:0.000135s ]
INFO: [ template_filter ] --END-- [ RunTime:0.000300s ]
INFO: Run Behavior\ParseTemplateBehavior [ RunTime:0.013704s ]
INFO: [ view_parse ] --END-- [ RunTime:0.013863s ]
INFO: [ view_filter ] --START--
INFO: Run Behavior\WriteHtmlCacheBehavior [ RunTime:0.000290s ]
INFO: [ view_filter ] --END-- [ RunTime:0.000439s ]
INFO: [ app_end ] --START--
INFO: Run Behavior\ShowPageTraceBehavior [ RunTime:0.000696s ]
INFO: [ app_end ] --END-- [ RunTime:0.000875s ]

[ 2016-05-14T17:41:04+08:00 ] ::1 /SIRzhouHome/index.php/Admin/Article/doadd
INFO: [ app_init ] --START--
INFO: Run Behavior\BuildLiteBehavior [ RunTime:0.000026s ]
INFO: [ app_init ] --END-- [ RunTime:0.000376s ]
INFO: [ app_begin ] --START--
INFO: Run Behavior\ReadHtmlCacheBehavior [ RunTime:0.000364s ]
INFO: [ app_begin ] --END-- [ RunTime:0.000481s ]
SQL: SHOW COLUMNS FROM `blog_article` [ RunTime:0.0094s ]
NOTIC: [8] Undefined index: validate D:\WWW\SIRzhouHome\ThinkPHP\Library\Think\Model.class.php 第 1185 行.
NOTIC: [8] Undefined index: auto D:\WWW\SIRzhouHome\ThinkPHP\Library\Think\Model.class.php 第 1128 行.
NOTIC: [2] call_user_func() expects parameter 1 to be a valid callback, no array or string given D:\WWW\SIRzhouHome\ThinkPHP\Library\Think\Upload.class.php 第 170 行.
SQL: INSERT INTO `blog_article` (`pid`,`title`,`content`,`uid`,`ctime`,`edittime`,`view`,`status`,`pic`) VALUES ('53','地方','<p>留下你的足迹吧</p>','1','1463218864','1463218864','1','0','2016-05-14/5736f2b035bd2.jpeg') [ RunTime:0.0004s ]
INFO: [ view_parse ] --START--
INFO: [ template_filter ] --START--
INFO: Run Behavior\ContentReplaceBehavior [ RunTime:0.000111s ]
INFO: [ template_filter ] --END-- [ RunTime:0.000233s ]
INFO: Run Behavior\ParseTemplateBehavior [ RunTime:0.005792s ]
INFO: [ view_parse ] --END-- [ RunTime:0.005914s ]
INFO: [ view_filter ] --START--
INFO: Run Behavior\WriteHtmlCacheBehavior [ RunTime:0.000300s ]
INFO: [ view_filter ] --END-- [ RunTime:0.000408s ]
INFO: [ app_end ] --START--
INFO: Run Behavior\ShowPageTraceBehavior [ RunTime:0.000448s ]
INFO: [ app_end ] --END-- [ RunTime:0.000573s ]

[ 2016-05-14T17:41:06+08:00 ] ::1 /SIRzhouHome/index.php/Admin/Article/add
INFO: [ app_init ] --START--
INFO: Run Behavior\BuildLiteBehavior [ RunTime:0.000041s ]
INFO: [ app_init ] --END-- [ RunTime:0.000674s ]
INFO: [ app_begin ] --START--
INFO: Run Behavior\ReadHtmlCacheBehavior [ RunTime:0.000760s ]
INFO: [ app_begin ] --END-- [ RunTime:0.000949s ]
SQL: SHOW COLUMNS FROM `blog_fenlei` [ RunTime:0.0026s ]
SQL: SELECT `id`,`name`,`pid`,`path`,concat(path,'-',id) as bpath FROM `blog_fenlei` GROUP BY bpath  [ RunTime:0.0005s ]
INFO: [ view_parse ] --START--
NOTIC: [2] file_get_contents(./Blog/Admin/View/Public/homefooter.html): failed to open stream: No such file or directory D:\WWW\SIRzhouHome\ThinkPHP\Library\Think\Template.class.php 第 696 行.
INFO: [ template_filter ] --START--
INFO: Run Behavior\ContentReplaceBehavior [ RunTime:0.000089s ]
INFO: [ template_filter ] --END-- [ RunTime:0.000219s ]
INFO: Run Behavior\ParseTemplateBehavior [ RunTime:0.011969s ]
INFO: [ view_parse ] --END-- [ RunTime:0.012095s ]
INFO: [ view_filter ] --START--
INFO: Run Behavior\WriteHtmlCacheBehavior [ RunTime:0.000217s ]
INFO: [ view_filter ] --END-- [ RunTime:0.000325s ]
INFO: [ app_end ] --START--
INFO: Run Behavior\ShowPageTraceBehavior [ RunTime:0.000471s ]
INFO: [ app_end ] --END-- [ RunTime:0.000568s ]

[ 2016-05-14T17:43:33+08:00 ] ::1 /SIRzhouHome/index.php/Admin/Article/doadd
INFO: [ app_init ] --START--
INFO: Run Behavior\BuildLiteBehavior [ RunTime:0.000027s ]
INFO: [ app_init ] --END-- [ RunTime:0.000442s ]
INFO: [ app_begin ] --START--
INFO: Run Behavior\ReadHtmlCacheBehavior [ RunTime:0.000439s ]
INFO: [ app_begin ] --END-- [ RunTime:0.000567s ]
SQL: SHOW COLUMNS FROM `blog_article` [ RunTime:0.0111s ]
NOTIC: [8] Undefined index: validate D:\WWW\SIRzhouHome\ThinkPHP\Library\Think\Model.class.php 第 1185 行.
NOTIC: [8] Undefined index: auto D:\WWW\SIRzhouHome\ThinkPHP\Library\Think\Model.class.php 第 1128 行.
NOTIC: [2] call_user_func() expects parameter 1 to be a valid callback, no array or string given D:\WWW\SIRzhouHome\ThinkPHP\Library\Think\Upload.class.php 第 170 行.
SQL: INSERT INTO `blog_article` (`pid`,`title`,`biaoqian`,`content`,`uid`,`ctime`,`edittime`,`view`,`status`,`pic`) VALUES ('2','第三方','是的呵呵过','<p>留下你的足迹吧</p>','1','1463219013','1463219013','1','0','2016-05-14/5736f34550981.jpg') [ RunTime:0.0006s ]
INFO: [ view_parse ] --START--
INFO: [ template_filter ] --START--
INFO: Run Behavior\ContentReplaceBehavior [ RunTime:0.000184s ]
INFO: [ template_filter ] --END-- [ RunTime:0.000563s ]
INFO: Run Behavior\ParseTemplateBehavior [ RunTime:0.011432s ]
INFO: [ view_parse ] --END-- [ RunTime:0.011660s ]
INFO: [ view_filter ] --START--
INFO: Run Behavior\WriteHtmlCacheBehavior [ RunTime:0.000545s ]
INFO: [ view_filter ] --END-- [ RunTime:0.000815s ]
INFO: [ app_end ] --START--
INFO: Run Behavior\ShowPageTraceBehavior [ RunTime:0.001893s ]
INFO: [ app_end ] --END-- [ RunTime:0.002265s ]

[ 2016-05-14T17:43:35+08:00 ] ::1 /SIRzhouHome/index.php/Admin/Article/add
INFO: [ app_init ] --START--
INFO: Run Behavior\BuildLiteBehavior [ RunTime:0.000033s ]
INFO: [ app_init ] --END-- [ RunTime:0.000555s ]
INFO: [ app_begin ] --START--
INFO: Run Behavior\ReadHtmlCacheBehavior [ RunTime:0.000886s ]
INFO: [ app_begin ] --END-- [ RunTime:0.001152s ]
SQL: SHOW COLUMNS FROM `blog_fenlei` [ RunTime:0.0125s ]
SQL: SELECT `id`,`name`,`pid`,`path`,concat(path,'-',id) as bpath FROM `blog_fenlei` GROUP BY bpath  [ RunTime:0.0018s ]
INFO: [ view_parse ] --START--
NOTIC: [2] file_get_contents(./Blog/Admin/View/Public/homefooter.html): failed to open stream: No such file or directory D:\WWW\SIRzhouHome\ThinkPHP\Library\Think\Template.class.php 第 696 行.
INFO: [ template_filter ] --START--
INFO: Run Behavior\ContentReplaceBehavior [ RunTime:0.000163s ]
INFO: [ template_filter ] --END-- [ RunTime:0.000372s ]
INFO: Run Behavior\ParseTemplateBehavior [ RunTime:0.020038s ]
INFO: [ view_parse ] --END-- [ RunTime:0.020333s ]
INFO: [ view_filter ] --START--
INFO: Run Behavior\WriteHtmlCacheBehavior [ RunTime:0.000513s ]
INFO: [ view_filter ] --END-- [ RunTime:0.000710s ]
INFO: [ app_end ] --START--
INFO: Run Behavior\ShowPageTraceBehavior [ RunTime:0.000881s ]
INFO: [ app_end ] --END-- [ RunTime:0.001135s ]

[ 2016-05-14T17:43:40+08:00 ] ::1 /SIRzhouHome/index.php/Admin/Article/index
INFO: [ app_init ] --START--
INFO: Run Behavior\BuildLiteBehavior [ RunTime:0.000037s ]
INFO: [ app_init ] --END-- [ RunTime:0.000374s ]
INFO: [ app_begin ] --START--
INFO: Run Behavior\ReadHtmlCacheBehavior [ RunTime:0.000367s ]
INFO: [ app_begin ] --END-- [ RunTime:0.000463s ]
SQL: SHOW COLUMNS FROM `blog_article` [ RunTime:0.0059s ]
SQL: SELECT COUNT(*) AS tp_count FROM `blog_article` WHERE ( status = 0 ) LIMIT 1   [ RunTime:0.0004s ]
SQL: SELECT * FROM `blog_article` WHERE ( status = 0 ) ORDER BY id desc LIMIT 0,10   [ RunTime:0.0005s ]
INFO: [ view_parse ] --START--
NOTIC: [2] file_get_contents(./Blog/Admin/View/Public/homefooter.html): failed to open stream: No such file or directory D:\WWW\SIRzhouHome\ThinkPHP\Library\Think\Template.class.php 第 696 行.
INFO: [ template_filter ] --START--
INFO: Run Behavior\ContentReplaceBehavior [ RunTime:0.000187s ]
INFO: [ template_filter ] --END-- [ RunTime:0.000399s ]
INFO: Run Behavior\ParseTemplateBehavior [ RunTime:0.021105s ]
INFO: [ view_parse ] --END-- [ RunTime:0.021279s ]
INFO: [ view_filter ] --START--
INFO: Run Behavior\WriteHtmlCacheBehavior [ RunTime:0.000333s ]
INFO: [ view_filter ] --END-- [ RunTime:0.000449s ]
INFO: [ app_end ] --START--
INFO: Run Behavior\ShowPageTraceBehavior [ RunTime:0.000499s ]
INFO: [ app_end ] --END-- [ RunTime:0.000679s ]

[ 2016-05-14T17:44:32+08:00 ] ::1 /SIRzhouHome/index.php/Admin/Article/index
INFO: [ app_init ] --START--
INFO: Run Behavior\BuildLiteBehavior [ RunTime:0.000022s ]
INFO: [ app_init ] --END-- [ RunTime:0.000346s ]
INFO: [ app_begin ] --START--
INFO: Run Behavior\ReadHtmlCacheBehavior [ RunTime:0.000405s ]
INFO: [ app_begin ] --END-- [ RunTime:0.000516s ]
SQL: SHOW COLUMNS FROM `blog_article` [ RunTime:0.0031s ]
SQL: SELECT COUNT(*) AS tp_count FROM `blog_article` WHERE ( status = 0 ) LIMIT 1   [ RunTime:0.0003s ]
SQL: SELECT * FROM `blog_article` WHERE ( status = 0 ) ORDER BY id desc LIMIT 0,10   [ RunTime:0.0003s ]
INFO: [ view_parse ] --START--
NOTIC: [2] file_get_contents(./Blog/Admin/View/Public/homefooter.html): failed to open stream: No such file or directory D:\WWW\SIRzhouHome\ThinkPHP\Library\Think\Template.class.php 第 696 行.
INFO: [ template_filter ] --START--
INFO: Run Behavior\ContentReplaceBehavior [ RunTime:0.000106s ]
INFO: [ template_filter ] --END-- [ RunTime:0.000227s ]
INFO: Run Behavior\ParseTemplateBehavior [ RunTime:0.012180s ]
INFO: [ view_parse ] --END-- [ RunTime:0.012389s ]
INFO: [ view_filter ] --START--
INFO: Run Behavior\WriteHtmlCacheBehavior [ RunTime:0.000231s ]
INFO: [ view_filter ] --END-- [ RunTime:0.000345s ]
INFO: [ app_end ] --START--
INFO: Run Behavior\ShowPageTraceBehavior [ RunTime:0.000413s ]
INFO: [ app_end ] --END-- [ RunTime:0.000537s ]

[ 2016-05-14T17:44:41+08:00 ] ::1 /SIRzhouHome/index.php/Admin/Article/index
INFO: [ app_init ] --START--
INFO: Run Behavior\BuildLiteBehavior [ RunTime:0.000027s ]
INFO: [ app_init ] --END-- [ RunTime:0.000446s ]
INFO: [ app_begin ] --START--
INFO: Run Behavior\ReadHtmlCacheBehavior [ RunTime:0.000458s ]
INFO: [ app_begin ] --END-- [ RunTime:0.000594s ]
SQL: SHOW COLUMNS FROM `blog_article` [ RunTime:0.0089s ]
SQL: SELECT COUNT(*) AS tp_count FROM `blog_article` WHERE ( status = 0 ) LIMIT 1   [ RunTime:0.0007s ]
SQL: SELECT * FROM `blog_article` WHERE ( status = 0 ) ORDER BY id desc LIMIT 0,10   [ RunTime:0.0010s ]
INFO: [ view_parse ] --START--
NOTIC: [2] file_get_contents(./Blog/Admin/View/Public/homefooter.html): failed to open stream: No such file or directory D:\WWW\SIRzhouHome\ThinkPHP\Library\Think\Template.class.php 第 696 行.
INFO: [ template_filter ] --START--
INFO: Run Behavior\ContentReplaceBehavior [ RunTime:0.000436s ]
INFO: [ template_filter ] --END-- [ RunTime:0.000727s ]
INFO: Run Behavior\ParseTemplateBehavior [ RunTime:0.034885s ]
INFO: [ view_parse ] --END-- [ RunTime:0.035279s ]
INFO: [ view_filter ] --START--
INFO: Run Behavior\WriteHtmlCacheBehavior [ RunTime:0.000414s ]
INFO: [ view_filter ] --END-- [ RunTime:0.000609s ]
INFO: [ app_end ] --START--
INFO: Run Behavior\ShowPageTraceBehavior [ RunTime:0.000735s ]
INFO: [ app_end ] --END-- [ RunTime:0.000968s ]

[ 2016-05-14T17:44:44+08:00 ] ::1 /SIRzhouHome/index.php/Admin/Article/index
INFO: [ app_init ] --START--
INFO: Run Behavior\BuildLiteBehavior [ RunTime:0.000043s ]
INFO: [ app_init ] --END-- [ RunTime:0.000895s ]
INFO: [ app_begin ] --START--
INFO: Run Behavior\ReadHtmlCacheBehavior [ RunTime:0.000521s ]
INFO: [ app_begin ] --END-- [ RunTime:0.000660s ]
SQL: SHOW COLUMNS FROM `blog_article` [ RunTime:0.0066s ]
SQL: SELECT COUNT(*) AS tp_count FROM `blog_article` WHERE ( status = 0 ) LIMIT 1   [ RunTime:0.0006s ]
SQL: SELECT * FROM `blog_article` WHERE ( status = 0 ) ORDER BY id desc LIMIT 0,10   [ RunTime:0.0007s ]
INFO: [ view_parse ] --START--
NOTIC: [2] file_get_contents(./Blog/Admin/View/Public/homefooter.html): failed to open stream: No such file or directory D:\WWW\SIRzhouHome\ThinkPHP\Library\Think\Template.class.php 第 696 行.
INFO: [ template_filter ] --START--
INFO: Run Behavior\ContentReplaceBehavior [ RunTime:0.000239s ]
INFO: [ template_filter ] --END-- [ RunTime:0.000510s ]
INFO: Run Behavior\ParseTemplateBehavior [ RunTime:0.028666s ]
INFO: [ view_parse ] --END-- [ RunTime:0.028947s ]
INFO: [ view_filter ] --START--
INFO: Run Behavior\WriteHtmlCacheBehavior [ RunTime:0.000524s ]
INFO: [ view_filter ] --END-- [ RunTime:0.000777s ]
INFO: [ app_end ] --START--
INFO: Run Behavior\ShowPageTraceBehavior [ RunTime:0.001762s ]
INFO: [ app_end ] --END-- [ RunTime:0.002164s ]

[ 2016-05-14T17:47:16+08:00 ] ::1 /SIRzhouHome/index.php/Admin/Article/index
INFO: [ app_init ] --START--
INFO: Run Behavior\BuildLiteBehavior [ RunTime:0.000027s ]
INFO: [ app_init ] --END-- [ RunTime:0.000548s ]
INFO: [ app_begin ] --START--
INFO: Run Behavior\ReadHtmlCacheBehavior [ RunTime:0.000673s ]
INFO: [ app_begin ] --END-- [ RunTime:0.000791s ]
SQL: SHOW COLUMNS FROM `blog_article` [ RunTime:0.0052s ]
SQL: SELECT COUNT(*) AS tp_count FROM `blog_article` WHERE ( status = 0 ) LIMIT 1   [ RunTime:0.0005s ]
SQL: SELECT * FROM `blog_article` WHERE ( status = 0 ) ORDER BY id desc LIMIT 0,10   [ RunTime:0.0006s ]
INFO: [ view_parse ] --START--
NOTIC: [2] file_get_contents(./Blog/Admin/View/Public/homefooter.html): failed to open stream: No such file or directory D:\WWW\SIRzhouHome\ThinkPHP\Library\Think\Template.class.php 第 696 行.
INFO: [ template_filter ] --START--
INFO: Run Behavior\ContentReplaceBehavior [ RunTime:0.000114s ]
INFO: [ template_filter ] --END-- [ RunTime:0.000215s ]
INFO: Run Behavior\ParseTemplateBehavior [ RunTime:0.036539s ]
INFO: [ view_parse ] --END-- [ RunTime:0.036733s ]
INFO: [ view_filter ] --START--
INFO: Run Behavior\WriteHtmlCacheBehavior [ RunTime:0.000688s ]
INFO: [ view_filter ] --END-- [ RunTime:0.000803s ]
INFO: [ app_end ] --START--
INFO: Run Behavior\ShowPageTraceBehavior [ RunTime:0.000877s ]
INFO: [ app_end ] --END-- [ RunTime:0.001075s ]

[ 2016-05-14T17:47:25+08:00 ] ::1 /SIRzhouHome/index.php/Admin/Article/edit/id/50
INFO: [ app_init ] --START--
INFO: Run Behavior\BuildLiteBehavior [ RunTime:0.000028s ]
INFO: [ app_init ] --END-- [ RunTime:0.000575s ]
INFO: [ app_begin ] --START--
INFO: Run Behavior\ReadHtmlCacheBehavior [ RunTime:0.000681s ]
INFO: [ app_begin ] --END-- [ RunTime:0.000801s ]
SQL: SHOW COLUMNS FROM `blog_article` [ RunTime:0.0044s ]
SQL: SELECT * FROM `blog_article` WHERE ( id = 50 )  [ RunTime:0.0005s ]
SQL: SHOW COLUMNS FROM `blog_fenlei` [ RunTime:0.0071s ]
SQL: SELECT `id`,`name`,`pid`,`path`,concat(path,'-',id) as bpath FROM `blog_fenlei` GROUP BY bpath  [ RunTime:0.0006s ]
INFO: [ view_parse ] --START--
NOTIC: [2] file_get_contents(./Blog/Admin/View/Public/homefooter.html): failed to open stream: No such file or directory D:\WWW\SIRzhouHome\ThinkPHP\Library\Think\Template.class.php 第 696 行.
INFO: [ template_filter ] --START--
INFO: Run Behavior\ContentReplaceBehavior [ RunTime:0.000191s ]
INFO: [ template_filter ] --END-- [ RunTime:0.000384s ]
INFO: Run Behavior\ParseTemplateBehavior [ RunTime:0.021172s ]
INFO: [ view_parse ] --END-- [ RunTime:0.021367s ]
INFO: [ view_filter ] --START--
INFO: Run Behavior\WriteHtmlCacheBehavior [ RunTime:0.000868s ]
INFO: [ view_filter ] --END-- [ RunTime:0.001082s ]
INFO: [ app_end ] --START--
INFO: Run Behavior\ShowPageTraceBehavior [ RunTime:0.001549s ]
INFO: [ app_end ] --END-- [ RunTime:0.001830s ]

[ 2016-05-14T17:48:03+08:00 ] ::1 /SIRzhouHome/index.php/Admin/Article/edit/id/50
INFO: [ app_init ] --START--
INFO: Run Behavior\BuildLiteBehavior [ RunTime:0.000026s ]
INFO: [ app_init ] --END-- [ RunTime:0.000423s ]
INFO: [ app_begin ] --START--
INFO: Run Behavior\ReadHtmlCacheBehavior [ RunTime:0.000453s ]
INFO: [ app_begin ] --END-- [ RunTime:0.000570s ]
SQL: SHOW COLUMNS FROM `blog_article` [ RunTime:0.0099s ]
SQL: SELECT * FROM `blog_article` WHERE ( id = 50 )  [ RunTime:0.0010s ]
SQL: SHOW COLUMNS FROM `blog_fenlei` [ RunTime:0.0071s ]
SQL: SELECT `id`,`name`,`pid`,`path`,concat(path,'-',id) as bpath FROM `blog_fenlei` GROUP BY bpath  [ RunTime:0.0011s ]
INFO: [ view_parse ] --START--
NOTIC: [2] file_get_contents(./Blog/Admin/View/Public/homefooter.html): failed to open stream: No such file or directory D:\WWW\SIRzhouHome\ThinkPHP\Library\Think\Template.class.php 第 696 行.
INFO: [ template_filter ] --START--
INFO: Run Behavior\ContentReplaceBehavior [ RunTime:0.000166s ]
INFO: [ template_filter ] --END-- [ RunTime:0.000360s ]
INFO: Run Behavior\ParseTemplateBehavior [ RunTime:0.026878s ]
INFO: [ view_parse ] --END-- [ RunTime:0.027151s ]
INFO: [ view_filter ] --START--
INFO: Run Behavior\WriteHtmlCacheBehavior [ RunTime:0.000495s ]
INFO: [ view_filter ] --END-- [ RunTime:0.000671s ]
INFO: [ app_end ] --START--
INFO: Run Behavior\ShowPageTraceBehavior [ RunTime:0.001059s ]
INFO: [ app_end ] --END-- [ RunTime:0.001268s ]

[ 2016-05-14T17:48:16+08:00 ] ::1 /SIRzhouHome/index.php/Admin/Article/doedit
INFO: [ app_init ] --START--
INFO: Run Behavior\BuildLiteBehavior [ RunTime:0.000021s ]
INFO: [ app_init ] --END-- [ RunTime:0.000340s ]
INFO: [ app_begin ] --START--
INFO: Run Behavior\ReadHtmlCacheBehavior [ RunTime:0.000405s ]
INFO: [ app_begin ] --END-- [ RunTime:0.000503s ]
SQL: SHOW COLUMNS FROM `blog_article` [ RunTime:0.0283s ]
NOTIC: [8] Undefined index: validate D:\WWW\SIRzhouHome\ThinkPHP\Library\Think\Model.class.php 第 1185 行.
NOTIC: [8] Undefined index: auto D:\WWW\SIRzhouHome\ThinkPHP\Library\Think\Model.class.php 第 1128 行.
NOTIC: [2] call_user_func() expects parameter 1 to be a valid callback, no array or string given D:\WWW\SIRzhouHome\ThinkPHP\Library\Think\Upload.class.php 第 170 行.
SQL: UPDATE `blog_article` SET `pid`='2',`title`='第三方',`biaoqian`='234',`id`='50',`content`='<p></p><p>留下你的足迹吧</p><p></p>',`edittime`='1463219296',`pic`='2016-05-14/5736f46090a6c.jpg' WHERE ( id = 50 ) [ RunTime:0.0005s ]
INFO: [ view_parse ] --START--
INFO: [ template_filter ] --START--
INFO: Run Behavior\ContentReplaceBehavior [ RunTime:0.000082s ]
INFO: [ template_filter ] --END-- [ RunTime:0.000242s ]
INFO: Run Behavior\ParseTemplateBehavior [ RunTime:0.008255s ]
INFO: [ view_parse ] --END-- [ RunTime:0.008418s ]
INFO: [ view_filter ] --START--
INFO: Run Behavior\WriteHtmlCacheBehavior [ RunTime:0.000498s ]
INFO: [ view_filter ] --END-- [ RunTime:0.000690s ]
INFO: [ app_end ] --START--
INFO: Run Behavior\ShowPageTraceBehavior [ RunTime:0.000696s ]
INFO: [ app_end ] --END-- [ RunTime:0.000889s ]

[ 2016-05-14T17:48:18+08:00 ] ::1 /SIRzhouHome/index.php/Admin/Article/edit/id/50
INFO: [ app_init ] --START--
INFO: Run Behavior\BuildLiteBehavior [ RunTime:0.000050s ]
INFO: [ app_init ] --END-- [ RunTime:0.000869s ]
INFO: [ app_begin ] --START--
INFO: Run Behavior\ReadHtmlCacheBehavior [ RunTime:0.001244s ]
INFO: [ app_begin ] --END-- [ RunTime:0.001597s ]
SQL: SHOW COLUMNS FROM `blog_article` [ RunTime:0.0070s ]
SQL: SELECT * FROM `blog_article` WHERE ( id = 50 )  [ RunTime:0.0007s ]
SQL: SHOW COLUMNS FROM `blog_fenlei` [ RunTime:0.0064s ]
SQL: SELECT `id`,`name`,`pid`,`path`,concat(path,'-',id) as bpath FROM `blog_fenlei` GROUP BY bpath  [ RunTime:0.0011s ]
INFO: [ view_parse ] --START--
NOTIC: [2] file_get_contents(./Blog/Admin/View/Public/homefooter.html): failed to open stream: No such file or directory D:\WWW\SIRzhouHome\ThinkPHP\Library\Think\Template.class.php 第 696 行.
INFO: [ template_filter ] --START--
INFO: Run Behavior\ContentReplaceBehavior [ RunTime:0.000108s ]
INFO: [ template_filter ] --END-- [ RunTime:0.000236s ]
INFO: Run Behavior\ParseTemplateBehavior [ RunTime:0.024328s ]
INFO: [ view_parse ] --END-- [ RunTime:0.024510s ]
INFO: [ view_filter ] --START--
INFO: Run Behavior\WriteHtmlCacheBehavior [ RunTime:0.000282s ]
INFO: [ view_filter ] --END-- [ RunTime:0.000370s ]
INFO: [ app_end ] --START--
INFO: Run Behavior\ShowPageTraceBehavior [ RunTime:0.000526s ]
INFO: [ app_end ] --END-- [ RunTime:0.000703s ]

