[ 2016-04-13T10:40:55+08:00 ] ::1 /SIRzhouHome/index.php/Admin/Login/login.html
INFO: [ app_init ] --START--
INFO: Run Behavior\BuildLiteBehavior [ RunTime:0.000000s ]
INFO: [ app_init ] --END-- [ RunTime:0.017001s ]
INFO: [ app_begin ] --START--
INFO: Run Behavior\ReadHtmlCacheBehavior [ RunTime:0.009000s ]
INFO: [ app_begin ] --END-- [ RunTime:0.009000s ]
INFO: [ view_parse ] --START--
INFO: [ template_filter ] --START--
INFO: Run Behavior\ContentReplaceBehavior [ RunTime:0.001000s ]
INFO: [ template_filter ] --END-- [ RunTime:0.001000s ]
INFO: Run Behavior\ParseTemplateBehavior [ RunTime:0.029002s ]
INFO: [ view_parse ] --END-- [ RunTime:0.029002s ]
INFO: [ view_filter ] --START--
INFO: Run Behavior\WriteHtmlCacheBehavior [ RunTime:0.001000s ]
INFO: [ view_filter ] --END-- [ RunTime:0.001000s ]
INFO: [ app_end ] --START--
INFO: Run Behavior\ShowPageTraceBehavior [ RunTime:0.007000s ]
INFO: [ app_end ] --END-- [ RunTime:0.007000s ]

[ 2016-04-13T10:40:56+08:00 ] ::1 /SIRzhouHome/index.php/Admin/Login/verify_c.html
INFO: [ app_init ] --START--
INFO: Run Behavior\BuildLiteBehavior [ RunTime:0.000000s ]
INFO: [ app_init ] --END-- [ RunTime:0.001000s ]
INFO: [ app_begin ] --START--
INFO: Run Behavior\ReadHtmlCacheBehavior [ RunTime:0.001000s ]
INFO: [ app_begin ] --END-- [ RunTime:0.001000s ]
INFO: [ app_end ] --START--
INFO: Run Behavior\ShowPageTraceBehavior [ RunTime:0.000000s ]
INFO: [ app_end ] --END-- [ RunTime:0.000000s ]

[ 2016-04-13T11:10:06+08:00 ] ::1 /SIRzhouHome/index.php/admin/Work
INFO: [ app_init ] --START--
INFO: Run Behavior\BuildLiteBehavior [ RunTime:0.000000s ]
INFO: [ app_init ] --END-- [ RunTime:0.001001s ]
INFO: [ app_begin ] --START--
INFO: Run Behavior\ReadHtmlCacheBehavior [ RunTime:0.000000s ]
INFO: [ app_begin ] --END-- [ RunTime:0.001000s ]
ERR: 非法操作:index

[ 2016-04-13T11:10:32+08:00 ] ::1 /SIRzhouHome/index.php/admin/Work
INFO: [ app_init ] --START--
INFO: Run Behavior\BuildLiteBehavior [ RunTime:0.000000s ]
INFO: [ app_init ] --END-- [ RunTime:0.001000s ]
INFO: [ app_begin ] --START--
INFO: Run Behavior\ReadHtmlCacheBehavior [ RunTime:0.000000s ]
INFO: [ app_begin ] --END-- [ RunTime:0.000000s ]
ERR: 非法操作:index

[ 2016-04-13T11:10:33+08:00 ] ::1 /SIRzhouHome/index.php/admin/Work
INFO: [ app_init ] --START--
INFO: Run Behavior\BuildLiteBehavior [ RunTime:0.000000s ]
INFO: [ app_init ] --END-- [ RunTime:0.001000s ]
INFO: [ app_begin ] --START--
INFO: Run Behavior\ReadHtmlCacheBehavior [ RunTime:0.000000s ]
INFO: [ app_begin ] --END-- [ RunTime:0.000000s ]
ERR: 非法操作:index

[ 2016-04-13T11:10:35+08:00 ] ::1 /SIRzhouHome/index.php/admin/Work
INFO: [ app_init ] --START--
INFO: Run Behavior\BuildLiteBehavior [ RunTime:0.000000s ]
INFO: [ app_init ] --END-- [ RunTime:0.000000s ]
INFO: [ app_begin ] --START--
INFO: Run Behavior\ReadHtmlCacheBehavior [ RunTime:0.001000s ]
INFO: [ app_begin ] --END-- [ RunTime:0.001000s ]
ERR: 非法操作:index

[ 2016-04-13T11:10:35+08:00 ] ::1 /SIRzhouHome/index.php/admin/Work
INFO: [ app_init ] --START--
INFO: Run Behavior\BuildLiteBehavior [ RunTime:0.000000s ]
INFO: [ app_init ] --END-- [ RunTime:0.000000s ]
INFO: [ app_begin ] --START--
INFO: Run Behavior\ReadHtmlCacheBehavior [ RunTime:0.000000s ]
INFO: [ app_begin ] --END-- [ RunTime:0.000000s ]
ERR: 非法操作:index

[ 2016-04-13T11:10:36+08:00 ] ::1 /SIRzhouHome/index.php/admin/Work
INFO: [ app_init ] --START--
INFO: Run Behavior\BuildLiteBehavior [ RunTime:0.000000s ]
INFO: [ app_init ] --END-- [ RunTime:0.000000s ]
INFO: [ app_begin ] --START--
INFO: Run Behavior\ReadHtmlCacheBehavior [ RunTime:0.001000s ]
INFO: [ app_begin ] --END-- [ RunTime:0.001000s ]
ERR: 非法操作:index

[ 2016-04-13T11:11:04+08:00 ] ::1 /SIRzhouHome/index.php/admin/Work/add
INFO: [ app_init ] --START--
INFO: Run Behavior\BuildLiteBehavior [ RunTime:0.000000s ]
INFO: [ app_init ] --END-- [ RunTime:0.001000s ]
INFO: [ app_begin ] --START--
INFO: Run Behavior\ReadHtmlCacheBehavior [ RunTime:0.001000s ]
INFO: [ app_begin ] --END-- [ RunTime:0.001000s ]

[ 2016-04-13T11:15:19+08:00 ] ::1 /SIRzhouHome/index.php/admin/Work/add
INFO: [ app_init ] --START--
INFO: Run Behavior\BuildLiteBehavior [ RunTime:0.000000s ]
INFO: [ app_init ] --END-- [ RunTime:0.001000s ]
INFO: [ app_begin ] --START--
INFO: Run Behavior\ReadHtmlCacheBehavior [ RunTime:0.001000s ]
INFO: [ app_begin ] --END-- [ RunTime:0.001000s ]

[ 2016-04-13T11:15:20+08:00 ] ::1 /SIRzhouHome/index.php/admin/Work/add
INFO: [ app_init ] --START--
INFO: Run Behavior\BuildLiteBehavior [ RunTime:0.000000s ]
INFO: [ app_init ] --END-- [ RunTime:0.001000s ]
INFO: [ app_begin ] --START--
INFO: Run Behavior\ReadHtmlCacheBehavior [ RunTime:0.000000s ]
INFO: [ app_begin ] --END-- [ RunTime:0.000000s ]

[ 2016-04-13T11:15:50+08:00 ] ::1 /SIRzhouHome/index.php/admin/Work/add
INFO: [ app_init ] --START--
INFO: Run Behavior\BuildLiteBehavior [ RunTime:0.000000s ]
INFO: [ app_init ] --END-- [ RunTime:0.000000s ]
INFO: [ app_begin ] --START--
INFO: Run Behavior\ReadHtmlCacheBehavior [ RunTime:0.000000s ]
INFO: [ app_begin ] --END-- [ RunTime:0.001000s ]

[ 2016-04-13T11:15:53+08:00 ] ::1 /SIRzhouHome/index.php/admin/Work/add
INFO: [ app_init ] --START--
INFO: Run Behavior\BuildLiteBehavior [ RunTime:0.000000s ]
INFO: [ app_init ] --END-- [ RunTime:0.000000s ]
INFO: [ app_begin ] --START--
INFO: Run Behavior\ReadHtmlCacheBehavior [ RunTime:0.001000s ]
INFO: [ app_begin ] --END-- [ RunTime:0.001000s ]

[ 2016-04-13T11:15:54+08:00 ] ::1 /SIRzhouHome/index.php/admin/Work/add
INFO: [ app_init ] --START--
INFO: Run Behavior\BuildLiteBehavior [ RunTime:0.000000s ]
INFO: [ app_init ] --END-- [ RunTime:0.000000s ]
INFO: [ app_begin ] --START--
INFO: Run Behavior\ReadHtmlCacheBehavior [ RunTime:0.001000s ]
INFO: [ app_begin ] --END-- [ RunTime:0.001000s ]

[ 2016-04-13T11:17:38+08:00 ] ::1 /SIRzhouHome/index.php/admin/Work/add
INFO: [ app_init ] --START--
INFO: Run Behavior\BuildLiteBehavior [ RunTime:0.000000s ]
INFO: [ app_init ] --END-- [ RunTime:0.001000s ]
INFO: [ app_begin ] --START--
INFO: Run Behavior\ReadHtmlCacheBehavior [ RunTime:0.001000s ]
INFO: [ app_begin ] --END-- [ RunTime:0.001000s ]

[ 2016-04-13T11:19:11+08:00 ] ::1 /SIRzhouHome/index.php/admin/Work/add
INFO: [ app_init ] --START--
INFO: Run Behavior\BuildLiteBehavior [ RunTime:0.000000s ]
INFO: [ app_init ] --END-- [ RunTime:0.000000s ]
INFO: [ app_begin ] --START--
INFO: Run Behavior\ReadHtmlCacheBehavior [ RunTime:0.001000s ]
INFO: [ app_begin ] --END-- [ RunTime:0.001000s ]

[ 2016-04-13T11:19:12+08:00 ] ::1 /SIRzhouHome/index.php/admin/Work/add
INFO: [ app_init ] --START--
INFO: Run Behavior\BuildLiteBehavior [ RunTime:0.000000s ]
INFO: [ app_init ] --END-- [ RunTime:0.001000s ]
INFO: [ app_begin ] --START--
INFO: Run Behavior\ReadHtmlCacheBehavior [ RunTime:0.001000s ]
INFO: [ app_begin ] --END-- [ RunTime:0.001000s ]

[ 2016-04-13T11:19:27+08:00 ] ::1 /SIRzhouHome/index.php/admin/Work/add
INFO: [ app_init ] --START--
INFO: Run Behavior\BuildLiteBehavior [ RunTime:0.001000s ]
INFO: [ app_init ] --END-- [ RunTime:0.001000s ]
INFO: [ app_begin ] --START--
INFO: Run Behavior\ReadHtmlCacheBehavior [ RunTime:0.001001s ]
INFO: [ app_begin ] --END-- [ RunTime:0.001001s ]

[ 2016-04-13T11:19:27+08:00 ] ::1 /SIRzhouHome/index.php/admin/Work/add
INFO: [ app_init ] --START--
INFO: Run Behavior\BuildLiteBehavior [ RunTime:0.000000s ]
INFO: [ app_init ] --END-- [ RunTime:0.001000s ]
INFO: [ app_begin ] --START--
INFO: Run Behavior\ReadHtmlCacheBehavior [ RunTime:0.000000s ]
INFO: [ app_begin ] --END-- [ RunTime:0.000000s ]

[ 2016-04-13T11:19:28+08:00 ] ::1 /SIRzhouHome/index.php/admin/Work/add
INFO: [ app_init ] --START--
INFO: Run Behavior\BuildLiteBehavior [ RunTime:0.000000s ]
INFO: [ app_init ] --END-- [ RunTime:0.000000s ]
INFO: [ app_begin ] --START--
INFO: Run Behavior\ReadHtmlCacheBehavior [ RunTime:0.001000s ]
INFO: [ app_begin ] --END-- [ RunTime:0.001000s ]

[ 2016-04-13T11:19:30+08:00 ] ::1 /SIRzhouHome/index.php/admin/Work/add
INFO: [ app_init ] --START--
INFO: Run Behavior\BuildLiteBehavior [ RunTime:0.000000s ]
INFO: [ app_init ] --END-- [ RunTime:0.000000s ]
INFO: [ app_begin ] --START--
INFO: Run Behavior\ReadHtmlCacheBehavior [ RunTime:0.001000s ]
INFO: [ app_begin ] --END-- [ RunTime:0.001000s ]

[ 2016-04-13T11:19:58+08:00 ] ::1 /SIRzhouHome/index.php/admin/Work/add
INFO: [ app_init ] --START--
INFO: Run Behavior\BuildLiteBehavior [ RunTime:0.000000s ]
INFO: [ app_init ] --END-- [ RunTime:0.001000s ]
INFO: [ app_begin ] --START--
INFO: Run Behavior\ReadHtmlCacheBehavior [ RunTime:0.001000s ]
INFO: [ app_begin ] --END-- [ RunTime:0.001000s ]
INFO: [ app_end ] --START--
INFO: Run Behavior\ShowPageTraceBehavior [ RunTime:0.019001s ]
INFO: [ app_end ] --END-- [ RunTime:0.019001s ]

[ 2016-04-13T11:20:11+08:00 ] ::1 /SIRzhouHome/index.php/admin/Work/add
INFO: [ app_init ] --START--
INFO: Run Behavior\BuildLiteBehavior [ RunTime:0.000000s ]
INFO: [ app_init ] --END-- [ RunTime:0.000000s ]
INFO: [ app_begin ] --START--
INFO: Run Behavior\ReadHtmlCacheBehavior [ RunTime:0.000000s ]
INFO: [ app_begin ] --END-- [ RunTime:0.001000s ]

[ 2016-04-13T11:21:01+08:00 ] ::1 /SIRzhouHome/index.php/admin/Work/add
INFO: [ app_init ] --START--
INFO: Run Behavior\BuildLiteBehavior [ RunTime:0.000000s ]
INFO: [ app_init ] --END-- [ RunTime:0.001000s ]
INFO: [ app_begin ] --START--
INFO: Run Behavior\ReadHtmlCacheBehavior [ RunTime:0.000000s ]
INFO: [ app_begin ] --END-- [ RunTime:0.000000s ]

[ 2016-04-13T11:21:25+08:00 ] ::1 /SIRzhouHome/index.php/admin/Work/add
INFO: [ app_init ] --START--
INFO: Run Behavior\BuildLiteBehavior [ RunTime:0.000000s ]
INFO: [ app_init ] --END-- [ RunTime:0.001000s ]
INFO: [ app_begin ] --START--
INFO: Run Behavior\ReadHtmlCacheBehavior [ RunTime:0.001000s ]
INFO: [ app_begin ] --END-- [ RunTime:0.001000s ]

[ 2016-04-13T11:21:41+08:00 ] ::1 /SIRzhouHome/index.php/admin/Work/add
INFO: [ app_init ] --START--
INFO: Run Behavior\BuildLiteBehavior [ RunTime:0.000000s ]
INFO: [ app_init ] --END-- [ RunTime:0.001001s ]
INFO: [ app_begin ] --START--
INFO: Run Behavior\ReadHtmlCacheBehavior [ RunTime:0.001000s ]
INFO: [ app_begin ] --END-- [ RunTime:0.001000s ]

[ 2016-04-13T11:22:07+08:00 ] ::1 /SIRzhouHome/index.php/admin/Work/add
INFO: [ app_init ] --START--
INFO: Run Behavior\BuildLiteBehavior [ RunTime:0.000000s ]
INFO: [ app_init ] --END-- [ RunTime:0.001000s ]
INFO: [ app_begin ] --START--
INFO: Run Behavior\ReadHtmlCacheBehavior [ RunTime:0.000000s ]
INFO: [ app_begin ] --END-- [ RunTime:0.001000s ]

[ 2016-04-13T11:23:25+08:00 ] ::1 /SIRzhouHome/index.php/admin/Work/add
INFO: [ app_init ] --START--
INFO: Run Behavior\BuildLiteBehavior [ RunTime:0.000000s ]
INFO: [ app_init ] --END-- [ RunTime:0.001000s ]
INFO: [ app_begin ] --START--
INFO: Run Behavior\ReadHtmlCacheBehavior [ RunTime:0.001001s ]
INFO: [ app_begin ] --END-- [ RunTime:0.001001s ]

[ 2016-04-13T11:23:45+08:00 ] ::1 /SIRzhouHome/index.php/admin/Work/add
INFO: [ app_init ] --START--
INFO: Run Behavior\BuildLiteBehavior [ RunTime:0.000000s ]
INFO: [ app_init ] --END-- [ RunTime:0.000000s ]
INFO: [ app_begin ] --START--
INFO: Run Behavior\ReadHtmlCacheBehavior [ RunTime:0.000000s ]
INFO: [ app_begin ] --END-- [ RunTime:0.000000s ]
INFO: [ app_end ] --START--
INFO: Run Behavior\ShowPageTraceBehavior [ RunTime:0.001001s ]
INFO: [ app_end ] --END-- [ RunTime:0.001001s ]

[ 2016-04-13T11:23:47+08:00 ] ::1 /SIRzhouHome/index.php/admin/Work/add
INFO: [ app_init ] --START--
INFO: Run Behavior\BuildLiteBehavior [ RunTime:0.000000s ]
INFO: [ app_init ] --END-- [ RunTime:0.001000s ]
INFO: [ app_begin ] --START--
INFO: Run Behavior\ReadHtmlCacheBehavior [ RunTime:0.001000s ]
INFO: [ app_begin ] --END-- [ RunTime:0.001000s ]
INFO: [ app_end ] --START--
INFO: Run Behavior\ShowPageTraceBehavior [ RunTime:0.001000s ]
INFO: [ app_end ] --END-- [ RunTime:0.001000s ]

[ 2016-04-13T11:23:58+08:00 ] ::1 /SIRzhouHome/index.php/admin/Work/add
INFO: [ app_init ] --START--
INFO: Run Behavior\BuildLiteBehavior [ RunTime:0.000000s ]
INFO: [ app_init ] --END-- [ RunTime:0.000000s ]
INFO: [ app_begin ] --START--
INFO: Run Behavior\ReadHtmlCacheBehavior [ RunTime:0.001000s ]
INFO: [ app_begin ] --END-- [ RunTime:0.001000s ]
NOTIC: [8] Undefined offset: 0 D:\WWW\SIRzhouHome\ThinkPHP\Library\Org\Util\Vquery.class.php 第 51 行.
ERR: 1146:Table 'sirzhoublog.blog_shujuhua' doesn't exist
 [ SQL语句 ] : SHOW COLUMNS FROM `blog_shujuhua`
ERR: 1146:Table 'sirzhoublog.blog_shujuhua' doesn't exist
 [ SQL语句 ] : SHOW COLUMNS FROM `blog_shujuhua`

[ 2016-04-13T11:25:42+08:00 ] ::1 /SIRzhouHome/index.php/admin/Work/add
INFO: [ app_init ] --START--
INFO: Run Behavior\BuildLiteBehavior [ RunTime:0.000000s ]
INFO: [ app_init ] --END-- [ RunTime:0.001000s ]
INFO: [ app_begin ] --START--
INFO: Run Behavior\ReadHtmlCacheBehavior [ RunTime:0.002000s ]
INFO: [ app_begin ] --END-- [ RunTime:0.002000s ]
NOTIC: [8] Undefined offset: 0 D:\WWW\SIRzhouHome\ThinkPHP\Library\Org\Util\Vquery.class.php 第 51 行.
SQL: insert into blog_shijuhua(content,ctime) values ("一个女孩子为什么要努力？努力是为了当你看到自己喜欢的东西时，不用担心自己的钱包，更不用顾虑别人的脸色。努力，跟你的性别无关，跟你单身与否无关，努力，是为了让自己更独立。你只有经济独立，才能人格独立，只有生活独立，才能思想独立。",1460517942) [ RunTime:0.0000s ]
SQL: insert into blog_shijuhua(content,ctime) values ("她说----你可以输，可以倒，但不可以不站起来，战争还是要持续的。当然，目光长远，也要抬头看路，踩到狗屎，就是提醒自己该换双鞋了。",1460517942) [ RunTime:0.0000s ]
SQL: insert into blog_shijuhua(content,ctime) values ("「你别急，慢慢来」  安全感是自己给的。在现实里困惑又挣扎着成长的时候，唯一能依靠的是，是内心的笃定与踏实。太阳尚远，但必有太阳。",1460517942) [ RunTime:0.0000s ]
SQL: insert into blog_shijuhua(content,ctime) values ("现在不想跟人聊天 
一般都“吃饭了” “等会儿我先洗澡” 
哪像我们初中那么酷 
直接 “不是本人！”",1460517942) [ RunTime:0.0000s ]
SQL: insert into blog_shijuhua(content,ctime) values ("不知道有多少人和我一样，趴在床上玩手机，却开着电视电脑放着自己根本看都不看的节目，就是为了有点声而感到不寂寞。",1460517942) [ RunTime:0.0000s ]
SQL: insert into blog_shijuhua(content,ctime) values ("我不明白为什么有人会有拖延症，事情放在那总是要做的，与其推到明天，不如今天就推给别人做。",1460517942) [ RunTime:0.0000s ]
SQL: insert into blog_shijuhua(content,ctime) values ("我知道的，这个世界上有一种人是即使不见面，但也会在我们的脑海中百转千回。",1460517942) [ RunTime:0.0010s ]
SQL: insert into blog_shijuhua(content,ctime) values ("有些说睡觉是浪费时间的人，也不见得醒着时有多珍惜啊。",1460517942) [ RunTime:0.0000s ]
SQL: insert into blog_shijuhua(content,ctime) values ("特别讨厌两句话：女儿是妈妈的小棉袄；女儿是爸爸上辈子的情人。尤其第二句，这么明晃晃的乱伦指向有什么感人的？孩子就是孩子，不是任何人满足自我的载体。",1460517942) [ RunTime:0.0000s ]
SQL: insert into blog_shijuhua(content,ctime) values ("终于是有样东西可以赶上岛国大片在世界占的百分比：全世界85%的寒暑假作业都是中国学生写的。",1460517942) [ RunTime:0.0000s ]
INFO: [ app_end ] --START--
INFO: Run Behavior\ShowPageTraceBehavior [ RunTime:0.002000s ]
INFO: [ app_end ] --END-- [ RunTime:0.002000s ]

[ 2016-04-13T12:04:58+08:00 ] ::1 /SIRzhouHome/index.php/admin/work
INFO: [ app_init ] --START--
INFO: Run Behavior\BuildLiteBehavior [ RunTime:0.000000s ]
INFO: [ app_init ] --END-- [ RunTime:0.000000s ]
INFO: [ app_begin ] --START--
INFO: Run Behavior\ReadHtmlCacheBehavior [ RunTime:0.001000s ]
INFO: [ app_begin ] --END-- [ RunTime:0.001000s ]
ERR: 非法操作:index

[ 2016-04-13T12:05:04+08:00 ] ::1 /SIRzhouHome/index.php/admin/work/add
INFO: [ app_init ] --START--
INFO: Run Behavior\BuildLiteBehavior [ RunTime:0.000000s ]
INFO: [ app_init ] --END-- [ RunTime:0.001000s ]
INFO: [ app_begin ] --START--
INFO: Run Behavior\ReadHtmlCacheBehavior [ RunTime:0.000000s ]
INFO: [ app_begin ] --END-- [ RunTime:0.000000s ]
NOTIC: [8] Undefined offset: 0 D:\WWW\SIRzhouHome\ThinkPHP\Library\Org\Util\Vquery.class.php 第 51 行.
SQL: insert into blog_shijuhua(content,ctime) values ("一个女孩子为什么要努力？努力是为了当你看到自己喜欢的东西时，不用担心自己的钱包，更不用顾虑别人的脸色。努力，跟你的性别无关，跟你单身与否无关，努力，是为了让自己更独立。你只有经济独立，才能人格独立，只有生活独立，才能思想独立。",1460520304) [ RunTime:0.0000s ]
SQL: insert into blog_shijuhua(content,ctime) values ("她说----你可以输，可以倒，但不可以不站起来，战争还是要持续的。当然，目光长远，也要抬头看路，踩到狗屎，就是提醒自己该换双鞋了。",1460520304) [ RunTime:0.0000s ]
SQL: insert into blog_shijuhua(content,ctime) values ("「你别急，慢慢来」  安全感是自己给的。在现实里困惑又挣扎着成长的时候，唯一能依靠的是，是内心的笃定与踏实。太阳尚远，但必有太阳。",1460520304) [ RunTime:0.0000s ]
SQL: insert into blog_shijuhua(content,ctime) values ("现在不想跟人聊天 
一般都“吃饭了” “等会儿我先洗澡” 
哪像我们初中那么酷 
直接 “不是本人！”",1460520304) [ RunTime:0.0000s ]
SQL: insert into blog_shijuhua(content,ctime) values ("不知道有多少人和我一样，趴在床上玩手机，却开着电视电脑放着自己根本看都不看的节目，就是为了有点声而感到不寂寞。",1460520304) [ RunTime:0.0000s ]
SQL: insert into blog_shijuhua(content,ctime) values ("我不明白为什么有人会有拖延症，事情放在那总是要做的，与其推到明天，不如今天就推给别人做。",1460520304) [ RunTime:0.0000s ]
SQL: insert into blog_shijuhua(content,ctime) values ("我知道的，这个世界上有一种人是即使不见面，但也会在我们的脑海中百转千回。",1460520304) [ RunTime:0.0000s ]
SQL: insert into blog_shijuhua(content,ctime) values ("有些说睡觉是浪费时间的人，也不见得醒着时有多珍惜啊。",1460520304) [ RunTime:0.0000s ]
SQL: insert into blog_shijuhua(content,ctime) values ("特别讨厌两句话：女儿是妈妈的小棉袄；女儿是爸爸上辈子的情人。尤其第二句，这么明晃晃的乱伦指向有什么感人的？孩子就是孩子，不是任何人满足自我的载体。",1460520304) [ RunTime:0.0000s ]
SQL: insert into blog_shijuhua(content,ctime) values ("终于是有样东西可以赶上岛国大片在世界占的百分比：全世界85%的寒暑假作业都是中国学生写的。",1460520304) [ RunTime:0.0000s ]
INFO: [ app_end ] --START--
INFO: Run Behavior\ShowPageTraceBehavior [ RunTime:0.001000s ]
INFO: [ app_end ] --END-- [ RunTime:0.001000s ]

[ 2016-04-13T12:05:38+08:00 ] ::1 /SIRzhouHome/index.php/admin/work/add
INFO: [ app_init ] --START--
INFO: Run Behavior\BuildLiteBehavior [ RunTime:0.000000s ]
INFO: [ app_init ] --END-- [ RunTime:0.001000s ]
INFO: [ app_begin ] --START--
INFO: Run Behavior\ReadHtmlCacheBehavior [ RunTime:0.001000s ]
INFO: [ app_begin ] --END-- [ RunTime:0.001000s ]

[ 2016-04-13T12:06:19+08:00 ] ::1 /SIRzhouHome/index.php/admin/work/add
INFO: [ app_init ] --START--
INFO: Run Behavior\BuildLiteBehavior [ RunTime:0.000000s ]
INFO: [ app_init ] --END-- [ RunTime:0.001000s ]
INFO: [ app_begin ] --START--
INFO: Run Behavior\ReadHtmlCacheBehavior [ RunTime:0.002000s ]
INFO: [ app_begin ] --END-- [ RunTime:0.002000s ]

[ 2016-04-13T12:06:39+08:00 ] ::1 /SIRzhouHome/index.php/admin/work/add
INFO: [ app_init ] --START--
INFO: Run Behavior\BuildLiteBehavior [ RunTime:0.000000s ]
INFO: [ app_init ] --END-- [ RunTime:0.001000s ]
INFO: [ app_begin ] --START--
INFO: Run Behavior\ReadHtmlCacheBehavior [ RunTime:0.001000s ]
INFO: [ app_begin ] --END-- [ RunTime:0.001000s ]

[ 2016-04-13T12:06:49+08:00 ] ::1 /SIRzhouHome/index.php/admin/work/add
INFO: [ app_init ] --START--
INFO: Run Behavior\BuildLiteBehavior [ RunTime:0.000000s ]
INFO: [ app_init ] --END-- [ RunTime:0.000000s ]
INFO: [ app_begin ] --START--
INFO: Run Behavior\ReadHtmlCacheBehavior [ RunTime:0.001000s ]
INFO: [ app_begin ] --END-- [ RunTime:0.001000s ]
NOTIC: [8] Undefined offset: 0 D:\WWW\SIRzhouHome\Blog\Admin\Util\Vquery.class.php 第 51 行.
SQL: insert into blog_shijuhua(content,ctime) values ("一个女孩子为什么要努力？努力是为了当你看到自己喜欢的东西时，不用担心自己的钱包，更不用顾虑别人的脸色。努力，跟你的性别无关，跟你单身与否无关，努力，是为了让自己更独立。你只有经济独立，才能人格独立，只有生活独立，才能思想独立。",1460520409) [ RunTime:0.0000s ]
SQL: insert into blog_shijuhua(content,ctime) values ("她说----你可以输，可以倒，但不可以不站起来，战争还是要持续的。当然，目光长远，也要抬头看路，踩到狗屎，就是提醒自己该换双鞋了。",1460520409) [ RunTime:0.0000s ]
SQL: insert into blog_shijuhua(content,ctime) values ("「你别急，慢慢来」  安全感是自己给的。在现实里困惑又挣扎着成长的时候，唯一能依靠的是，是内心的笃定与踏实。太阳尚远，但必有太阳。",1460520409) [ RunTime:0.0010s ]
SQL: insert into blog_shijuhua(content,ctime) values ("现在不想跟人聊天 
一般都“吃饭了” “等会儿我先洗澡” 
哪像我们初中那么酷 
直接 “不是本人！”",1460520409) [ RunTime:0.0000s ]
SQL: insert into blog_shijuhua(content,ctime) values ("不知道有多少人和我一样，趴在床上玩手机，却开着电视电脑放着自己根本看都不看的节目，就是为了有点声而感到不寂寞。",1460520409) [ RunTime:0.0000s ]
SQL: insert into blog_shijuhua(content,ctime) values ("我不明白为什么有人会有拖延症，事情放在那总是要做的，与其推到明天，不如今天就推给别人做。",1460520409) [ RunTime:0.0000s ]
SQL: insert into blog_shijuhua(content,ctime) values ("我知道的，这个世界上有一种人是即使不见面，但也会在我们的脑海中百转千回。",1460520409) [ RunTime:0.0000s ]
SQL: insert into blog_shijuhua(content,ctime) values ("有些说睡觉是浪费时间的人，也不见得醒着时有多珍惜啊。",1460520409) [ RunTime:0.0000s ]
SQL: insert into blog_shijuhua(content,ctime) values ("特别讨厌两句话：女儿是妈妈的小棉袄；女儿是爸爸上辈子的情人。尤其第二句，这么明晃晃的乱伦指向有什么感人的？孩子就是孩子，不是任何人满足自我的载体。",1460520409) [ RunTime:0.0000s ]
SQL: insert into blog_shijuhua(content,ctime) values ("终于是有样东西可以赶上岛国大片在世界占的百分比：全世界85%的寒暑假作业都是中国学生写的。",1460520409) [ RunTime:0.0000s ]
INFO: [ app_end ] --START--
INFO: Run Behavior\ShowPageTraceBehavior [ RunTime:0.002000s ]
INFO: [ app_end ] --END-- [ RunTime:0.002000s ]

[ 2016-04-13T12:07:09+08:00 ] ::1 /SIRzhouHome/index.php/admin/work/add
INFO: [ app_init ] --START--
INFO: Run Behavior\BuildLiteBehavior [ RunTime:0.000000s ]
INFO: [ app_init ] --END-- [ RunTime:0.001000s ]
INFO: [ app_begin ] --START--
INFO: Run Behavior\ReadHtmlCacheBehavior [ RunTime:0.002000s ]
INFO: [ app_begin ] --END-- [ RunTime:0.002000s ]
NOTIC: [8] Undefined offset: 0 D:\WWW\SIRzhouHome\Blog\Admin\Util\Vquery.class.php 第 51 行.
SQL: insert into blog_shijuhua(content,ctime) values ("一个女孩子为什么要努力？努力是为了当你看到自己喜欢的东西时，不用担心自己的钱包，更不用顾虑别人的脸色。努力，跟你的性别无关，跟你单身与否无关，努力，是为了让自己更独立。你只有经济独立，才能人格独立，只有生活独立，才能思想独立。",1460520429) [ RunTime:0.0010s ]
SQL: insert into blog_shijuhua(content,ctime) values ("她说----你可以输，可以倒，但不可以不站起来，战争还是要持续的。当然，目光长远，也要抬头看路，踩到狗屎，就是提醒自己该换双鞋了。",1460520429) [ RunTime:0.0000s ]
SQL: insert into blog_shijuhua(content,ctime) values ("「你别急，慢慢来」  安全感是自己给的。在现实里困惑又挣扎着成长的时候，唯一能依靠的是，是内心的笃定与踏实。太阳尚远，但必有太阳。",1460520429) [ RunTime:0.0000s ]
SQL: insert into blog_shijuhua(content,ctime) values ("现在不想跟人聊天 
一般都“吃饭了” “等会儿我先洗澡” 
哪像我们初中那么酷 
直接 “不是本人！”",1460520429) [ RunTime:0.0010s ]
SQL: insert into blog_shijuhua(content,ctime) values ("不知道有多少人和我一样，趴在床上玩手机，却开着电视电脑放着自己根本看都不看的节目，就是为了有点声而感到不寂寞。",1460520429) [ RunTime:0.0010s ]
SQL: insert into blog_shijuhua(content,ctime) values ("我不明白为什么有人会有拖延症，事情放在那总是要做的，与其推到明天，不如今天就推给别人做。",1460520429) [ RunTime:0.0000s ]
SQL: insert into blog_shijuhua(content,ctime) values ("我知道的，这个世界上有一种人是即使不见面，但也会在我们的脑海中百转千回。",1460520429) [ RunTime:0.0000s ]
SQL: insert into blog_shijuhua(content,ctime) values ("有些说睡觉是浪费时间的人，也不见得醒着时有多珍惜啊。",1460520429) [ RunTime:0.0000s ]
SQL: insert into blog_shijuhua(content,ctime) values ("特别讨厌两句话：女儿是妈妈的小棉袄；女儿是爸爸上辈子的情人。尤其第二句，这么明晃晃的乱伦指向有什么感人的？孩子就是孩子，不是任何人满足自我的载体。",1460520429) [ RunTime:0.0000s ]
SQL: insert into blog_shijuhua(content,ctime) values ("终于是有样东西可以赶上岛国大片在世界占的百分比：全世界85%的寒暑假作业都是中国学生写的。",1460520429) [ RunTime:0.0000s ]
INFO: [ app_end ] --START--
INFO: Run Behavior\ShowPageTraceBehavior [ RunTime:0.001000s ]
INFO: [ app_end ] --END-- [ RunTime:0.001000s ]

[ 2016-04-13T12:07:45+08:00 ] ::1 /SIRzhouHome/index.php/admin/work/add
INFO: [ app_init ] --START--
INFO: Run Behavior\BuildLiteBehavior [ RunTime:0.000000s ]
INFO: [ app_init ] --END-- [ RunTime:0.001000s ]
INFO: [ app_begin ] --START--
INFO: Run Behavior\ReadHtmlCacheBehavior [ RunTime:0.001000s ]
INFO: [ app_begin ] --END-- [ RunTime:0.001000s ]
NOTIC: [8] Undefined offset: 0 D:\WWW\SIRzhouHome\Blog\Admin\Util\Vquery.class.php 第 51 行.
SQL: insert into blog_shijuhua(content,ctime) values ("一个女孩子为什么要努力？努力是为了当你看到自己喜欢的东西时，不用担心自己的钱包，更不用顾虑别人的脸色。努力，跟你的性别无关，跟你单身与否无关，努力，是为了让自己更独立。你只有经济独立，才能人格独立，只有生活独立，才能思想独立。",1460520465) [ RunTime:0.0000s ]
SQL: insert into blog_shijuhua(content,ctime) values ("她说----你可以输，可以倒，但不可以不站起来，战争还是要持续的。当然，目光长远，也要抬头看路，踩到狗屎，就是提醒自己该换双鞋了。",1460520465) [ RunTime:0.0000s ]
SQL: insert into blog_shijuhua(content,ctime) values ("「你别急，慢慢来」  安全感是自己给的。在现实里困惑又挣扎着成长的时候，唯一能依靠的是，是内心的笃定与踏实。太阳尚远，但必有太阳。",1460520465) [ RunTime:0.0000s ]
SQL: insert into blog_shijuhua(content,ctime) values ("现在不想跟人聊天 
一般都“吃饭了” “等会儿我先洗澡” 
哪像我们初中那么酷 
直接 “不是本人！”",1460520465) [ RunTime:0.0000s ]
SQL: insert into blog_shijuhua(content,ctime) values ("不知道有多少人和我一样，趴在床上玩手机，却开着电视电脑放着自己根本看都不看的节目，就是为了有点声而感到不寂寞。",1460520465) [ RunTime:0.0010s ]
SQL: insert into blog_shijuhua(content,ctime) values ("我不明白为什么有人会有拖延症，事情放在那总是要做的，与其推到明天，不如今天就推给别人做。",1460520465) [ RunTime:0.0000s ]
SQL: insert into blog_shijuhua(content,ctime) values ("我知道的，这个世界上有一种人是即使不见面，但也会在我们的脑海中百转千回。",1460520465) [ RunTime:0.0000s ]
SQL: insert into blog_shijuhua(content,ctime) values ("有些说睡觉是浪费时间的人，也不见得醒着时有多珍惜啊。",1460520465) [ RunTime:0.0000s ]
SQL: insert into blog_shijuhua(content,ctime) values ("特别讨厌两句话：女儿是妈妈的小棉袄；女儿是爸爸上辈子的情人。尤其第二句，这么明晃晃的乱伦指向有什么感人的？孩子就是孩子，不是任何人满足自我的载体。",1460520465) [ RunTime:0.0000s ]
SQL: insert into blog_shijuhua(content,ctime) values ("终于是有样东西可以赶上岛国大片在世界占的百分比：全世界85%的寒暑假作业都是中国学生写的。",1460520465) [ RunTime:0.0000s ]
INFO: [ app_end ] --START--
INFO: Run Behavior\ShowPageTraceBehavior [ RunTime:0.001000s ]
INFO: [ app_end ] --END-- [ RunTime:0.001000s ]

[ 2016-04-13T12:19:33+08:00 ] ::1 /SIRzhouHome/index.php/admin/work/add
INFO: [ app_init ] --START--
INFO: Run Behavior\BuildLiteBehavior [ RunTime:0.000000s ]
INFO: [ app_init ] --END-- [ RunTime:0.000000s ]
INFO: [ app_begin ] --START--
INFO: Run Behavior\ReadHtmlCacheBehavior [ RunTime:0.002000s ]
INFO: [ app_begin ] --END-- [ RunTime:0.002000s ]
NOTIC: [8] Undefined offset: 0 D:\WWW\SIRzhouHome\Blog\Admin\Util\Vquery.class.php 第 51 行.
SQL: insert into blog_shijuhua(content,ctime) values ("一个女孩子为什么要努力？努力是为了当你看到自己喜欢的东西时，不用担心自己的钱包，更不用顾虑别人的脸色。努力，跟你的性别无关，跟你单身与否无关，努力，是为了让自己更独立。你只有经济独立，才能人格独立，只有生活独立，才能思想独立。",1460521173) [ RunTime:0.0000s ]
SQL: insert into blog_shijuhua(content,ctime) values ("她说----你可以输，可以倒，但不可以不站起来，战争还是要持续的。当然，目光长远，也要抬头看路，踩到狗屎，就是提醒自己该换双鞋了。",1460521173) [ RunTime:0.0000s ]
SQL: insert into blog_shijuhua(content,ctime) values ("「你别急，慢慢来」  安全感是自己给的。在现实里困惑又挣扎着成长的时候，唯一能依靠的是，是内心的笃定与踏实。太阳尚远，但必有太阳。",1460521173) [ RunTime:0.0010s ]
SQL: insert into blog_shijuhua(content,ctime) values ("现在不想跟人聊天 
一般都“吃饭了” “等会儿我先洗澡” 
哪像我们初中那么酷 
直接 “不是本人！”",1460521173) [ RunTime:0.0000s ]
SQL: insert into blog_shijuhua(content,ctime) values ("不知道有多少人和我一样，趴在床上玩手机，却开着电视电脑放着自己根本看都不看的节目，就是为了有点声而感到不寂寞。",1460521173) [ RunTime:0.0000s ]
SQL: insert into blog_shijuhua(content,ctime) values ("我不明白为什么有人会有拖延症，事情放在那总是要做的，与其推到明天，不如今天就推给别人做。",1460521173) [ RunTime:0.0000s ]
SQL: insert into blog_shijuhua(content,ctime) values ("我知道的，这个世界上有一种人是即使不见面，但也会在我们的脑海中百转千回。",1460521173) [ RunTime:0.0000s ]
SQL: insert into blog_shijuhua(content,ctime) values ("有些说睡觉是浪费时间的人，也不见得醒着时有多珍惜啊。",1460521173) [ RunTime:0.0000s ]
SQL: insert into blog_shijuhua(content,ctime) values ("特别讨厌两句话：女儿是妈妈的小棉袄；女儿是爸爸上辈子的情人。尤其第二句，这么明晃晃的乱伦指向有什么感人的？孩子就是孩子，不是任何人满足自我的载体。",1460521173) [ RunTime:0.0010s ]
SQL: insert into blog_shijuhua(content,ctime) values ("终于是有样东西可以赶上岛国大片在世界占的百分比：全世界85%的寒暑假作业都是中国学生写的。",1460521173) [ RunTime:0.0000s ]
INFO: [ app_end ] --START--
INFO: Run Behavior\ShowPageTraceBehavior [ RunTime:0.001000s ]
INFO: [ app_end ] --END-- [ RunTime:0.001000s ]

