[ 2016-05-28T14:02:54+08:00 ] ::1 /SIRzhouHome/index.php/admin
INFO: [ app_init ] --START--
INFO: Run Behavior\BuildLiteBehavior [ RunTime:0.000013s ]
INFO: [ app_init ] --END-- [ RunTime:0.000325s ]
INFO: [ app_begin ] --START--
INFO: Run Behavior\ReadHtmlCacheBehavior [ RunTime:0.000430s ]
INFO: [ app_begin ] --END-- [ RunTime:0.000481s ]
INFO: [ view_parse ] --START--
NOTIC: [2] file_get_contents(./Blog/Admin/View/Public/homefooter.html): failed to open stream: No such file or directory D:\WWW\SIRzhouHome\ThinkPHP\Library\Think\Template.class.php 第 696 行.
INFO: [ template_filter ] --START--
INFO: Run Behavior\ContentReplaceBehavior [ RunTime:0.000218s ]
INFO: [ template_filter ] --END-- [ RunTime:0.000458s ]
INFO: Run Behavior\ParseTemplateBehavior [ RunTime:0.220760s ]
INFO: [ view_parse ] --END-- [ RunTime:0.220834s ]
INFO: [ view_filter ] --START--
INFO: Run Behavior\WriteHtmlCacheBehavior [ RunTime:0.000526s ]
INFO: [ view_filter ] --END-- [ RunTime:0.000592s ]
INFO: [ app_end ] --START--
INFO: Run Behavior\ShowPageTraceBehavior [ RunTime:0.001290s ]
INFO: [ app_end ] --END-- [ RunTime:0.001475s ]

[ 2016-05-28T14:02:58+08:00 ] ::1 /SIRzhouHome/index.php/Admin/Fenlei/index
INFO: [ app_init ] --START--
INFO: Run Behavior\BuildLiteBehavior [ RunTime:0.000015s ]
INFO: [ app_init ] --END-- [ RunTime:0.000586s ]
INFO: [ app_begin ] --START--
INFO: Run Behavior\ReadHtmlCacheBehavior [ RunTime:0.000395s ]
INFO: [ app_begin ] --END-- [ RunTime:0.000432s ]
SQL: SHOW COLUMNS FROM `blog_fenlei` [ RunTime:0.0107s ]
SQL: SELECT `id`,`name`,`pid`,`path`,concat(path,'-',id) as bpath FROM `blog_fenlei` GROUP BY bpath  [ RunTime:0.0011s ]
INFO: [ view_parse ] --START--
NOTIC: [2] file_get_contents(./Blog/Admin/View/Public/homefooter.html): failed to open stream: No such file or directory D:\WWW\SIRzhouHome\ThinkPHP\Library\Think\Template.class.php 第 696 行.
INFO: [ template_filter ] --START--
INFO: Run Behavior\ContentReplaceBehavior [ RunTime:0.000095s ]
INFO: [ template_filter ] --END-- [ RunTime:0.000153s ]
INFO: Run Behavior\ParseTemplateBehavior [ RunTime:0.031713s ]
INFO: [ view_parse ] --END-- [ RunTime:0.031812s ]
INFO: [ view_filter ] --START--
INFO: Run Behavior\WriteHtmlCacheBehavior [ RunTime:0.000289s ]
INFO: [ view_filter ] --END-- [ RunTime:0.000333s ]
INFO: [ app_end ] --START--
INFO: Run Behavior\ShowPageTraceBehavior [ RunTime:0.000655s ]
INFO: [ app_end ] --END-- [ RunTime:0.000709s ]

[ 2016-05-28T14:03:09+08:00 ] ::1 /SIRzhouHome/index.php/Admin/Fenlei/add
INFO: [ app_init ] --START--
INFO: Run Behavior\BuildLiteBehavior [ RunTime:0.000013s ]
INFO: [ app_init ] --END-- [ RunTime:0.000313s ]
INFO: [ app_begin ] --START--
INFO: Run Behavior\ReadHtmlCacheBehavior [ RunTime:0.000420s ]
INFO: [ app_begin ] --END-- [ RunTime:0.000460s ]
SQL: SHOW COLUMNS FROM `blog_fenlei` [ RunTime:0.0949s ]
SQL: SELECT `id`,`name`,`pid`,`path`,concat(path,'-',id) as bpath FROM `blog_fenlei` GROUP BY bpath  [ RunTime:0.0021s ]
INFO: [ view_parse ] --START--
NOTIC: [2] file_get_contents(./Blog/Admin/View/Public/homefooter.html): failed to open stream: No such file or directory D:\WWW\SIRzhouHome\ThinkPHP\Library\Think\Template.class.php 第 696 行.
INFO: [ template_filter ] --START--
INFO: Run Behavior\ContentReplaceBehavior [ RunTime:0.000096s ]
INFO: [ template_filter ] --END-- [ RunTime:0.000151s ]
INFO: Run Behavior\ParseTemplateBehavior [ RunTime:0.038085s ]
INFO: [ view_parse ] --END-- [ RunTime:0.038216s ]
INFO: [ view_filter ] --START--
INFO: Run Behavior\WriteHtmlCacheBehavior [ RunTime:0.000292s ]
INFO: [ view_filter ] --END-- [ RunTime:0.000337s ]
INFO: [ app_end ] --START--
INFO: Run Behavior\ShowPageTraceBehavior [ RunTime:0.000809s ]
INFO: [ app_end ] --END-- [ RunTime:0.000860s ]

[ 2016-05-28T14:03:19+08:00 ] ::1 /SIRzhouHome/index.php/Admin/Fenlei/doadd
INFO: [ app_init ] --START--
INFO: Run Behavior\BuildLiteBehavior [ RunTime:0.000027s ]
INFO: [ app_init ] --END-- [ RunTime:0.000632s ]
INFO: [ app_begin ] --START--
INFO: Run Behavior\ReadHtmlCacheBehavior [ RunTime:0.000811s ]
INFO: [ app_begin ] --END-- [ RunTime:0.000902s ]
SQL: SHOW COLUMNS FROM `blog_fenlei` [ RunTime:0.0169s ]
NOTIC: [8] Undefined index: validate D:\WWW\SIRzhouHome\ThinkPHP\Library\Think\Model.class.php 第 1185 行.
NOTIC: [8] Undefined index: auto D:\WWW\SIRzhouHome\ThinkPHP\Library\Think\Model.class.php 第 1128 行.
SQL: SELECT * FROM `blog_fenlei` WHERE ( id=2 ) LIMIT 1   [ RunTime:0.0004s ]
SQL: INSERT INTO `blog_fenlei` (`pid`,`name`,`path`) VALUES ('2','2ci','0-1-2') [ RunTime:0.0004s ]
INFO: [ view_parse ] --START--
INFO: [ template_filter ] --START--
INFO: Run Behavior\ContentReplaceBehavior [ RunTime:0.000096s ]
INFO: [ template_filter ] --END-- [ RunTime:0.000224s ]
INFO: Run Behavior\ParseTemplateBehavior [ RunTime:0.033831s ]
INFO: [ view_parse ] --END-- [ RunTime:0.033916s ]
INFO: [ view_filter ] --START--
INFO: Run Behavior\WriteHtmlCacheBehavior [ RunTime:0.000434s ]
INFO: [ view_filter ] --END-- [ RunTime:0.000497s ]
INFO: [ app_end ] --START--
INFO: Run Behavior\ShowPageTraceBehavior [ RunTime:0.000897s ]
INFO: [ app_end ] --END-- [ RunTime:0.000963s ]

[ 2016-05-28T14:03:21+08:00 ] ::1 /SIRzhouHome/index.php/Admin/Fenlei/add
INFO: [ app_init ] --START--
INFO: Run Behavior\BuildLiteBehavior [ RunTime:0.000030s ]
INFO: [ app_init ] --END-- [ RunTime:0.001031s ]
INFO: [ app_begin ] --START--
INFO: Run Behavior\ReadHtmlCacheBehavior [ RunTime:0.000823s ]
INFO: [ app_begin ] --END-- [ RunTime:0.000891s ]
SQL: SHOW COLUMNS FROM `blog_fenlei` [ RunTime:0.0076s ]
SQL: SELECT `id`,`name`,`pid`,`path`,concat(path,'-',id) as bpath FROM `blog_fenlei` GROUP BY bpath  [ RunTime:0.0006s ]
INFO: [ view_parse ] --START--
NOTIC: [2] file_get_contents(./Blog/Admin/View/Public/homefooter.html): failed to open stream: No such file or directory D:\WWW\SIRzhouHome\ThinkPHP\Library\Think\Template.class.php 第 696 行.
INFO: [ template_filter ] --START--
INFO: Run Behavior\ContentReplaceBehavior [ RunTime:0.000109s ]
INFO: [ template_filter ] --END-- [ RunTime:0.000183s ]
INFO: Run Behavior\ParseTemplateBehavior [ RunTime:0.012234s ]
INFO: [ view_parse ] --END-- [ RunTime:0.012304s ]
INFO: [ view_filter ] --START--
INFO: Run Behavior\WriteHtmlCacheBehavior [ RunTime:0.000336s ]
INFO: [ view_filter ] --END-- [ RunTime:0.000387s ]
INFO: [ app_end ] --START--
INFO: Run Behavior\ShowPageTraceBehavior [ RunTime:0.001005s ]
INFO: [ app_end ] --END-- [ RunTime:0.001082s ]

[ 2016-05-28T14:03:31+08:00 ] ::1 /SIRzhouHome/index.php/Admin/Fenlei/doadd
INFO: [ app_init ] --START--
INFO: Run Behavior\BuildLiteBehavior [ RunTime:0.000017s ]
INFO: [ app_init ] --END-- [ RunTime:0.000388s ]
INFO: [ app_begin ] --START--
INFO: Run Behavior\ReadHtmlCacheBehavior [ RunTime:0.000526s ]
INFO: [ app_begin ] --END-- [ RunTime:0.000584s ]
SQL: SHOW COLUMNS FROM `blog_fenlei` [ RunTime:0.0086s ]
NOTIC: [8] Undefined index: validate D:\WWW\SIRzhouHome\ThinkPHP\Library\Think\Model.class.php 第 1185 行.
NOTIC: [8] Undefined index: auto D:\WWW\SIRzhouHome\ThinkPHP\Library\Think\Model.class.php 第 1128 行.
SQL: SELECT * FROM `blog_fenlei` WHERE ( id=54 ) LIMIT 1   [ RunTime:0.0007s ]
SQL: INSERT INTO `blog_fenlei` (`pid`,`name`,`path`) VALUES ('54','3ci','0-1-2-54') [ RunTime:0.0006s ]
INFO: [ view_parse ] --START--
INFO: [ template_filter ] --START--
INFO: Run Behavior\ContentReplaceBehavior [ RunTime:0.000094s ]
INFO: [ template_filter ] --END-- [ RunTime:0.000237s ]
INFO: Run Behavior\ParseTemplateBehavior [ RunTime:0.016181s ]
INFO: [ view_parse ] --END-- [ RunTime:0.016314s ]
INFO: [ view_filter ] --START--
INFO: Run Behavior\WriteHtmlCacheBehavior [ RunTime:0.000642s ]
INFO: [ view_filter ] --END-- [ RunTime:0.000740s ]
INFO: [ app_end ] --START--
INFO: Run Behavior\ShowPageTraceBehavior [ RunTime:0.001407s ]
INFO: [ app_end ] --END-- [ RunTime:0.001548s ]

[ 2016-05-28T14:03:33+08:00 ] ::1 /SIRzhouHome/index.php/Admin/Fenlei/add
INFO: [ app_init ] --START--
INFO: Run Behavior\BuildLiteBehavior [ RunTime:0.000032s ]
INFO: [ app_init ] --END-- [ RunTime:0.000840s ]
INFO: [ app_begin ] --START--
INFO: Run Behavior\ReadHtmlCacheBehavior [ RunTime:0.001203s ]
INFO: [ app_begin ] --END-- [ RunTime:0.001302s ]
SQL: SHOW COLUMNS FROM `blog_fenlei` [ RunTime:0.0046s ]
SQL: SELECT `id`,`name`,`pid`,`path`,concat(path,'-',id) as bpath FROM `blog_fenlei` GROUP BY bpath  [ RunTime:0.0006s ]
INFO: [ view_parse ] --START--
NOTIC: [2] file_get_contents(./Blog/Admin/View/Public/homefooter.html): failed to open stream: No such file or directory D:\WWW\SIRzhouHome\ThinkPHP\Library\Think\Template.class.php 第 696 行.
INFO: [ template_filter ] --START--
INFO: Run Behavior\ContentReplaceBehavior [ RunTime:0.000109s ]
INFO: [ template_filter ] --END-- [ RunTime:0.000178s ]
INFO: Run Behavior\ParseTemplateBehavior [ RunTime:0.012226s ]
INFO: [ view_parse ] --END-- [ RunTime:0.012292s ]
INFO: [ view_filter ] --START--
INFO: Run Behavior\WriteHtmlCacheBehavior [ RunTime:0.000318s ]
INFO: [ view_filter ] --END-- [ RunTime:0.000367s ]
INFO: [ app_end ] --START--
INFO: Run Behavior\ShowPageTraceBehavior [ RunTime:0.000995s ]
INFO: [ app_end ] --END-- [ RunTime:0.001077s ]

[ 2016-05-28T14:03:39+08:00 ] ::1 /SIRzhouHome/index.php/Admin/Fenlei/doadd
INFO: [ app_init ] --START--
INFO: Run Behavior\BuildLiteBehavior [ RunTime:0.000013s ]
INFO: [ app_init ] --END-- [ RunTime:0.000319s ]
INFO: [ app_begin ] --START--
INFO: Run Behavior\ReadHtmlCacheBehavior [ RunTime:0.000451s ]
INFO: [ app_begin ] --END-- [ RunTime:0.000494s ]
SQL: SHOW COLUMNS FROM `blog_fenlei` [ RunTime:0.0099s ]
NOTIC: [8] Undefined index: validate D:\WWW\SIRzhouHome\ThinkPHP\Library\Think\Model.class.php 第 1185 行.
NOTIC: [8] Undefined index: auto D:\WWW\SIRzhouHome\ThinkPHP\Library\Think\Model.class.php 第 1128 行.
SQL: SELECT * FROM `blog_fenlei` WHERE ( id=53 ) LIMIT 1   [ RunTime:0.0007s ]
SQL: INSERT INTO `blog_fenlei` (`pid`,`name`,`path`) VALUES ('53','4ci','0-1-53') [ RunTime:0.0006s ]
INFO: [ view_parse ] --START--
INFO: [ template_filter ] --START--
INFO: Run Behavior\ContentReplaceBehavior [ RunTime:0.000094s ]
INFO: [ template_filter ] --END-- [ RunTime:0.000227s ]
INFO: Run Behavior\ParseTemplateBehavior [ RunTime:0.015305s ]
INFO: [ view_parse ] --END-- [ RunTime:0.015450s ]
INFO: [ view_filter ] --START--
INFO: Run Behavior\WriteHtmlCacheBehavior [ RunTime:0.000644s ]
INFO: [ view_filter ] --END-- [ RunTime:0.000762s ]
INFO: [ app_end ] --START--
INFO: Run Behavior\ShowPageTraceBehavior [ RunTime:0.001465s ]
INFO: [ app_end ] --END-- [ RunTime:0.001577s ]

[ 2016-05-28T14:03:41+08:00 ] ::1 /SIRzhouHome/index.php/Admin/Fenlei/add
INFO: [ app_init ] --START--
INFO: Run Behavior\BuildLiteBehavior [ RunTime:0.000019s ]
INFO: [ app_init ] --END-- [ RunTime:0.000471s ]
INFO: [ app_begin ] --START--
INFO: Run Behavior\ReadHtmlCacheBehavior [ RunTime:0.000615s ]
INFO: [ app_begin ] --END-- [ RunTime:0.000674s ]
SQL: SHOW COLUMNS FROM `blog_fenlei` [ RunTime:0.0227s ]
SQL: SELECT `id`,`name`,`pid`,`path`,concat(path,'-',id) as bpath FROM `blog_fenlei` GROUP BY bpath  [ RunTime:0.0012s ]
INFO: [ view_parse ] --START--
NOTIC: [2] file_get_contents(./Blog/Admin/View/Public/homefooter.html): failed to open stream: No such file or directory D:\WWW\SIRzhouHome\ThinkPHP\Library\Think\Template.class.php 第 696 行.
INFO: [ template_filter ] --START--
INFO: Run Behavior\ContentReplaceBehavior [ RunTime:0.000215s ]
INFO: [ template_filter ] --END-- [ RunTime:0.000341s ]
INFO: Run Behavior\ParseTemplateBehavior [ RunTime:0.024603s ]
INFO: [ view_parse ] --END-- [ RunTime:0.024737s ]
INFO: [ view_filter ] --START--
INFO: Run Behavior\WriteHtmlCacheBehavior [ RunTime:0.000952s ]
INFO: [ view_filter ] --END-- [ RunTime:0.001095s ]
INFO: [ app_end ] --START--
INFO: Run Behavior\ShowPageTraceBehavior [ RunTime:0.002094s ]
INFO: [ app_end ] --END-- [ RunTime:0.002276s ]

[ 2016-05-28T14:03:43+08:00 ] ::1 /SIRzhouHome/index.php/Admin/Fenlei/index
INFO: [ app_init ] --START--
INFO: Run Behavior\BuildLiteBehavior [ RunTime:0.000019s ]
INFO: [ app_init ] --END-- [ RunTime:0.000380s ]
INFO: [ app_begin ] --START--
INFO: Run Behavior\ReadHtmlCacheBehavior [ RunTime:0.000361s ]
INFO: [ app_begin ] --END-- [ RunTime:0.000394s ]
SQL: SHOW COLUMNS FROM `blog_fenlei` [ RunTime:0.0086s ]
SQL: SELECT `id`,`name`,`pid`,`path`,concat(path,'-',id) as bpath FROM `blog_fenlei` GROUP BY bpath  [ RunTime:0.0012s ]
INFO: [ view_parse ] --START--
NOTIC: [2] file_get_contents(./Blog/Admin/View/Public/homefooter.html): failed to open stream: No such file or directory D:\WWW\SIRzhouHome\ThinkPHP\Library\Think\Template.class.php 第 696 行.
INFO: [ template_filter ] --START--
INFO: Run Behavior\ContentReplaceBehavior [ RunTime:0.000213s ]
INFO: [ template_filter ] --END-- [ RunTime:0.000350s ]
INFO: Run Behavior\ParseTemplateBehavior [ RunTime:0.026268s ]
INFO: [ view_parse ] --END-- [ RunTime:0.026368s ]
INFO: [ view_filter ] --START--
INFO: Run Behavior\WriteHtmlCacheBehavior [ RunTime:0.000313s ]
INFO: [ view_filter ] --END-- [ RunTime:0.000354s ]
INFO: [ app_end ] --START--
INFO: Run Behavior\ShowPageTraceBehavior [ RunTime:0.000718s ]
INFO: [ app_end ] --END-- [ RunTime:0.000800s ]

[ 2016-05-28T14:03:57+08:00 ] ::1 /SIRzhouHome/index.php/Admin/Fenlei/add
INFO: [ app_init ] --START--
INFO: Run Behavior\BuildLiteBehavior [ RunTime:0.000012s ]
INFO: [ app_init ] --END-- [ RunTime:0.000269s ]
INFO: [ app_begin ] --START--
INFO: Run Behavior\ReadHtmlCacheBehavior [ RunTime:0.000383s ]
INFO: [ app_begin ] --END-- [ RunTime:0.000416s ]
SQL: SHOW COLUMNS FROM `blog_fenlei` [ RunTime:0.0058s ]
SQL: SELECT `id`,`name`,`pid`,`path`,concat(path,'-',id) as bpath FROM `blog_fenlei` GROUP BY bpath  [ RunTime:0.0014s ]
INFO: [ view_parse ] --START--
NOTIC: [2] file_get_contents(./Blog/Admin/View/Public/homefooter.html): failed to open stream: No such file or directory D:\WWW\SIRzhouHome\ThinkPHP\Library\Think\Template.class.php 第 696 行.
INFO: [ template_filter ] --START--
INFO: Run Behavior\ContentReplaceBehavior [ RunTime:0.000212s ]
INFO: [ template_filter ] --END-- [ RunTime:0.000325s ]
INFO: Run Behavior\ParseTemplateBehavior [ RunTime:0.017148s ]
INFO: [ view_parse ] --END-- [ RunTime:0.017289s ]
INFO: [ view_filter ] --START--
INFO: Run Behavior\WriteHtmlCacheBehavior [ RunTime:0.000529s ]
INFO: [ view_filter ] --END-- [ RunTime:0.000617s ]
INFO: [ app_end ] --START--
INFO: Run Behavior\ShowPageTraceBehavior [ RunTime:0.001511s ]
INFO: [ app_end ] --END-- [ RunTime:0.001640s ]

[ 2016-05-28T14:05:06+08:00 ] ::1 /SIRzhouHome/index.php/Admin/Fenlei/add
INFO: [ app_init ] --START--
INFO: Run Behavior\BuildLiteBehavior [ RunTime:0.000011s ]
INFO: [ app_init ] --END-- [ RunTime:0.000298s ]
INFO: [ app_begin ] --START--
INFO: Run Behavior\ReadHtmlCacheBehavior [ RunTime:0.000493s ]
INFO: [ app_begin ] --END-- [ RunTime:0.000535s ]
SQL: SHOW COLUMNS FROM `blog_fenlei` [ RunTime:0.0092s ]
SQL: SELECT `id`,`name`,`pid`,`path`,concat(path,'-',id) as bpath FROM `blog_fenlei` GROUP BY bpath  [ RunTime:0.0015s ]

[ 2016-05-28T18:11:34+08:00 ] ::1 /SIRzhouHome/index.php/Admin/Fenlei/index
INFO: [ app_init ] --START--
INFO: Run Behavior\BuildLiteBehavior [ RunTime:0.000012s ]
INFO: [ app_init ] --END-- [ RunTime:0.000326s ]
INFO: [ app_begin ] --START--
INFO: Run Behavior\ReadHtmlCacheBehavior [ RunTime:0.000410s ]
INFO: [ app_begin ] --END-- [ RunTime:0.000450s ]
SQL: SHOW COLUMNS FROM `blog_fenlei` [ RunTime:0.0036s ]
SQL: SELECT `id`,`name`,`pid`,`path`,concat(path,'-',id) as bpath FROM `blog_fenlei` GROUP BY bpath  [ RunTime:0.0004s ]

[ 2016-05-28T18:11:50+08:00 ] ::1 /SIRzhouHome/index.php/Admin/Fenlei/index
INFO: [ app_init ] --START--
INFO: Run Behavior\BuildLiteBehavior [ RunTime:0.000011s ]
INFO: [ app_init ] --END-- [ RunTime:0.000267s ]
INFO: [ app_begin ] --START--
INFO: Run Behavior\ReadHtmlCacheBehavior [ RunTime:0.000364s ]
INFO: [ app_begin ] --END-- [ RunTime:0.000398s ]
SQL: SHOW COLUMNS FROM `blog_fenlei` [ RunTime:0.0029s ]
SQL: SELECT `id`,`name`,`pid`,`path`,concat(path,'-',id) as bpath FROM `blog_fenlei` GROUP BY bpath  [ RunTime:0.0005s ]
INFO: [ view_parse ] --START--
NOTIC: [2] file_get_contents(./Blog/Admin/View/Public/homefooter.html): failed to open stream: No such file or directory D:\WWW\SIRzhouHome\ThinkPHP\Library\Think\Template.class.php 第 696 行.
INFO: [ template_filter ] --START--
INFO: Run Behavior\ContentReplaceBehavior [ RunTime:0.000096s ]
INFO: [ template_filter ] --END-- [ RunTime:0.000155s ]
INFO: Run Behavior\ParseTemplateBehavior [ RunTime:0.017071s ]
INFO: [ view_parse ] --END-- [ RunTime:0.017120s ]
INFO: [ view_filter ] --START--
INFO: Run Behavior\WriteHtmlCacheBehavior [ RunTime:0.000232s ]
INFO: [ view_filter ] --END-- [ RunTime:0.000261s ]
INFO: [ app_end ] --START--
INFO: Run Behavior\ShowPageTraceBehavior [ RunTime:0.000510s ]
INFO: [ app_end ] --END-- [ RunTime:0.000548s ]

[ 2016-05-28T18:11:55+08:00 ] ::1 /SIRzhouHome/index.php/Admin/Fenlei/add
INFO: [ app_init ] --START--
INFO: Run Behavior\BuildLiteBehavior [ RunTime:0.000015s ]
INFO: [ app_init ] --END-- [ RunTime:0.000372s ]
INFO: [ app_begin ] --START--
INFO: Run Behavior\ReadHtmlCacheBehavior [ RunTime:0.000509s ]
INFO: [ app_begin ] --END-- [ RunTime:0.000555s ]
SQL: SHOW COLUMNS FROM `blog_fenlei` [ RunTime:0.0029s ]
SQL: SELECT `id`,`name`,`pid`,`path`,concat(path,'-',id) as bpath FROM `blog_fenlei` GROUP BY bpath  [ RunTime:0.0004s ]
INFO: [ view_parse ] --START--
NOTIC: [2] file_get_contents(./Blog/Admin/View/Public/homefooter.html): failed to open stream: No such file or directory D:\WWW\SIRzhouHome\ThinkPHP\Library\Think\Template.class.php 第 696 行.
INFO: [ template_filter ] --START--
INFO: Run Behavior\ContentReplaceBehavior [ RunTime:0.000062s ]
INFO: [ template_filter ] --END-- [ RunTime:0.000107s ]
INFO: Run Behavior\ParseTemplateBehavior [ RunTime:0.007051s ]
INFO: [ view_parse ] --END-- [ RunTime:0.007089s ]
INFO: [ view_filter ] --START--
INFO: Run Behavior\WriteHtmlCacheBehavior [ RunTime:0.000188s ]
INFO: [ view_filter ] --END-- [ RunTime:0.000217s ]
INFO: [ app_end ] --START--
INFO: Run Behavior\ShowPageTraceBehavior [ RunTime:0.000569s ]
INFO: [ app_end ] --END-- [ RunTime:0.000612s ]

