[ 2016-04-05T09:59:51+08:00 ] ::1 /SIRzhouHome/index.php
INFO: [ app_init ] --START--
INFO: Run Behavior\BuildLiteBehavior [ RunTime:0.000000s ]
INFO: [ app_init ] --END-- [ RunTime:0.000000s ]
INFO: [ app_begin ] --START--
INFO: Run Behavior\ReadHtmlCacheBehavior [ RunTime:0.001000s ]
INFO: [ app_begin ] --END-- [ RunTime:0.001000s ]
SQL: SHOW COLUMNS FROM `blog_friendlink` [ RunTime:0.0540s ]
SQL: SELECT * FROM `blog_friendlink` ORDER BY ctime LIMIT 0,10   [ RunTime:0.0130s ]
SQL: select a.*,b.username,c.name from blog_article as a, blog_admin as b,blog_fenlei as c where a.uid=b.id and a.status=0 and c.id=a.pid order by view desc limit 0,5 [ RunTime:0.0410s ]
SQL: select a.*,b.username,c.name from blog_article as a, blog_admin as b,blog_fenlei as c where a.uid=b.id and a.status=0 and c.id=a.pid order by edittime desc limit 0,5 [ RunTime:0.0000s ]
INFO: [ view_parse ] --START--
INFO: [ template_filter ] --START--
INFO: Run Behavior\ContentReplaceBehavior [ RunTime:0.001000s ]
INFO: [ template_filter ] --END-- [ RunTime:0.001000s ]
INFO: Run Behavior\ParseTemplateBehavior [ RunTime:0.083004s ]
INFO: [ view_parse ] --END-- [ RunTime:0.083004s ]
INFO: [ view_filter ] --START--
INFO: Run Behavior\WriteHtmlCacheBehavior [ RunTime:0.001000s ]
INFO: [ view_filter ] --END-- [ RunTime:0.001000s ]
INFO: [ app_end ] --START--
INFO: Run Behavior\ShowPageTraceBehavior [ RunTime:0.001000s ]
INFO: [ app_end ] --END-- [ RunTime:0.001000s ]

[ 2016-04-05T10:02:55+08:00 ] ::1 /SIRzhouHome/index.php
INFO: [ app_init ] --START--
INFO: Run Behavior\BuildLiteBehavior [ RunTime:0.000000s ]
INFO: [ app_init ] --END-- [ RunTime:0.001000s ]
INFO: [ app_begin ] --START--
INFO: Run Behavior\ReadHtmlCacheBehavior [ RunTime:0.002000s ]
INFO: [ app_begin ] --END-- [ RunTime:0.002000s ]
SQL: SHOW COLUMNS FROM `blog_friendlink` [ RunTime:0.0060s ]
SQL: SELECT * FROM `blog_friendlink` ORDER BY ctime LIMIT 0,10   [ RunTime:0.0000s ]
SQL: select a.*,b.username,c.name from blog_article as a, blog_admin as b,blog_fenlei as c where a.uid=b.id and a.status=0 and c.id=a.pid order by view desc limit 0,5 [ RunTime:0.0010s ]
SQL: select a.*,b.username,c.name from blog_article as a, blog_admin as b,blog_fenlei as c where a.uid=b.id and a.status=0 and c.id=a.pid order by edittime desc limit 0,5 [ RunTime:0.0000s ]
INFO: [ view_parse ] --START--
INFO: [ template_filter ] --START--
INFO: Run Behavior\ContentReplaceBehavior [ RunTime:0.000000s ]
INFO: [ template_filter ] --END-- [ RunTime:0.001000s ]
INFO: Run Behavior\ParseTemplateBehavior [ RunTime:0.012000s ]
INFO: [ view_parse ] --END-- [ RunTime:0.012000s ]
INFO: [ view_filter ] --START--
INFO: Run Behavior\WriteHtmlCacheBehavior [ RunTime:0.000000s ]
INFO: [ view_filter ] --END-- [ RunTime:0.000000s ]
INFO: [ app_end ] --START--
INFO: Run Behavior\ShowPageTraceBehavior [ RunTime:0.001001s ]
INFO: [ app_end ] --END-- [ RunTime:0.001001s ]

[ 2016-04-05T10:03:20+08:00 ] ::1 /SIRzhouHome/index.php
INFO: [ app_init ] --START--
INFO: Run Behavior\BuildLiteBehavior [ RunTime:0.000000s ]
INFO: [ app_init ] --END-- [ RunTime:0.001000s ]
INFO: [ app_begin ] --START--
INFO: Run Behavior\ReadHtmlCacheBehavior [ RunTime:0.001000s ]
INFO: [ app_begin ] --END-- [ RunTime:0.001000s ]
SQL: SHOW COLUMNS FROM `blog_friendlink` [ RunTime:0.0080s ]
SQL: SELECT * FROM `blog_friendlink` ORDER BY ctime LIMIT 0,10   [ RunTime:0.0010s ]
SQL: select a.*,b.username,c.name from blog_article as a, blog_admin as b,blog_fenlei as c where a.uid=b.id and a.status=0 and c.id=a.pid order by view desc limit 0,5 [ RunTime:0.0000s ]
SQL: select a.*,b.username,c.name from blog_article as a, blog_admin as b,blog_fenlei as c where a.uid=b.id and a.status=0 and c.id=a.pid order by edittime desc limit 0,5 [ RunTime:0.0000s ]
INFO: [ view_parse ] --START--
INFO: [ template_filter ] --START--
INFO: Run Behavior\ContentReplaceBehavior [ RunTime:0.000000s ]
INFO: [ template_filter ] --END-- [ RunTime:0.000000s ]
INFO: Run Behavior\ParseTemplateBehavior [ RunTime:0.008000s ]
INFO: [ view_parse ] --END-- [ RunTime:0.008000s ]
INFO: [ view_filter ] --START--
INFO: Run Behavior\WriteHtmlCacheBehavior [ RunTime:0.000000s ]
INFO: [ view_filter ] --END-- [ RunTime:0.000000s ]
INFO: [ app_end ] --START--
INFO: Run Behavior\ShowPageTraceBehavior [ RunTime:0.001000s ]
INFO: [ app_end ] --END-- [ RunTime:0.001000s ]

[ 2016-04-05T10:03:44+08:00 ] ::1 /SIRzhouHome/index.php
INFO: [ app_init ] --START--
INFO: Run Behavior\BuildLiteBehavior [ RunTime:0.000000s ]
INFO: [ app_init ] --END-- [ RunTime:0.000000s ]
INFO: [ app_begin ] --START--
INFO: Run Behavior\ReadHtmlCacheBehavior [ RunTime:0.000000s ]
INFO: [ app_begin ] --END-- [ RunTime:0.000000s ]
SQL: SHOW COLUMNS FROM `blog_friendlink` [ RunTime:0.0060s ]
SQL: SELECT * FROM `blog_friendlink` ORDER BY ctime LIMIT 0,10   [ RunTime:0.0000s ]
SQL: select a.*,b.username,c.name from blog_article as a, blog_admin as b,blog_fenlei as c where a.uid=b.id and a.status=0 and c.id=a.pid order by view desc limit 0,5 [ RunTime:0.0010s ]
SQL: select a.*,b.username,c.name from blog_article as a, blog_admin as b,blog_fenlei as c where a.uid=b.id and a.status=0 and c.id=a.pid order by edittime desc limit 0,5 [ RunTime:0.0000s ]
INFO: [ view_parse ] --START--
INFO: [ template_filter ] --START--
INFO: Run Behavior\ContentReplaceBehavior [ RunTime:0.000000s ]
INFO: [ template_filter ] --END-- [ RunTime:0.001000s ]
INFO: Run Behavior\ParseTemplateBehavior [ RunTime:0.009000s ]
INFO: [ view_parse ] --END-- [ RunTime:0.009000s ]
INFO: [ view_filter ] --START--
INFO: Run Behavior\WriteHtmlCacheBehavior [ RunTime:0.001000s ]
INFO: [ view_filter ] --END-- [ RunTime:0.001000s ]
INFO: [ app_end ] --START--
INFO: Run Behavior\ShowPageTraceBehavior [ RunTime:0.000000s ]
INFO: [ app_end ] --END-- [ RunTime:0.000000s ]

[ 2016-04-05T11:53:58+08:00 ] ::1 /SIRzhouHome/index.php
INFO: [ app_init ] --START--
INFO: Run Behavior\BuildLiteBehavior [ RunTime:0.000000s ]
INFO: [ app_init ] --END-- [ RunTime:0.001000s ]
INFO: [ app_begin ] --START--
INFO: Run Behavior\ReadHtmlCacheBehavior [ RunTime:0.000000s ]
INFO: [ app_begin ] --END-- [ RunTime:0.000000s ]
SQL: SHOW COLUMNS FROM `blog_friendlink` [ RunTime:0.1050s ]
SQL: SELECT * FROM `blog_friendlink` ORDER BY ctime LIMIT 0,10   [ RunTime:0.0170s ]
SQL: select a.*,b.username,c.name from blog_article as a, blog_admin as b,blog_fenlei as c where a.uid=b.id and a.status=0 and c.id=a.pid order by view desc limit 0,5 [ RunTime:0.0570s ]
SQL: select a.*,b.username,c.name from blog_article as a, blog_admin as b,blog_fenlei as c where a.uid=b.id and a.status=0 and c.id=a.pid order by edittime desc limit 0,5 [ RunTime:0.0020s ]
INFO: [ view_parse ] --START--
INFO: [ template_filter ] --START--
INFO: Run Behavior\ContentReplaceBehavior [ RunTime:0.000000s ]
INFO: [ template_filter ] --END-- [ RunTime:0.000000s ]
INFO: Run Behavior\ParseTemplateBehavior [ RunTime:0.040002s ]
INFO: [ view_parse ] --END-- [ RunTime:0.040002s ]
INFO: [ view_filter ] --START--
INFO: Run Behavior\WriteHtmlCacheBehavior [ RunTime:0.001000s ]
INFO: [ view_filter ] --END-- [ RunTime:0.001000s ]
INFO: [ app_end ] --START--
INFO: Run Behavior\ShowPageTraceBehavior [ RunTime:0.001000s ]
INFO: [ app_end ] --END-- [ RunTime:0.001000s ]

