[ 2016-04-19T10:00:56+08:00 ] ::1 /SIRzhouHome/index.php/
INFO: [ app_init ] --START--
INFO: Run Behavior\BuildLiteBehavior [ RunTime:0.000012s ]
INFO: [ app_init ] --END-- [ RunTime:0.000421s ]
INFO: [ app_begin ] --START--
INFO: Run Behavior\ReadHtmlCacheBehavior [ RunTime:0.000492s ]
INFO: [ app_begin ] --END-- [ RunTime:0.000529s ]
SQL: SHOW COLUMNS FROM `blog_friendlink` [ RunTime:0.0943s ]
SQL: SELECT * FROM `blog_friendlink` ORDER BY ctime LIMIT 0,10   [ RunTime:0.0350s ]
SQL: select a.*,b.username,c.name from blog_article as a, blog_admin as b,blog_fenlei as c where a.uid=b.id and a.status=0 and c.id=a.pid order by view desc limit 0,5 [ RunTime:0.2124s ]
SQL: select a.*,b.username,c.name from blog_article as a, blog_admin as b,blog_fenlei as c where a.uid=b.id and a.status=0 and c.id=a.pid order by edittime desc limit 0,5 [ RunTime:0.0004s ]
SQL: SHOW COLUMNS FROM `blog_shijuhua` [ RunTime:0.1472s ]
SQL: SELECT * FROM `blog_shijuhua` ORDER BY id desc LIMIT 0,10   [ RunTime:0.0181s ]
INFO: [ view_parse ] --START--
INFO: [ template_filter ] --START--
INFO: Run Behavior\ContentReplaceBehavior [ RunTime:0.000118s ]
INFO: [ template_filter ] --END-- [ RunTime:0.000185s ]
NOTIC: [8] Undefined index: title D:\WWW\SIRzhouHome\Blog\Runtime\Cache\Home\a67186ba50fdb030aaa95e12cc1b51b5.php 第 86 行.
NOTIC: [8] Undefined index: title D:\WWW\SIRzhouHome\Blog\Runtime\Cache\Home\a67186ba50fdb030aaa95e12cc1b51b5.php 第 86 行.
NOTIC: [8] Undefined index: title D:\WWW\SIRzhouHome\Blog\Runtime\Cache\Home\a67186ba50fdb030aaa95e12cc1b51b5.php 第 86 行.
NOTIC: [8] Undefined index: title D:\WWW\SIRzhouHome\Blog\Runtime\Cache\Home\a67186ba50fdb030aaa95e12cc1b51b5.php 第 86 行.
NOTIC: [8] Undefined index: title D:\WWW\SIRzhouHome\Blog\Runtime\Cache\Home\a67186ba50fdb030aaa95e12cc1b51b5.php 第 86 行.
NOTIC: [8] Undefined index: title D:\WWW\SIRzhouHome\Blog\Runtime\Cache\Home\a67186ba50fdb030aaa95e12cc1b51b5.php 第 86 行.
NOTIC: [8] Undefined index: title D:\WWW\SIRzhouHome\Blog\Runtime\Cache\Home\a67186ba50fdb030aaa95e12cc1b51b5.php 第 86 行.
NOTIC: [8] Undefined index: title D:\WWW\SIRzhouHome\Blog\Runtime\Cache\Home\a67186ba50fdb030aaa95e12cc1b51b5.php 第 86 行.
NOTIC: [8] Undefined index: title D:\WWW\SIRzhouHome\Blog\Runtime\Cache\Home\a67186ba50fdb030aaa95e12cc1b51b5.php 第 86 行.
NOTIC: [8] Undefined index: title D:\WWW\SIRzhouHome\Blog\Runtime\Cache\Home\a67186ba50fdb030aaa95e12cc1b51b5.php 第 86 行.
INFO: Run Behavior\ParseTemplateBehavior [ RunTime:0.051547s ]
INFO: [ view_parse ] --END-- [ RunTime:0.051766s ]
INFO: [ view_filter ] --START--
INFO: Run Behavior\WriteHtmlCacheBehavior [ RunTime:0.000829s ]
INFO: [ view_filter ] --END-- [ RunTime:0.000914s ]
INFO: [ app_end ] --START--
INFO: Run Behavior\ShowPageTraceBehavior [ RunTime:0.000953s ]
INFO: [ app_end ] --END-- [ RunTime:0.001038s ]

