[ 2016-07-25T15:36:03+08:00 ] ::1 /SIRzhouHome/
INFO: [ app_init ] --START--
INFO: Run Behavior\BuildLiteBehavior [ RunTime:0.000014s ]
INFO: [ app_init ] --END-- [ RunTime:0.000339s ]
INFO: [ app_begin ] --START--
INFO: Run Behavior\ReadHtmlCacheBehavior [ RunTime:0.000596s ]
INFO: [ app_begin ] --END-- [ RunTime:0.000640s ]
SQL: SHOW COLUMNS FROM `blog_friendlink` [ RunTime:0.1374s ]
SQL: SELECT * FROM `blog_friendlink` ORDER BY ctime LIMIT 0,10   [ RunTime:0.0006s ]
SQL: select a.*,b.username,c.name from blog_article as a, blog_admin as b,blog_fenlei as c where a.uid=b.id and a.status=0 and c.id=a.pid order by view desc limit 0,5 [ RunTime:0.0360s ]
SQL: select a.*,b.username,c.name,c.id as fid from blog_article as a, blog_admin as b,blog_fenlei as c where a.uid=b.id and a.status=0 and c.id=a.pid order by edittime desc limit 0,5 [ RunTime:0.0004s ]
SQL: SHOW COLUMNS FROM `blog_shijuhua` [ RunTime:0.0212s ]
SQL: SELECT * FROM `blog_shijuhua` ORDER BY id desc LIMIT 0,10   [ RunTime:0.0007s ]
INFO: [ view_parse ] --START--
INFO: [ template_filter ] --START--
INFO: Run Behavior\ContentReplaceBehavior [ RunTime:0.000064s ]
INFO: [ template_filter ] --END-- [ RunTime:0.000109s ]
NOTIC: [8] Undefined index: title D:\phpStudy\WWW\SIRzhouHome\Blog\Runtime\Cache\Home\a67186ba50fdb030aaa95e12cc1b51b5.php 第 86 行.
NOTIC: [8] Undefined index: title D:\phpStudy\WWW\SIRzhouHome\Blog\Runtime\Cache\Home\a67186ba50fdb030aaa95e12cc1b51b5.php 第 86 行.
NOTIC: [8] Undefined index: title D:\phpStudy\WWW\SIRzhouHome\Blog\Runtime\Cache\Home\a67186ba50fdb030aaa95e12cc1b51b5.php 第 86 行.
NOTIC: [8] Undefined index: title D:\phpStudy\WWW\SIRzhouHome\Blog\Runtime\Cache\Home\a67186ba50fdb030aaa95e12cc1b51b5.php 第 86 行.
NOTIC: [8] Undefined index: title D:\phpStudy\WWW\SIRzhouHome\Blog\Runtime\Cache\Home\a67186ba50fdb030aaa95e12cc1b51b5.php 第 86 行.
NOTIC: [8] Undefined index: title D:\phpStudy\WWW\SIRzhouHome\Blog\Runtime\Cache\Home\a67186ba50fdb030aaa95e12cc1b51b5.php 第 86 行.
NOTIC: [8] Undefined index: title D:\phpStudy\WWW\SIRzhouHome\Blog\Runtime\Cache\Home\a67186ba50fdb030aaa95e12cc1b51b5.php 第 86 行.
NOTIC: [8] Undefined index: title D:\phpStudy\WWW\SIRzhouHome\Blog\Runtime\Cache\Home\a67186ba50fdb030aaa95e12cc1b51b5.php 第 86 行.
NOTIC: [8] Undefined index: title D:\phpStudy\WWW\SIRzhouHome\Blog\Runtime\Cache\Home\a67186ba50fdb030aaa95e12cc1b51b5.php 第 86 行.
NOTIC: [8] Undefined index: title D:\phpStudy\WWW\SIRzhouHome\Blog\Runtime\Cache\Home\a67186ba50fdb030aaa95e12cc1b51b5.php 第 86 行.
INFO: Run Behavior\ParseTemplateBehavior [ RunTime:0.023765s ]
INFO: [ view_parse ] --END-- [ RunTime:0.023828s ]
INFO: [ view_filter ] --START--
INFO: Run Behavior\WriteHtmlCacheBehavior [ RunTime:0.000385s ]
INFO: [ view_filter ] --END-- [ RunTime:0.000416s ]
INFO: [ app_end ] --START--
INFO: Run Behavior\ShowPageTraceBehavior [ RunTime:0.000849s ]
INFO: [ app_end ] --END-- [ RunTime:0.000887s ]

[ 2016-07-25T15:36:20+08:00 ] ::1 /SIRzhouHome/index.php
INFO: [ app_init ] --START--
INFO: Run Behavior\BuildLiteBehavior [ RunTime:0.000011s ]
INFO: [ app_init ] --END-- [ RunTime:0.000347s ]
INFO: [ app_begin ] --START--
INFO: Run Behavior\ReadHtmlCacheBehavior [ RunTime:0.000820s ]
INFO: [ app_begin ] --END-- [ RunTime:0.000927s ]
SQL: SHOW COLUMNS FROM `blog_friendlink` [ RunTime:0.0042s ]
SQL: SELECT * FROM `blog_friendlink` ORDER BY ctime LIMIT 0,10   [ RunTime:0.0003s ]
SQL: select a.*,b.username,c.name from blog_article as a, blog_admin as b,blog_fenlei as c where a.uid=b.id and a.status=0 and c.id=a.pid order by view desc limit 0,5 [ RunTime:0.0003s ]
SQL: select a.*,b.username,c.name,c.id as fid from blog_article as a, blog_admin as b,blog_fenlei as c where a.uid=b.id and a.status=0 and c.id=a.pid order by edittime desc limit 0,5 [ RunTime:0.0002s ]
SQL: SHOW COLUMNS FROM `blog_shijuhua` [ RunTime:0.0050s ]
SQL: SELECT * FROM `blog_shijuhua` ORDER BY id desc LIMIT 0,10   [ RunTime:0.0003s ]
INFO: [ view_parse ] --START--
INFO: [ template_filter ] --START--
INFO: Run Behavior\ContentReplaceBehavior [ RunTime:0.000061s ]
INFO: [ template_filter ] --END-- [ RunTime:0.000100s ]
NOTIC: [8] Undefined index: title D:\phpStudy\WWW\SIRzhouHome\Blog\Runtime\Cache\Home\a67186ba50fdb030aaa95e12cc1b51b5.php 第 86 行.
NOTIC: [8] Undefined index: title D:\phpStudy\WWW\SIRzhouHome\Blog\Runtime\Cache\Home\a67186ba50fdb030aaa95e12cc1b51b5.php 第 86 行.
NOTIC: [8] Undefined index: title D:\phpStudy\WWW\SIRzhouHome\Blog\Runtime\Cache\Home\a67186ba50fdb030aaa95e12cc1b51b5.php 第 86 行.
NOTIC: [8] Undefined index: title D:\phpStudy\WWW\SIRzhouHome\Blog\Runtime\Cache\Home\a67186ba50fdb030aaa95e12cc1b51b5.php 第 86 行.
NOTIC: [8] Undefined index: title D:\phpStudy\WWW\SIRzhouHome\Blog\Runtime\Cache\Home\a67186ba50fdb030aaa95e12cc1b51b5.php 第 86 行.
NOTIC: [8] Undefined index: title D:\phpStudy\WWW\SIRzhouHome\Blog\Runtime\Cache\Home\a67186ba50fdb030aaa95e12cc1b51b5.php 第 86 行.
NOTIC: [8] Undefined index: title D:\phpStudy\WWW\SIRzhouHome\Blog\Runtime\Cache\Home\a67186ba50fdb030aaa95e12cc1b51b5.php 第 86 行.
NOTIC: [8] Undefined index: title D:\phpStudy\WWW\SIRzhouHome\Blog\Runtime\Cache\Home\a67186ba50fdb030aaa95e12cc1b51b5.php 第 86 行.
NOTIC: [8] Undefined index: title D:\phpStudy\WWW\SIRzhouHome\Blog\Runtime\Cache\Home\a67186ba50fdb030aaa95e12cc1b51b5.php 第 86 行.
NOTIC: [8] Undefined index: title D:\phpStudy\WWW\SIRzhouHome\Blog\Runtime\Cache\Home\a67186ba50fdb030aaa95e12cc1b51b5.php 第 86 行.
INFO: Run Behavior\ParseTemplateBehavior [ RunTime:0.008893s ]
INFO: [ view_parse ] --END-- [ RunTime:0.008940s ]
INFO: [ view_filter ] --START--
INFO: Run Behavior\WriteHtmlCacheBehavior [ RunTime:0.000493s ]
INFO: [ view_filter ] --END-- [ RunTime:0.000544s ]
INFO: [ app_end ] --START--
INFO: Run Behavior\ShowPageTraceBehavior [ RunTime:0.000703s ]
INFO: [ app_end ] --END-- [ RunTime:0.000756s ]

[ 2016-07-25T15:38:13+08:00 ] ::1 /SIRzhouHome/index.php/Home/Index/index.html
INFO: [ app_init ] --START--
INFO: Run Behavior\BuildLiteBehavior [ RunTime:0.000017s ]
INFO: [ app_init ] --END-- [ RunTime:0.000722s ]
INFO: [ app_begin ] --START--
INFO: Run Behavior\ReadHtmlCacheBehavior [ RunTime:0.000958s ]
INFO: [ app_begin ] --END-- [ RunTime:0.001018s ]
SQL: SHOW COLUMNS FROM `blog_friendlink` [ RunTime:0.0036s ]
SQL: SELECT * FROM `blog_friendlink` ORDER BY ctime LIMIT 0,10   [ RunTime:0.0003s ]
SQL: select a.*,b.username,c.name from blog_article as a, blog_admin as b,blog_fenlei as c where a.uid=b.id and a.status=0 and c.id=a.pid order by view desc limit 0,5 [ RunTime:0.0003s ]
SQL: select a.*,b.username,c.name,c.id as fid from blog_article as a, blog_admin as b,blog_fenlei as c where a.uid=b.id and a.status=0 and c.id=a.pid order by edittime desc limit 0,5 [ RunTime:0.0002s ]
SQL: SHOW COLUMNS FROM `blog_shijuhua` [ RunTime:0.0031s ]
SQL: SELECT * FROM `blog_shijuhua` ORDER BY id desc LIMIT 0,10   [ RunTime:0.0003s ]
INFO: [ view_parse ] --START--
INFO: [ template_filter ] --START--
INFO: Run Behavior\ContentReplaceBehavior [ RunTime:0.000060s ]
INFO: [ template_filter ] --END-- [ RunTime:0.000102s ]
NOTIC: [8] Undefined index: title D:\phpStudy\WWW\SIRzhouHome\Blog\Runtime\Cache\Home\a67186ba50fdb030aaa95e12cc1b51b5.php 第 86 行.
NOTIC: [8] Undefined index: title D:\phpStudy\WWW\SIRzhouHome\Blog\Runtime\Cache\Home\a67186ba50fdb030aaa95e12cc1b51b5.php 第 86 行.
NOTIC: [8] Undefined index: title D:\phpStudy\WWW\SIRzhouHome\Blog\Runtime\Cache\Home\a67186ba50fdb030aaa95e12cc1b51b5.php 第 86 行.
NOTIC: [8] Undefined index: title D:\phpStudy\WWW\SIRzhouHome\Blog\Runtime\Cache\Home\a67186ba50fdb030aaa95e12cc1b51b5.php 第 86 行.
NOTIC: [8] Undefined index: title D:\phpStudy\WWW\SIRzhouHome\Blog\Runtime\Cache\Home\a67186ba50fdb030aaa95e12cc1b51b5.php 第 86 行.
NOTIC: [8] Undefined index: title D:\phpStudy\WWW\SIRzhouHome\Blog\Runtime\Cache\Home\a67186ba50fdb030aaa95e12cc1b51b5.php 第 86 行.
NOTIC: [8] Undefined index: title D:\phpStudy\WWW\SIRzhouHome\Blog\Runtime\Cache\Home\a67186ba50fdb030aaa95e12cc1b51b5.php 第 86 行.
NOTIC: [8] Undefined index: title D:\phpStudy\WWW\SIRzhouHome\Blog\Runtime\Cache\Home\a67186ba50fdb030aaa95e12cc1b51b5.php 第 86 行.
NOTIC: [8] Undefined index: title D:\phpStudy\WWW\SIRzhouHome\Blog\Runtime\Cache\Home\a67186ba50fdb030aaa95e12cc1b51b5.php 第 86 行.
NOTIC: [8] Undefined index: title D:\phpStudy\WWW\SIRzhouHome\Blog\Runtime\Cache\Home\a67186ba50fdb030aaa95e12cc1b51b5.php 第 86 行.
INFO: Run Behavior\ParseTemplateBehavior [ RunTime:0.008865s ]
INFO: [ view_parse ] --END-- [ RunTime:0.008908s ]
INFO: [ view_filter ] --START--
INFO: Run Behavior\WriteHtmlCacheBehavior [ RunTime:0.000515s ]
INFO: [ view_filter ] --END-- [ RunTime:0.000543s ]
INFO: [ app_end ] --START--
INFO: Run Behavior\ShowPageTraceBehavior [ RunTime:0.000587s ]
INFO: [ app_end ] --END-- [ RunTime:0.000616s ]

