[ 2016-04-01T10:03:05+08:00 ] ::1 /SIRzhouHome/index.php/
INFO: [ app_init ] --START--
INFO: Run Behavior\BuildLiteBehavior [ RunTime:0.000000s ]
INFO: [ app_init ] --END-- [ RunTime:0.000000s ]
INFO: [ app_begin ] --START--
INFO: Run Behavior\ReadHtmlCacheBehavior [ RunTime:0.001000s ]
INFO: [ app_begin ] --END-- [ RunTime:0.001000s ]
SQL: SHOW COLUMNS FROM `blog_friendlink` [ RunTime:0.0220s ]
SQL: SELECT * FROM `blog_friendlink` ORDER BY ctime LIMIT 0,10   [ RunTime:0.0070s ]
SQL: select a.*,b.username,c.name from blog_article as a, blog_admin as b,blog_fenlei as c where a.uid=b.id and a.status=0 and c.id=a.pid order by view desc limit 0,5 [ RunTime:0.0140s ]
SQL: select a.*,b.username,c.name from blog_article as a, blog_admin as b,blog_fenlei as c where a.uid=b.id and a.status=0 and c.id=a.pid order by edittime desc limit 0,5 [ RunTime:0.0010s ]
INFO: [ view_parse ] --START--
INFO: [ template_filter ] --START--
INFO: Run Behavior\ContentReplaceBehavior [ RunTime:0.000000s ]
INFO: [ template_filter ] --END-- [ RunTime:0.001000s ]
INFO: Run Behavior\ParseTemplateBehavior [ RunTime:0.045002s ]
INFO: [ view_parse ] --END-- [ RunTime:0.045002s ]
INFO: [ view_filter ] --START--
INFO: Run Behavior\WriteHtmlCacheBehavior [ RunTime:0.002000s ]
INFO: [ view_filter ] --END-- [ RunTime:0.002000s ]
INFO: [ app_end ] --START--
INFO: Run Behavior\ShowPageTraceBehavior [ RunTime:0.003001s ]
INFO: [ app_end ] --END-- [ RunTime:0.003001s ]

[ 2016-04-01T10:03:11+08:00 ] ::1 /SIRzhouHome/index.php/
INFO: [ app_init ] --START--
INFO: Run Behavior\BuildLiteBehavior [ RunTime:0.000000s ]
INFO: [ app_init ] --END-- [ RunTime:0.001001s ]
INFO: [ app_begin ] --START--
INFO: Run Behavior\ReadHtmlCacheBehavior [ RunTime:0.001000s ]
INFO: [ app_begin ] --END-- [ RunTime:0.001000s ]
SQL: SHOW COLUMNS FROM `blog_friendlink` [ RunTime:0.0050s ]
SQL: SELECT * FROM `blog_friendlink` ORDER BY ctime LIMIT 0,10   [ RunTime:0.0000s ]
SQL: select a.*,b.username,c.name from blog_article as a, blog_admin as b,blog_fenlei as c where a.uid=b.id and a.status=0 and c.id=a.pid order by view desc limit 0,5 [ RunTime:0.0000s ]
SQL: select a.*,b.username,c.name from blog_article as a, blog_admin as b,blog_fenlei as c where a.uid=b.id and a.status=0 and c.id=a.pid order by edittime desc limit 0,5 [ RunTime:0.0010s ]
INFO: [ view_parse ] --START--
INFO: [ template_filter ] --START--
INFO: Run Behavior\ContentReplaceBehavior [ RunTime:0.000000s ]
INFO: [ template_filter ] --END-- [ RunTime:0.000000s ]
INFO: Run Behavior\ParseTemplateBehavior [ RunTime:0.008001s ]
INFO: [ view_parse ] --END-- [ RunTime:0.008001s ]
INFO: [ view_filter ] --START--
INFO: Run Behavior\WriteHtmlCacheBehavior [ RunTime:0.001000s ]
INFO: [ view_filter ] --END-- [ RunTime:0.001000s ]
INFO: [ app_end ] --START--
INFO: Run Behavior\ShowPageTraceBehavior [ RunTime:0.000000s ]
INFO: [ app_end ] --END-- [ RunTime:0.000000s ]

[ 2016-04-01T10:03:36+08:00 ] ::1 /SIRzhouHome/index.php/
INFO: [ app_init ] --START--
INFO: Run Behavior\BuildLiteBehavior [ RunTime:0.000000s ]
INFO: [ app_init ] --END-- [ RunTime:0.001000s ]
INFO: [ app_begin ] --START--
INFO: Run Behavior\ReadHtmlCacheBehavior [ RunTime:0.000000s ]
INFO: [ app_begin ] --END-- [ RunTime:0.000000s ]
SQL: SHOW COLUMNS FROM `blog_friendlink` [ RunTime:0.0090s ]
SQL: SELECT * FROM `blog_friendlink` ORDER BY ctime LIMIT 0,10   [ RunTime:0.0000s ]
SQL: select a.*,b.username,c.name from blog_article as a, blog_admin as b,blog_fenlei as c where a.uid=b.id and a.status=0 and c.id=a.pid order by view desc limit 0,5 [ RunTime:0.0000s ]
SQL: select a.*,b.username,c.name from blog_article as a, blog_admin as b,blog_fenlei as c where a.uid=b.id and a.status=0 and c.id=a.pid order by edittime desc limit 0,5 [ RunTime:0.0010s ]
INFO: [ view_parse ] --START--
INFO: [ template_filter ] --START--
INFO: Run Behavior\ContentReplaceBehavior [ RunTime:0.000000s ]
INFO: [ template_filter ] --END-- [ RunTime:0.000000s ]
INFO: Run Behavior\ParseTemplateBehavior [ RunTime:0.009001s ]
INFO: [ view_parse ] --END-- [ RunTime:0.009001s ]
INFO: [ view_filter ] --START--
INFO: Run Behavior\WriteHtmlCacheBehavior [ RunTime:0.001000s ]
INFO: [ view_filter ] --END-- [ RunTime:0.001000s ]
INFO: [ app_end ] --START--
INFO: Run Behavior\ShowPageTraceBehavior [ RunTime:0.002000s ]
INFO: [ app_end ] --END-- [ RunTime:0.002000s ]

[ 2016-04-01T10:03:37+08:00 ] ::1 /SIRzhouHome/index.php/
INFO: [ app_init ] --START--
INFO: Run Behavior\BuildLiteBehavior [ RunTime:0.000000s ]
INFO: [ app_init ] --END-- [ RunTime:0.000000s ]
INFO: [ app_begin ] --START--
INFO: Run Behavior\ReadHtmlCacheBehavior [ RunTime:0.000000s ]
INFO: [ app_begin ] --END-- [ RunTime:0.000000s ]
SQL: SHOW COLUMNS FROM `blog_friendlink` [ RunTime:0.0070s ]
SQL: SELECT * FROM `blog_friendlink` ORDER BY ctime LIMIT 0,10   [ RunTime:0.0010s ]
SQL: select a.*,b.username,c.name from blog_article as a, blog_admin as b,blog_fenlei as c where a.uid=b.id and a.status=0 and c.id=a.pid order by view desc limit 0,5 [ RunTime:0.0000s ]
SQL: select a.*,b.username,c.name from blog_article as a, blog_admin as b,blog_fenlei as c where a.uid=b.id and a.status=0 and c.id=a.pid order by edittime desc limit 0,5 [ RunTime:0.0010s ]
INFO: [ view_parse ] --START--
INFO: [ template_filter ] --START--
INFO: Run Behavior\ContentReplaceBehavior [ RunTime:0.000000s ]
INFO: [ template_filter ] --END-- [ RunTime:0.000000s ]
INFO: Run Behavior\ParseTemplateBehavior [ RunTime:0.009000s ]
INFO: [ view_parse ] --END-- [ RunTime:0.009000s ]
INFO: [ view_filter ] --START--
INFO: Run Behavior\WriteHtmlCacheBehavior [ RunTime:0.000000s ]
INFO: [ view_filter ] --END-- [ RunTime:0.000000s ]
INFO: [ app_end ] --START--
INFO: Run Behavior\ShowPageTraceBehavior [ RunTime:0.001000s ]
INFO: [ app_end ] --END-- [ RunTime:0.001000s ]

[ 2016-04-01T10:03:38+08:00 ] ::1 /SIRzhouHome/index.php/
INFO: [ app_init ] --START--
INFO: Run Behavior\BuildLiteBehavior [ RunTime:0.000000s ]
INFO: [ app_init ] --END-- [ RunTime:0.001001s ]
INFO: [ app_begin ] --START--
INFO: Run Behavior\ReadHtmlCacheBehavior [ RunTime:0.000000s ]
INFO: [ app_begin ] --END-- [ RunTime:0.000000s ]
SQL: SHOW COLUMNS FROM `blog_friendlink` [ RunTime:0.0080s ]
SQL: SELECT * FROM `blog_friendlink` ORDER BY ctime LIMIT 0,10   [ RunTime:0.0000s ]
SQL: select a.*,b.username,c.name from blog_article as a, blog_admin as b,blog_fenlei as c where a.uid=b.id and a.status=0 and c.id=a.pid order by view desc limit 0,5 [ RunTime:0.0000s ]
SQL: select a.*,b.username,c.name from blog_article as a, blog_admin as b,blog_fenlei as c where a.uid=b.id and a.status=0 and c.id=a.pid order by edittime desc limit 0,5 [ RunTime:0.0010s ]
INFO: [ view_parse ] --START--
INFO: [ template_filter ] --START--
INFO: Run Behavior\ContentReplaceBehavior [ RunTime:0.000000s ]
INFO: [ template_filter ] --END-- [ RunTime:0.000000s ]
INFO: Run Behavior\ParseTemplateBehavior [ RunTime:0.012000s ]
INFO: [ view_parse ] --END-- [ RunTime:0.012000s ]
INFO: [ view_filter ] --START--
INFO: Run Behavior\WriteHtmlCacheBehavior [ RunTime:0.001000s ]
INFO: [ view_filter ] --END-- [ RunTime:0.001000s ]
INFO: [ app_end ] --START--
INFO: Run Behavior\ShowPageTraceBehavior [ RunTime:0.001000s ]
INFO: [ app_end ] --END-- [ RunTime:0.002001s ]

[ 2016-04-01T10:03:39+08:00 ] ::1 /SIRzhouHome/index.php/
INFO: [ app_init ] --START--
INFO: Run Behavior\BuildLiteBehavior [ RunTime:0.000000s ]
INFO: [ app_init ] --END-- [ RunTime:0.001000s ]
INFO: [ app_begin ] --START--
INFO: Run Behavior\ReadHtmlCacheBehavior [ RunTime:0.000000s ]
INFO: [ app_begin ] --END-- [ RunTime:0.000000s ]
SQL: SHOW COLUMNS FROM `blog_friendlink` [ RunTime:0.0110s ]
SQL: SELECT * FROM `blog_friendlink` ORDER BY ctime LIMIT 0,10   [ RunTime:0.0000s ]
SQL: select a.*,b.username,c.name from blog_article as a, blog_admin as b,blog_fenlei as c where a.uid=b.id and a.status=0 and c.id=a.pid order by view desc limit 0,5 [ RunTime:0.0000s ]
SQL: select a.*,b.username,c.name from blog_article as a, blog_admin as b,blog_fenlei as c where a.uid=b.id and a.status=0 and c.id=a.pid order by edittime desc limit 0,5 [ RunTime:0.0000s ]
INFO: [ view_parse ] --START--
INFO: [ template_filter ] --START--
INFO: Run Behavior\ContentReplaceBehavior [ RunTime:0.000000s ]
INFO: [ template_filter ] --END-- [ RunTime:0.000000s ]
INFO: Run Behavior\ParseTemplateBehavior [ RunTime:0.012001s ]
INFO: [ view_parse ] --END-- [ RunTime:0.012001s ]
INFO: [ view_filter ] --START--
INFO: Run Behavior\WriteHtmlCacheBehavior [ RunTime:0.001000s ]
INFO: [ view_filter ] --END-- [ RunTime:0.001000s ]
INFO: [ app_end ] --START--
INFO: Run Behavior\ShowPageTraceBehavior [ RunTime:0.004000s ]
INFO: [ app_end ] --END-- [ RunTime:0.004000s ]

[ 2016-04-01T10:03:39+08:00 ] ::1 /SIRzhouHome/index.php/
INFO: [ app_init ] --START--
INFO: Run Behavior\BuildLiteBehavior [ RunTime:0.000000s ]
INFO: [ app_init ] --END-- [ RunTime:0.001000s ]
INFO: [ app_begin ] --START--
INFO: Run Behavior\ReadHtmlCacheBehavior [ RunTime:0.000000s ]
INFO: [ app_begin ] --END-- [ RunTime:0.000000s ]
SQL: SHOW COLUMNS FROM `blog_friendlink` [ RunTime:0.0070s ]
SQL: SELECT * FROM `blog_friendlink` ORDER BY ctime LIMIT 0,10   [ RunTime:0.0010s ]
SQL: select a.*,b.username,c.name from blog_article as a, blog_admin as b,blog_fenlei as c where a.uid=b.id and a.status=0 and c.id=a.pid order by view desc limit 0,5 [ RunTime:0.0000s ]
SQL: select a.*,b.username,c.name from blog_article as a, blog_admin as b,blog_fenlei as c where a.uid=b.id and a.status=0 and c.id=a.pid order by edittime desc limit 0,5 [ RunTime:0.0010s ]
INFO: [ view_parse ] --START--
INFO: [ template_filter ] --START--
INFO: Run Behavior\ContentReplaceBehavior [ RunTime:0.000000s ]
INFO: [ template_filter ] --END-- [ RunTime:0.000000s ]
INFO: Run Behavior\ParseTemplateBehavior [ RunTime:0.009000s ]
INFO: [ view_parse ] --END-- [ RunTime:0.009000s ]
INFO: [ view_filter ] --START--
INFO: Run Behavior\WriteHtmlCacheBehavior [ RunTime:0.000000s ]
INFO: [ view_filter ] --END-- [ RunTime:0.000000s ]
INFO: [ app_end ] --START--
INFO: Run Behavior\ShowPageTraceBehavior [ RunTime:0.001001s ]
INFO: [ app_end ] --END-- [ RunTime:0.001001s ]

[ 2016-04-01T10:03:40+08:00 ] ::1 /SIRzhouHome/index.php/
INFO: [ app_init ] --START--
INFO: Run Behavior\BuildLiteBehavior [ RunTime:0.000000s ]
INFO: [ app_init ] --END-- [ RunTime:0.001000s ]
INFO: [ app_begin ] --START--
INFO: Run Behavior\ReadHtmlCacheBehavior [ RunTime:0.001000s ]
INFO: [ app_begin ] --END-- [ RunTime:0.001000s ]
SQL: SHOW COLUMNS FROM `blog_friendlink` [ RunTime:0.0110s ]
SQL: SELECT * FROM `blog_friendlink` ORDER BY ctime LIMIT 0,10   [ RunTime:0.0010s ]
SQL: select a.*,b.username,c.name from blog_article as a, blog_admin as b,blog_fenlei as c where a.uid=b.id and a.status=0 and c.id=a.pid order by view desc limit 0,5 [ RunTime:0.0010s ]
SQL: select a.*,b.username,c.name from blog_article as a, blog_admin as b,blog_fenlei as c where a.uid=b.id and a.status=0 and c.id=a.pid order by edittime desc limit 0,5 [ RunTime:0.0020s ]
INFO: [ view_parse ] --START--
INFO: [ template_filter ] --START--
INFO: Run Behavior\ContentReplaceBehavior [ RunTime:0.000000s ]
INFO: [ template_filter ] --END-- [ RunTime:0.000000s ]
INFO: Run Behavior\ParseTemplateBehavior [ RunTime:0.015001s ]
INFO: [ view_parse ] --END-- [ RunTime:0.016001s ]
INFO: [ view_filter ] --START--
INFO: Run Behavior\WriteHtmlCacheBehavior [ RunTime:0.000000s ]
INFO: [ view_filter ] --END-- [ RunTime:0.000000s ]
INFO: [ app_end ] --START--
INFO: Run Behavior\ShowPageTraceBehavior [ RunTime:0.001000s ]
INFO: [ app_end ] --END-- [ RunTime:0.001000s ]

[ 2016-04-01T10:03:40+08:00 ] ::1 /SIRzhouHome/index.php/
INFO: [ app_init ] --START--
INFO: Run Behavior\BuildLiteBehavior [ RunTime:0.000000s ]
INFO: [ app_init ] --END-- [ RunTime:0.000000s ]
INFO: [ app_begin ] --START--
INFO: Run Behavior\ReadHtmlCacheBehavior [ RunTime:0.001000s ]
INFO: [ app_begin ] --END-- [ RunTime:0.001000s ]
SQL: SHOW COLUMNS FROM `blog_friendlink` [ RunTime:0.0080s ]
SQL: SELECT * FROM `blog_friendlink` ORDER BY ctime LIMIT 0,10   [ RunTime:0.0000s ]
SQL: select a.*,b.username,c.name from blog_article as a, blog_admin as b,blog_fenlei as c where a.uid=b.id and a.status=0 and c.id=a.pid order by view desc limit 0,5 [ RunTime:0.0010s ]
SQL: select a.*,b.username,c.name from blog_article as a, blog_admin as b,blog_fenlei as c where a.uid=b.id and a.status=0 and c.id=a.pid order by edittime desc limit 0,5 [ RunTime:0.0000s ]
INFO: [ view_parse ] --START--
INFO: [ template_filter ] --START--
INFO: Run Behavior\ContentReplaceBehavior [ RunTime:0.000000s ]
INFO: [ template_filter ] --END-- [ RunTime:0.001000s ]
INFO: Run Behavior\ParseTemplateBehavior [ RunTime:0.012001s ]
INFO: [ view_parse ] --END-- [ RunTime:0.012001s ]
INFO: [ view_filter ] --START--
INFO: Run Behavior\WriteHtmlCacheBehavior [ RunTime:0.001000s ]
INFO: [ view_filter ] --END-- [ RunTime:0.001000s ]
INFO: [ app_end ] --START--
INFO: Run Behavior\ShowPageTraceBehavior [ RunTime:0.001000s ]
INFO: [ app_end ] --END-- [ RunTime:0.001000s ]

[ 2016-04-01T10:03:40+08:00 ] ::1 /SIRzhouHome/index.php/
INFO: [ app_init ] --START--
INFO: Run Behavior\BuildLiteBehavior [ RunTime:0.000000s ]
INFO: [ app_init ] --END-- [ RunTime:0.001000s ]
INFO: [ app_begin ] --START--
INFO: Run Behavior\ReadHtmlCacheBehavior [ RunTime:0.001000s ]
INFO: [ app_begin ] --END-- [ RunTime:0.001000s ]
SQL: SHOW COLUMNS FROM `blog_friendlink` [ RunTime:0.0100s ]
SQL: SELECT * FROM `blog_friendlink` ORDER BY ctime LIMIT 0,10   [ RunTime:0.0000s ]
SQL: select a.*,b.username,c.name from blog_article as a, blog_admin as b,blog_fenlei as c where a.uid=b.id and a.status=0 and c.id=a.pid order by view desc limit 0,5 [ RunTime:0.0010s ]
SQL: select a.*,b.username,c.name from blog_article as a, blog_admin as b,blog_fenlei as c where a.uid=b.id and a.status=0 and c.id=a.pid order by edittime desc limit 0,5 [ RunTime:0.0000s ]
INFO: [ view_parse ] --START--
INFO: [ template_filter ] --START--
INFO: Run Behavior\ContentReplaceBehavior [ RunTime:0.000000s ]
INFO: [ template_filter ] --END-- [ RunTime:0.001000s ]
INFO: Run Behavior\ParseTemplateBehavior [ RunTime:0.012001s ]
INFO: [ view_parse ] --END-- [ RunTime:0.012001s ]
INFO: [ view_filter ] --START--
INFO: Run Behavior\WriteHtmlCacheBehavior [ RunTime:0.001000s ]
INFO: [ view_filter ] --END-- [ RunTime:0.001000s ]
INFO: [ app_end ] --START--
INFO: Run Behavior\ShowPageTraceBehavior [ RunTime:0.001000s ]
INFO: [ app_end ] --END-- [ RunTime:0.001000s ]

[ 2016-04-01T10:03:40+08:00 ] ::1 /SIRzhouHome/index.php/
INFO: [ app_init ] --START--
INFO: Run Behavior\BuildLiteBehavior [ RunTime:0.000000s ]
INFO: [ app_init ] --END-- [ RunTime:0.000000s ]
INFO: [ app_begin ] --START--
INFO: Run Behavior\ReadHtmlCacheBehavior [ RunTime:0.000000s ]
INFO: [ app_begin ] --END-- [ RunTime:0.000000s ]
SQL: SHOW COLUMNS FROM `blog_friendlink` [ RunTime:0.0190s ]
SQL: SELECT * FROM `blog_friendlink` ORDER BY ctime LIMIT 0,10   [ RunTime:0.0020s ]
SQL: select a.*,b.username,c.name from blog_article as a, blog_admin as b,blog_fenlei as c where a.uid=b.id and a.status=0 and c.id=a.pid order by view desc limit 0,5 [ RunTime:0.0020s ]
SQL: select a.*,b.username,c.name from blog_article as a, blog_admin as b,blog_fenlei as c where a.uid=b.id and a.status=0 and c.id=a.pid order by edittime desc limit 0,5 [ RunTime:0.0040s ]
INFO: [ view_parse ] --START--
INFO: [ template_filter ] --START--
INFO: Run Behavior\ContentReplaceBehavior [ RunTime:0.001000s ]
INFO: [ template_filter ] --END-- [ RunTime:0.001000s ]
INFO: Run Behavior\ParseTemplateBehavior [ RunTime:0.017001s ]
INFO: [ view_parse ] --END-- [ RunTime:0.017001s ]
INFO: [ view_filter ] --START--
INFO: Run Behavior\WriteHtmlCacheBehavior [ RunTime:0.000000s ]
INFO: [ view_filter ] --END-- [ RunTime:0.000000s ]
INFO: [ app_end ] --START--
INFO: Run Behavior\ShowPageTraceBehavior [ RunTime:0.000000s ]
INFO: [ app_end ] --END-- [ RunTime:0.000000s ]

[ 2016-04-01T10:04:11+08:00 ] ::1 /SIRzhouHome/index.php/
INFO: [ app_init ] --START--
INFO: Run Behavior\BuildLiteBehavior [ RunTime:0.000000s ]
INFO: [ app_init ] --END-- [ RunTime:0.001000s ]
INFO: [ app_begin ] --START--
INFO: Run Behavior\ReadHtmlCacheBehavior [ RunTime:0.001001s ]
INFO: [ app_begin ] --END-- [ RunTime:0.001001s ]
SQL: SHOW COLUMNS FROM `blog_friendlink` [ RunTime:0.0070s ]
SQL: SELECT * FROM `blog_friendlink` ORDER BY ctime LIMIT 0,10   [ RunTime:0.0010s ]
SQL: select a.*,b.username,c.name from blog_article as a, blog_admin as b,blog_fenlei as c where a.uid=b.id and a.status=0 and c.id=a.pid order by view desc limit 0,5 [ RunTime:0.0000s ]
SQL: select a.*,b.username,c.name from blog_article as a, blog_admin as b,blog_fenlei as c where a.uid=b.id and a.status=0 and c.id=a.pid order by edittime desc limit 0,5 [ RunTime:0.0000s ]
INFO: [ view_parse ] --START--
INFO: [ template_filter ] --START--
INFO: Run Behavior\ContentReplaceBehavior [ RunTime:0.000000s ]
INFO: [ template_filter ] --END-- [ RunTime:0.000000s ]
INFO: Run Behavior\ParseTemplateBehavior [ RunTime:0.008001s ]
INFO: [ view_parse ] --END-- [ RunTime:0.008001s ]
INFO: [ view_filter ] --START--
INFO: Run Behavior\WriteHtmlCacheBehavior [ RunTime:0.000000s ]
INFO: [ view_filter ] --END-- [ RunTime:0.000000s ]
INFO: [ app_end ] --START--
INFO: Run Behavior\ShowPageTraceBehavior [ RunTime:0.001000s ]
INFO: [ app_end ] --END-- [ RunTime:0.001000s ]

[ 2016-04-01T10:04:14+08:00 ] ::1 /SIRzhouHome/index.php/
INFO: [ app_init ] --START--
INFO: Run Behavior\BuildLiteBehavior [ RunTime:0.000000s ]
INFO: [ app_init ] --END-- [ RunTime:0.001000s ]
INFO: [ app_begin ] --START--
INFO: Run Behavior\ReadHtmlCacheBehavior [ RunTime:0.002000s ]
INFO: [ app_begin ] --END-- [ RunTime:0.002000s ]
SQL: SHOW COLUMNS FROM `blog_friendlink` [ RunTime:0.0070s ]
SQL: SELECT * FROM `blog_friendlink` ORDER BY ctime LIMIT 0,10   [ RunTime:0.0000s ]
SQL: select a.*,b.username,c.name from blog_article as a, blog_admin as b,blog_fenlei as c where a.uid=b.id and a.status=0 and c.id=a.pid order by view desc limit 0,5 [ RunTime:0.0010s ]
SQL: select a.*,b.username,c.name from blog_article as a, blog_admin as b,blog_fenlei as c where a.uid=b.id and a.status=0 and c.id=a.pid order by edittime desc limit 0,5 [ RunTime:0.0000s ]
INFO: [ view_parse ] --START--
INFO: [ template_filter ] --START--
INFO: Run Behavior\ContentReplaceBehavior [ RunTime:0.000000s ]
INFO: [ template_filter ] --END-- [ RunTime:0.000000s ]
INFO: Run Behavior\ParseTemplateBehavior [ RunTime:0.012001s ]
INFO: [ view_parse ] --END-- [ RunTime:0.012001s ]
INFO: [ view_filter ] --START--
INFO: Run Behavior\WriteHtmlCacheBehavior [ RunTime:0.001000s ]
INFO: [ view_filter ] --END-- [ RunTime:0.001000s ]
INFO: [ app_end ] --START--
INFO: Run Behavior\ShowPageTraceBehavior [ RunTime:0.001000s ]
INFO: [ app_end ] --END-- [ RunTime:0.001000s ]

[ 2016-04-01T10:04:15+08:00 ] ::1 /SIRzhouHome/index.php/
INFO: [ app_init ] --START--
INFO: Run Behavior\BuildLiteBehavior [ RunTime:0.000000s ]
INFO: [ app_init ] --END-- [ RunTime:0.000000s ]
INFO: [ app_begin ] --START--
INFO: Run Behavior\ReadHtmlCacheBehavior [ RunTime:0.001000s ]
INFO: [ app_begin ] --END-- [ RunTime:0.001000s ]
SQL: SHOW COLUMNS FROM `blog_friendlink` [ RunTime:0.0060s ]
SQL: SELECT * FROM `blog_friendlink` ORDER BY ctime LIMIT 0,10   [ RunTime:0.0000s ]
SQL: select a.*,b.username,c.name from blog_article as a, blog_admin as b,blog_fenlei as c where a.uid=b.id and a.status=0 and c.id=a.pid order by view desc limit 0,5 [ RunTime:0.0000s ]
SQL: select a.*,b.username,c.name from blog_article as a, blog_admin as b,blog_fenlei as c where a.uid=b.id and a.status=0 and c.id=a.pid order by edittime desc limit 0,5 [ RunTime:0.0000s ]
INFO: [ view_parse ] --START--
INFO: [ template_filter ] --START--
INFO: Run Behavior\ContentReplaceBehavior [ RunTime:0.000000s ]
INFO: [ template_filter ] --END-- [ RunTime:0.000000s ]
INFO: Run Behavior\ParseTemplateBehavior [ RunTime:0.008000s ]
INFO: [ view_parse ] --END-- [ RunTime:0.008000s ]
INFO: [ view_filter ] --START--
INFO: Run Behavior\WriteHtmlCacheBehavior [ RunTime:0.002000s ]
INFO: [ view_filter ] --END-- [ RunTime:0.002000s ]
INFO: [ app_end ] --START--
INFO: Run Behavior\ShowPageTraceBehavior [ RunTime:0.001000s ]
INFO: [ app_end ] --END-- [ RunTime:0.001000s ]

[ 2016-04-01T10:04:15+08:00 ] ::1 /SIRzhouHome/index.php/
INFO: [ app_init ] --START--
INFO: Run Behavior\BuildLiteBehavior [ RunTime:0.000000s ]
INFO: [ app_init ] --END-- [ RunTime:0.000000s ]
INFO: [ app_begin ] --START--
INFO: Run Behavior\ReadHtmlCacheBehavior [ RunTime:0.001000s ]
INFO: [ app_begin ] --END-- [ RunTime:0.001000s ]
SQL: SHOW COLUMNS FROM `blog_friendlink` [ RunTime:0.0080s ]
SQL: SELECT * FROM `blog_friendlink` ORDER BY ctime LIMIT 0,10   [ RunTime:0.0010s ]
SQL: select a.*,b.username,c.name from blog_article as a, blog_admin as b,blog_fenlei as c where a.uid=b.id and a.status=0 and c.id=a.pid order by view desc limit 0,5 [ RunTime:0.0000s ]
SQL: select a.*,b.username,c.name from blog_article as a, blog_admin as b,blog_fenlei as c where a.uid=b.id and a.status=0 and c.id=a.pid order by edittime desc limit 0,5 [ RunTime:0.0010s ]
INFO: [ view_parse ] --START--
INFO: [ template_filter ] --START--
INFO: Run Behavior\ContentReplaceBehavior [ RunTime:0.000000s ]
INFO: [ template_filter ] --END-- [ RunTime:0.001000s ]
INFO: Run Behavior\ParseTemplateBehavior [ RunTime:0.010001s ]
INFO: [ view_parse ] --END-- [ RunTime:0.010001s ]
INFO: [ view_filter ] --START--
INFO: Run Behavior\WriteHtmlCacheBehavior [ RunTime:0.000000s ]
INFO: [ view_filter ] --END-- [ RunTime:0.000000s ]
INFO: [ app_end ] --START--
INFO: Run Behavior\ShowPageTraceBehavior [ RunTime:0.000000s ]
INFO: [ app_end ] --END-- [ RunTime:0.001000s ]

[ 2016-04-01T10:04:16+08:00 ] ::1 /SIRzhouHome/index.php/
INFO: [ app_init ] --START--
INFO: Run Behavior\BuildLiteBehavior [ RunTime:0.000000s ]
INFO: [ app_init ] --END-- [ RunTime:0.000000s ]
INFO: [ app_begin ] --START--
INFO: Run Behavior\ReadHtmlCacheBehavior [ RunTime:0.000000s ]
INFO: [ app_begin ] --END-- [ RunTime:0.000000s ]
SQL: SHOW COLUMNS FROM `blog_friendlink` [ RunTime:0.0170s ]
SQL: SELECT * FROM `blog_friendlink` ORDER BY ctime LIMIT 0,10   [ RunTime:0.0010s ]
SQL: select a.*,b.username,c.name from blog_article as a, blog_admin as b,blog_fenlei as c where a.uid=b.id and a.status=0 and c.id=a.pid order by view desc limit 0,5 [ RunTime:0.0000s ]
SQL: select a.*,b.username,c.name from blog_article as a, blog_admin as b,blog_fenlei as c where a.uid=b.id and a.status=0 and c.id=a.pid order by edittime desc limit 0,5 [ RunTime:0.0000s ]
INFO: [ view_parse ] --START--
INFO: [ template_filter ] --START--
INFO: Run Behavior\ContentReplaceBehavior [ RunTime:0.000000s ]
INFO: [ template_filter ] --END-- [ RunTime:0.000000s ]
INFO: Run Behavior\ParseTemplateBehavior [ RunTime:0.013001s ]
INFO: [ view_parse ] --END-- [ RunTime:0.013001s ]
INFO: [ view_filter ] --START--
INFO: Run Behavior\WriteHtmlCacheBehavior [ RunTime:0.000000s ]
INFO: [ view_filter ] --END-- [ RunTime:0.000000s ]
INFO: [ app_end ] --START--
INFO: Run Behavior\ShowPageTraceBehavior [ RunTime:0.001000s ]
INFO: [ app_end ] --END-- [ RunTime:0.001000s ]

[ 2016-04-01T10:04:17+08:00 ] ::1 /SIRzhouHome/index.php/
INFO: [ app_init ] --START--
INFO: Run Behavior\BuildLiteBehavior [ RunTime:0.000000s ]
INFO: [ app_init ] --END-- [ RunTime:0.000000s ]
INFO: [ app_begin ] --START--
INFO: Run Behavior\ReadHtmlCacheBehavior [ RunTime:0.001000s ]
INFO: [ app_begin ] --END-- [ RunTime:0.001000s ]
SQL: SHOW COLUMNS FROM `blog_friendlink` [ RunTime:0.0120s ]
SQL: SELECT * FROM `blog_friendlink` ORDER BY ctime LIMIT 0,10   [ RunTime:0.0000s ]
SQL: select a.*,b.username,c.name from blog_article as a, blog_admin as b,blog_fenlei as c where a.uid=b.id and a.status=0 and c.id=a.pid order by view desc limit 0,5 [ RunTime:0.0000s ]
SQL: select a.*,b.username,c.name from blog_article as a, blog_admin as b,blog_fenlei as c where a.uid=b.id and a.status=0 and c.id=a.pid order by edittime desc limit 0,5 [ RunTime:0.0000s ]
INFO: [ view_parse ] --START--
INFO: [ template_filter ] --START--
INFO: Run Behavior\ContentReplaceBehavior [ RunTime:0.000000s ]
INFO: [ template_filter ] --END-- [ RunTime:0.000000s ]
INFO: Run Behavior\ParseTemplateBehavior [ RunTime:0.011001s ]
INFO: [ view_parse ] --END-- [ RunTime:0.011001s ]
INFO: [ view_filter ] --START--
INFO: Run Behavior\WriteHtmlCacheBehavior [ RunTime:0.000000s ]
INFO: [ view_filter ] --END-- [ RunTime:0.000000s ]
INFO: [ app_end ] --START--
INFO: Run Behavior\ShowPageTraceBehavior [ RunTime:0.001000s ]
INFO: [ app_end ] --END-- [ RunTime:0.001000s ]

[ 2016-04-01T10:04:17+08:00 ] ::1 /SIRzhouHome/index.php/
INFO: [ app_init ] --START--
INFO: Run Behavior\BuildLiteBehavior [ RunTime:0.000000s ]
INFO: [ app_init ] --END-- [ RunTime:0.000000s ]
INFO: [ app_begin ] --START--
INFO: Run Behavior\ReadHtmlCacheBehavior [ RunTime:0.001000s ]
INFO: [ app_begin ] --END-- [ RunTime:0.001000s ]
SQL: SHOW COLUMNS FROM `blog_friendlink` [ RunTime:0.0110s ]
SQL: SELECT * FROM `blog_friendlink` ORDER BY ctime LIMIT 0,10   [ RunTime:0.0010s ]
SQL: select a.*,b.username,c.name from blog_article as a, blog_admin as b,blog_fenlei as c where a.uid=b.id and a.status=0 and c.id=a.pid order by view desc limit 0,5 [ RunTime:0.0010s ]
SQL: select a.*,b.username,c.name from blog_article as a, blog_admin as b,blog_fenlei as c where a.uid=b.id and a.status=0 and c.id=a.pid order by edittime desc limit 0,5 [ RunTime:0.0000s ]
INFO: [ view_parse ] --START--
INFO: [ template_filter ] --START--
INFO: Run Behavior\ContentReplaceBehavior [ RunTime:0.000000s ]
INFO: [ template_filter ] --END-- [ RunTime:0.001000s ]
INFO: Run Behavior\ParseTemplateBehavior [ RunTime:0.015001s ]
INFO: [ view_parse ] --END-- [ RunTime:0.015001s ]
INFO: [ view_filter ] --START--
INFO: Run Behavior\WriteHtmlCacheBehavior [ RunTime:0.001000s ]
INFO: [ view_filter ] --END-- [ RunTime:0.001000s ]
INFO: [ app_end ] --START--
INFO: Run Behavior\ShowPageTraceBehavior [ RunTime:0.001000s ]
INFO: [ app_end ] --END-- [ RunTime:0.001000s ]

[ 2016-04-01T10:04:18+08:00 ] ::1 /SIRzhouHome/index.php/
INFO: [ app_init ] --START--
INFO: Run Behavior\BuildLiteBehavior [ RunTime:0.000000s ]
INFO: [ app_init ] --END-- [ RunTime:0.002000s ]
INFO: [ app_begin ] --START--
INFO: Run Behavior\ReadHtmlCacheBehavior [ RunTime:0.001000s ]
INFO: [ app_begin ] --END-- [ RunTime:0.001000s ]
SQL: SHOW COLUMNS FROM `blog_friendlink` [ RunTime:0.0160s ]
SQL: SELECT * FROM `blog_friendlink` ORDER BY ctime LIMIT 0,10   [ RunTime:0.0010s ]
SQL: select a.*,b.username,c.name from blog_article as a, blog_admin as b,blog_fenlei as c where a.uid=b.id and a.status=0 and c.id=a.pid order by view desc limit 0,5 [ RunTime:0.0010s ]
SQL: select a.*,b.username,c.name from blog_article as a, blog_admin as b,blog_fenlei as c where a.uid=b.id and a.status=0 and c.id=a.pid order by edittime desc limit 0,5 [ RunTime:0.0000s ]
INFO: [ view_parse ] --START--
INFO: [ template_filter ] --START--
INFO: Run Behavior\ContentReplaceBehavior [ RunTime:0.000000s ]
INFO: [ template_filter ] --END-- [ RunTime:0.001001s ]
INFO: Run Behavior\ParseTemplateBehavior [ RunTime:0.015001s ]
INFO: [ view_parse ] --END-- [ RunTime:0.016001s ]
INFO: [ view_filter ] --START--
INFO: Run Behavior\WriteHtmlCacheBehavior [ RunTime:0.001000s ]
INFO: [ view_filter ] --END-- [ RunTime:0.001000s ]
INFO: [ app_end ] --START--
INFO: Run Behavior\ShowPageTraceBehavior [ RunTime:0.002000s ]
INFO: [ app_end ] --END-- [ RunTime:0.002000s ]

[ 2016-04-01T10:04:25+08:00 ] ::1 /SIRzhouHome/index.php/Home/Index/about
INFO: [ app_init ] --START--
INFO: Run Behavior\BuildLiteBehavior [ RunTime:0.000000s ]
INFO: [ app_init ] --END-- [ RunTime:0.002000s ]
INFO: [ app_begin ] --START--
INFO: Run Behavior\ReadHtmlCacheBehavior [ RunTime:0.001000s ]
INFO: [ app_begin ] --END-- [ RunTime:0.001000s ]
INFO: [ view_parse ] --START--
INFO: [ template_filter ] --START--
INFO: Run Behavior\ContentReplaceBehavior [ RunTime:0.000000s ]
INFO: [ template_filter ] --END-- [ RunTime:0.000000s ]
INFO: Run Behavior\ParseTemplateBehavior [ RunTime:0.021001s ]
INFO: [ view_parse ] --END-- [ RunTime:0.021001s ]
INFO: [ view_filter ] --START--
INFO: Run Behavior\WriteHtmlCacheBehavior [ RunTime:0.001000s ]
INFO: [ view_filter ] --END-- [ RunTime:0.001000s ]
INFO: [ app_end ] --START--
INFO: Run Behavior\ShowPageTraceBehavior [ RunTime:0.004000s ]
INFO: [ app_end ] --END-- [ RunTime:0.005000s ]

[ 2016-04-01T10:04:25+08:00 ] ::1 /SIRzhouHome/index.php/Home/Index/js/nav.js
INFO: [ app_init ] --START--
INFO: Run Behavior\BuildLiteBehavior [ RunTime:0.000000s ]
INFO: [ app_init ] --END-- [ RunTime:0.000000s ]
INFO: [ app_begin ] --START--
INFO: Run Behavior\ReadHtmlCacheBehavior [ RunTime:0.001000s ]
INFO: [ app_begin ] --END-- [ RunTime:0.001000s ]
ERR: 非法操作:js

[ 2016-04-01T10:04:26+08:00 ] ::1 /SIRzhouHome/index.php/Home/Index/index
INFO: [ app_init ] --START--
INFO: Run Behavior\BuildLiteBehavior [ RunTime:0.000000s ]
INFO: [ app_init ] --END-- [ RunTime:0.001000s ]
INFO: [ app_begin ] --START--
INFO: Run Behavior\ReadHtmlCacheBehavior [ RunTime:0.001000s ]
INFO: [ app_begin ] --END-- [ RunTime:0.002000s ]
SQL: SHOW COLUMNS FROM `blog_friendlink` [ RunTime:0.0060s ]
SQL: SELECT * FROM `blog_friendlink` ORDER BY ctime LIMIT 0,10   [ RunTime:0.0000s ]
SQL: select a.*,b.username,c.name from blog_article as a, blog_admin as b,blog_fenlei as c where a.uid=b.id and a.status=0 and c.id=a.pid order by view desc limit 0,5 [ RunTime:0.0000s ]
SQL: select a.*,b.username,c.name from blog_article as a, blog_admin as b,blog_fenlei as c where a.uid=b.id and a.status=0 and c.id=a.pid order by edittime desc limit 0,5 [ RunTime:0.0010s ]
INFO: [ view_parse ] --START--
INFO: [ template_filter ] --START--
INFO: Run Behavior\ContentReplaceBehavior [ RunTime:0.000000s ]
INFO: [ template_filter ] --END-- [ RunTime:0.000000s ]
INFO: Run Behavior\ParseTemplateBehavior [ RunTime:0.008000s ]
INFO: [ view_parse ] --END-- [ RunTime:0.009000s ]
INFO: [ view_filter ] --START--
INFO: Run Behavior\WriteHtmlCacheBehavior [ RunTime:0.000000s ]
INFO: [ view_filter ] --END-- [ RunTime:0.000000s ]
INFO: [ app_end ] --START--
INFO: Run Behavior\ShowPageTraceBehavior [ RunTime:0.002000s ]
INFO: [ app_end ] --END-- [ RunTime:0.002000s ]

[ 2016-04-01T10:18:02+08:00 ] ::1 /SIRzhouHome/index.php/Home/Index/index
INFO: [ app_init ] --START--
INFO: Run Behavior\BuildLiteBehavior [ RunTime:0.000000s ]
INFO: [ app_init ] --END-- [ RunTime:0.001000s ]
INFO: [ app_begin ] --START--
INFO: Run Behavior\ReadHtmlCacheBehavior [ RunTime:0.000000s ]
INFO: [ app_begin ] --END-- [ RunTime:0.000000s ]
SQL: SHOW COLUMNS FROM `blog_friendlink` [ RunTime:0.0060s ]
SQL: SELECT * FROM `blog_friendlink` ORDER BY ctime LIMIT 0,10   [ RunTime:0.0010s ]
SQL: select a.*,b.username,c.name from blog_article as a, blog_admin as b,blog_fenlei as c where a.uid=b.id and a.status=0 and c.id=a.pid order by view desc limit 0,5 [ RunTime:0.0000s ]
SQL: select a.*,b.username,c.name from blog_article as a, blog_admin as b,blog_fenlei as c where a.uid=b.id and a.status=0 and c.id=a.pid order by edittime desc limit 0,5 [ RunTime:0.0000s ]
INFO: [ view_parse ] --START--
INFO: [ template_filter ] --START--
INFO: Run Behavior\ContentReplaceBehavior [ RunTime:0.000000s ]
INFO: [ template_filter ] --END-- [ RunTime:0.000000s ]
INFO: Run Behavior\ParseTemplateBehavior [ RunTime:0.009000s ]
INFO: [ view_parse ] --END-- [ RunTime:0.009000s ]
INFO: [ view_filter ] --START--
INFO: Run Behavior\WriteHtmlCacheBehavior [ RunTime:0.001000s ]
INFO: [ view_filter ] --END-- [ RunTime:0.001000s ]
INFO: [ app_end ] --START--
INFO: Run Behavior\ShowPageTraceBehavior [ RunTime:0.000000s ]
INFO: [ app_end ] --END-- [ RunTime:0.000000s ]

