[ 2016-05-18T16:10:19+08:00 ] ::1 /SIRzhouHome/index.php?XDEBUG_SESSION_START=15882
INFO: [ app_init ] --START--
INFO: Run Behavior\BuildLiteBehavior [ RunTime:0.000167s ]
INFO: [ app_init ] --END-- [ RunTime:0.001856s ]
INFO: [ app_begin ] --START--
INFO: Run Behavior\ReadHtmlCacheBehavior [ RunTime:0.000815s ]
INFO: [ app_begin ] --END-- [ RunTime:0.001214s ]
SQL: SHOW COLUMNS FROM `blog_friendlink` [ RunTime:0.0300s ]
SQL: SELECT * FROM `blog_friendlink` ORDER BY ctime LIMIT 0,10   [ RunTime:0.0020s ]
SQL: select a.*,b.username,c.name from blog_article as a, blog_admin as b,blog_fenlei as c where a.uid=b.id and a.status=0 and c.id=a.pid order by view desc limit 0,5 [ RunTime:0.0265s ]
SQL: select a.*,b.username,c.name,c.id as fid from blog_article as a, blog_admin as b,blog_fenlei as c where a.uid=b.id and a.status=0 and c.id=a.pid order by edittime desc limit 0,5 [ RunTime:0.0012s ]
SQL: SHOW COLUMNS FROM `blog_shijuhua` [ RunTime:0.0095s ]
SQL: SELECT * FROM `blog_shijuhua` ORDER BY id desc LIMIT 0,10   [ RunTime:0.0015s ]
INFO: [ view_parse ] --START--
INFO: [ template_filter ] --START--
INFO: Run Behavior\ContentReplaceBehavior [ RunTime:0.001112s ]
INFO: [ template_filter ] --END-- [ RunTime:0.001539s ]
NOTIC: [8] Undefined index: title D:\WWW\SIRzhouHome\Blog\Runtime\Cache\Home\a67186ba50fdb030aaa95e12cc1b51b5.php 第 86 行.
NOTIC: [8] Undefined index: title D:\WWW\SIRzhouHome\Blog\Runtime\Cache\Home\a67186ba50fdb030aaa95e12cc1b51b5.php 第 86 行.
NOTIC: [8] Undefined index: title D:\WWW\SIRzhouHome\Blog\Runtime\Cache\Home\a67186ba50fdb030aaa95e12cc1b51b5.php 第 86 行.
NOTIC: [8] Undefined index: title D:\WWW\SIRzhouHome\Blog\Runtime\Cache\Home\a67186ba50fdb030aaa95e12cc1b51b5.php 第 86 行.
NOTIC: [8] Undefined index: title D:\WWW\SIRzhouHome\Blog\Runtime\Cache\Home\a67186ba50fdb030aaa95e12cc1b51b5.php 第 86 行.
NOTIC: [8] Undefined index: title D:\WWW\SIRzhouHome\Blog\Runtime\Cache\Home\a67186ba50fdb030aaa95e12cc1b51b5.php 第 86 行.
NOTIC: [8] Undefined index: title D:\WWW\SIRzhouHome\Blog\Runtime\Cache\Home\a67186ba50fdb030aaa95e12cc1b51b5.php 第 86 行.
NOTIC: [8] Undefined index: title D:\WWW\SIRzhouHome\Blog\Runtime\Cache\Home\a67186ba50fdb030aaa95e12cc1b51b5.php 第 86 行.
NOTIC: [8] Undefined index: title D:\WWW\SIRzhouHome\Blog\Runtime\Cache\Home\a67186ba50fdb030aaa95e12cc1b51b5.php 第 86 行.
NOTIC: [8] Undefined index: title D:\WWW\SIRzhouHome\Blog\Runtime\Cache\Home\a67186ba50fdb030aaa95e12cc1b51b5.php 第 86 行.
INFO: Run Behavior\ParseTemplateBehavior [ RunTime:0.081579s ]
INFO: [ view_parse ] --END-- [ RunTime:0.082488s ]
INFO: [ view_filter ] --START--
INFO: Run Behavior\WriteHtmlCacheBehavior [ RunTime:0.000739s ]
INFO: [ view_filter ] --END-- [ RunTime:0.001126s ]
INFO: [ app_end ] --START--
INFO: Run Behavior\ShowPageTraceBehavior [ RunTime:0.001052s ]
INFO: [ app_end ] --END-- [ RunTime:0.001456s ]

